<?xml version="1.0" encoding="UTF-8"?>
<!-- Generated by org.testng.reporters.JUnitXMLReporter -->
<testsuite ignored="11" hostname="BLLWYZABHIJITH" failures="0" tests="3" name="Default test" time="16.883" errors="0" timestamp="2025-11-03T15:22:12 IST">
  <testcase classname="com.advaita.TestTable.TestDataSetTable" name="navigateToDatasetPageAndVerify" time="1.929"/>
  <testcase classname="com.advaita.TestTable.TestDataSetTable" name="searchDataSetManualley" time="1.983"/>
  <testcase classname="com.advaita.TestTable.TestDataSetTable" name="testIsMask" time="2.083"/>
  <testcase classname="com.advaita.TestTable.TestDataSetTable" name="archiveDataSetFromUnArchiveTab" time="0.0">
    <ignored/>
  </testcase> <!-- archiveDataSetFromUnArchiveTab -->
  <testcase classname="com.advaita.TestTable.TestDataSetTable" name="testArchiveMultipleDataSet" time="0.0">
    <ignored/>
  </testcase> <!-- testArchiveMultipleDataSet -->
  <testcase classname="com.advaita.TestTable.TestDataSetTable" name="unArchiveDataSetFromArchiveTab" time="0.0">
    <ignored/>
  </testcase> <!-- unArchiveDataSetFromArchiveTab -->
  <testcase classname="com.advaita.TestTable.TestDataSetTable" name="testUnArchiveMultipleDataSet" time="0.0">
    <ignored/>
  </testcase> <!-- testUnArchiveMultipleDataSet -->
  <testcase classname="com.advaita.TestTable.TestDataSetTable" name="navigateToUnarchiveDataSet" time="0.0">
    <ignored/>
  </testcase> <!-- navigateToUnarchiveDataSet -->
  <testcase classname="com.advaita.TestTable.TestDataSetTable" name="testDeleteFunction" time="0.0">
    <ignored/>
  </testcase> <!-- testDeleteFunction -->
  <testcase classname="com.advaita.TestTable.TestDataSetTable" name="navigateToArchiveDataSet" time="0.0">
    <ignored/>
  </testcase> <!-- navigateToArchiveDataSet -->
  <testcase classname="com.advaita.TestTable.TestDataSetTable" name="testDeleteDatsetFromArchiveAndUnariveTab" time="0.0">
    <ignored/>
  </testcase> <!-- testDeleteDatsetFromArchiveAndUnariveTab -->
  <testcase classname="com.advaita.TestTable.TestDataSetTable" name="searchDataSetRandomely" time="0.0">
    <ignored/>
  </testcase> <!-- searchDataSetRandomely -->
  <testcase classname="com.advaita.TestTable.TestDataSetTable" name="verifydataSetTablePage" time="0.0">
    <ignored/>
  </testcase> <!-- verifydataSetTablePage -->
  <testcase classname="com.advaita.TestTable.TestDataSetTable" name="searchDataSetPartialName" time="0.0">
    <ignored/>
  </testcase> <!-- searchDataSetPartialName -->
</testsuite> <!-- Default test -->
