<?xml version="1.0" encoding="UTF-8"?>
<!-- Generated by org.testng.reporters.JUnitXMLReporter -->
<testsuite ignored="4" hostname="BLLTESTGOPAL" failures="0" tests="5" name="Default test" time="139.326" errors="0" timestamp="2025-02-10T17:50:20 IST">
  <testcase classname="com.advaita.TestCreate.TestManualAllocation" name="verifyProcessCreate" time="13.325"/>
  <testcase classname="com.advaita.TestCreate.TestManualAllocation" name="verifyAutoGenerateQuestionCreateNewDatasetWithSpecifyingType" time="61.826"/>
  <testcase classname="com.advaita.TestCreate.TestManualAllocation" name="verifynewCreateMetaData" time="13.229"/>
  <testcase classname="com.advaita.TestCreate.TestManualAllocation" name="verifyCreateManualUpload" time="18.87"/>
  <testcase classname="com.advaita.TestCreate.TestManualAllocation" name="verifyStageCreate" time="21.321"/>
  <testcase classname="com.advaita.TestCreate.TestManualAllocation" name="verifyCreateNonMeasurable" time="0.0">
    <ignored/>
  </testcase> <!-- verifyCreateNonMeasurable -->
  <testcase classname="com.advaita.TestCreate.TestManualAllocation" name="verifyUserCreateAndUserMapping" time="0.0">
    <ignored/>
  </testcase> <!-- verifyUserCreateAndUserMapping -->
  <testcase classname="com.advaita.TestCreate.TestManualAllocation" name="verifyCreateSamplingPlan" time="0.0">
    <ignored/>
  </testcase> <!-- verifyCreateSamplingPlan -->
  <testcase classname="com.advaita.TestCreate.TestManualAllocation" name="verifyManualAllocationCreate" time="0.0">
    <ignored/>
  </testcase> <!-- verifyManualAllocationCreate -->
</testsuite> <!-- Default test -->
