<?xml version="1.0" encoding="UTF-8"?>
<!-- Generated by org.testng.reporters.JUnitReportReporter -->
<testsuite hostname="BLLWYZABHIJITH" failures="0" tests="28" name="com.advaita.TestTable.TestProcessTable" time="8.229" errors="0" timestamp="2025-10-29T15:23:52 IST" skipped="1">
  <testcase classname="com.advaita.TestTable.TestProcessTable" name="testDataProvider" time="0.260"/>
  <testcase classname="com.advaita.TestTable.TestProcessTable" name="testDataProvider" time="0.144"/>
  <testcase classname="com.advaita.TestTable.TestProcessTable" name="testDataProvider" time="0.393"/>
  <testcase classname="com.advaita.TestTable.TestProcessTable" name="testDataProvider" time="0.363"/>
  <testcase classname="com.advaita.TestTable.TestProcessTable" name="testDataProvider" time="0.247"/>
  <testcase classname="com.advaita.TestTable.TestProcessTable" name="testDataProvider" time="0.334"/>
  <testcase classname="com.advaita.TestTable.TestProcessTable" name="testDataProvider" time="0.190"/>
  <testcase classname="com.advaita.TestTable.TestProcessTable" name="testDataProvider" time="0.415"/>
  <testcase classname="com.advaita.TestTable.TestProcessTable" name="testDataProvider" time="0.143"/>
  <testcase classname="com.advaita.TestTable.TestProcessTable" name="testDataProvider" time="0.233"/>
  <testcase classname="com.advaita.TestTable.TestProcessTable" name="testDataProvider" time="0.455"/>
  <testcase classname="com.advaita.TestTable.TestProcessTable" name="testDataProvider" time="0.477"/>
  <testcase classname="com.advaita.TestTable.TestProcessTable" name="testDataProvider" time="0.342"/>
  <testcase classname="com.advaita.TestTable.TestProcessTable" name="testDataProvider" time="0.274"/>
  <testcase classname="com.advaita.TestTable.TestProcessTable" name="testDataProvider" time="0.247"/>
  <testcase classname="com.advaita.TestTable.TestProcessTable" name="testDataProvider" time="0.241"/>
  <testcase classname="com.advaita.TestTable.TestProcessTable" name="testDataProvider" time="0.113"/>
  <testcase classname="com.advaita.TestTable.TestProcessTable" name="testDataProvider" time="0.213"/>
  <testcase classname="com.advaita.TestTable.TestProcessTable" name="testDataProvider" time="0.185"/>
  <testcase classname="com.advaita.TestTable.TestProcessTable" name="testDataProvider" time="0.212"/>
  <testcase classname="com.advaita.TestTable.TestProcessTable" name="testDataProvider" time="0.207"/>
  <testcase classname="com.advaita.TestTable.TestProcessTable" name="testDataProvider" time="0.142"/>
  <testcase classname="com.advaita.TestTable.TestProcessTable" name="NaviageToProcessManagementPage" time="0.993"/>
  <testcase classname="com.advaita.TestTable.TestProcessTable" name="testDataProvider" time="0.302"/>
  <testcase classname="com.advaita.TestTable.TestProcessTable" name="testDataProvider" time="0.469"/>
  <testcase classname="com.advaita.TestTable.TestProcessTable" name="testDataProvider" time="0.424"/>
  <testcase classname="com.advaita.TestTable.TestProcessTable" name="testDataProvider" time="0.211"/>
  <testcase classname="com.advaita.TestTable.TestProcessTable" name="verifyTheUserIsAbleTotoDeleteall">
    <skipped/>
  </testcase> <!-- verifyTheUserIsAbleTotoDeleteall -->
</testsuite> <!-- com.advaita.TestTable.TestProcessTable -->
