<?xml version="1.0" encoding="UTF-8"?>
<!-- Generated by org.testng.reporters.JUnitReportReporter -->
<testsuite hostname="BLLWYZABHIJITH" failures="0" tests="2" name="com.advaita.TestTable.TestValidationStatsuReport" time="22.614" errors="0" timestamp="2025-07-24T17:14:58 IST" skipped="0">
  <testcase classname="com.advaita.TestTable.TestValidationStatsuReport" name="verifyTheUserIsAbleToSearchManuallySelectingProcesandStages" time="22.073"/>
  <testcase classname="com.advaita.TestTable.TestValidationStatsuReport" name="verifyTheUserIsAbleToNavigte" time="0.541"/>
</testsuite> <!-- com.advaita.TestTable.TestValidationStatsuReport -->
