<?xml version="1.0" encoding="UTF-8"?>
<!-- Generated by org.testng.reporters.JUnitReportReporter -->
<testsuite hostname="BLLWYZABHIJITH" failures="0" tests="3" name="com.advaita.TestClass.EmailTemplateTest" time="4.527" errors="0" timestamp="2025-06-27T16:45:23 IST" skipped="0">
  <testcase classname="com.advaita.TestClass.EmailTemplateTest" name="verifyTheUserIsAbleToNavigateEmailTemplate" time="0.453"/>
  <testcase classname="com.advaita.TestClass.EmailTemplateTest" name="verifyTheUserIsAbleToNaviagteCreateEmailtemplatePages" time="0.804"/>
  <testcase classname="com.advaita.TestClass.EmailTemplateTest" name="verfiyTheUserIsabletoCreateEmailtemplate" time="3.270"/>
</testsuite> <!-- com.advaita.TestClass.EmailTemplateTest -->
