<?xml version="1.0" encoding="UTF-8"?>
<!-- Generated by org.testng.reporters.JUnitReportReporter -->
<testsuite hostname="BLLWYZABHIJITH" failures="0" tests="3" name="com.advaita.TestClass.EmailTemplateTest" time="39.772" errors="0" timestamp="2025-07-10T11:47:56 IST" skipped="0">
  <testcase classname="com.advaita.TestClass.EmailTemplateTest" name="verifyTheUserIsAbleToNavigateEmailTemplate" time="0.548"/>
  <testcase classname="com.advaita.TestClass.EmailTemplateTest" name="verifyTheUserIsAbleToNaviagteCreateEmailtemplatePages" time="0.759"/>
  <testcase classname="com.advaita.TestClass.EmailTemplateTest" name="verfiyTheUserIsabletoCreateEmailtemplateManuaally" time="38.465"/>
</testsuite> <!-- com.advaita.TestClass.EmailTemplateTest -->
