<?xml version="1.0" encoding="UTF-8"?>
<!-- Generated by org.testng.reporters.JUnitReportReporter -->
<testsuite hostname="BLLWYZABHIJITH" failures="0" tests="5" name="com.advaita.TestCreate.TestMenusSetupCreate" time="3.075" errors="0" timestamp="2025-06-13T12:38:39 IST" skipped="3">
  <testcase classname="com.advaita.TestCreate.TestMenusSetupCreate" name="VerifyTheUserIsAbleToNavigateMenuSetup" time="0.496"/>
  <testcase classname="com.advaita.TestCreate.TestMenusSetupCreate" name="displayNameEdit" time="2.579"/>
  <testcase classname="com.advaita.TestCreate.TestMenusSetupCreate" name="verifyTheUSerisableToSearchByFormNameByRandom">
    <skipped/>
  </testcase> <!-- verifyTheUSerisableToSearchByFormNameByRandom -->
  <testcase classname="com.advaita.TestCreate.TestMenusSetupCreate" name="verifyTheUsersearchByDefaultNameRandom">
    <skipped/>
  </testcase> <!-- verifyTheUsersearchByDefaultNameRandom -->
  <testcase classname="com.advaita.TestCreate.TestMenusSetupCreate" name="nverifyTheUserSearchByDisplayNameRandom">
    <skipped/>
  </testcase> <!-- nverifyTheUserSearchByDisplayNameRandom -->
</testsuite> <!-- com.advaita.TestCreate.TestMenusSetupCreate -->
