<?xml version="1.0" encoding="UTF-8"?>
<!-- Generated by org.testng.reporters.JUnitReportReporter -->
<testsuite hostname="BLLWYZABHIJITH" failures="0" tests="26" name="com.advaita.TestCreate.TestMasterFormsCreate" time="12.457" errors="1" timestamp="2025-03-21T14:47:40 IST" skipped="25">
  <testcase classname="com.advaita.TestCreate.TestMasterFormsCreate" name="setUp" time="12.457">
    <error message="Error communicating with the remote browser. It may have died.
Build info: version: &#039;4.25.0&#039;, revision: &#039;8a8aea2337&#039;
System info: os.name: &#039;Windows 11&#039;, os.arch: &#039;amd64&#039;, os.version: &#039;10.0&#039;, java.version: &#039;17.0.11&#039;
Driver info: org.openqa.selenium.chrome.ChromeDriver
Command: [7166943e90e8ecb48e497e132cf42ecd, findElement [using, value]]
Capabilities {acceptInsecureCerts: false, browserName: chrome, browserVersion: 133.0.6943.142, chrome: {chromedriverVersion: 133.0.6943.141 (2a5d6da0d61..., userDataDir: C:\Users\W2378\AppData\Loca...}, fedcm:accounts: true, goog:chromeOptions: {debuggerAddress: localhost:55650}, networkConnectionEnabled: false, pageLoadStrategy: normal, platformName: windows, proxy: Proxy(), se:cdp: ws://localhost:55650/devtoo..., se:cdpVersion: 133.0.6943.142, setWindowRect: true, strictFileInteractability: false, timeouts: {implicit: 0, pageLoad: 300000, script: 30000}, unhandledPromptBehavior: dismiss and notify, webauthn:extension:credBlob: true, webauthn:extension:largeBlob: true, webauthn:extension:minPinLength: true, webauthn:extension:prf: true, webauthn:virtualAuthenticators: true}
Session ID: 7166943e90e8ecb48e497e132cf42ecd" type="org.openqa.selenium.remote.UnreachableBrowserException">
      <![CDATA[org.openqa.selenium.remote.UnreachableBrowserException: Error communicating with the remote browser. It may have died.
Build info: version: '4.25.0', revision: '8a8aea2337'
System info: os.name: 'Windows 11', os.arch: 'amd64', os.version: '10.0', java.version: '17.0.11'
Driver info: org.openqa.selenium.chrome.ChromeDriver
Command: [7166943e90e8ecb48e497e132cf42ecd, findElement [using, value]]
Capabilities {acceptInsecureCerts: false, browserName: chrome, browserVersion: 133.0.6943.142, chrome: {chromedriverVersion: 133.0.6943.141 (2a5d6da0d61..., userDataDir: C:\Users\W2378\AppData\Loca...}, fedcm:accounts: true, goog:chromeOptions: {debuggerAddress: localhost:55650}, networkConnectionEnabled: false, pageLoadStrategy: normal, platformName: windows, proxy: Proxy(), se:cdp: ws://localhost:55650/devtoo..., se:cdpVersion: 133.0.6943.142, setWindowRect: true, strictFileInteractability: false, timeouts: {implicit: 0, pageLoad: 300000, script: 30000}, unhandledPromptBehavior: dismiss and notify, webauthn:extension:credBlob: true, webauthn:extension:largeBlob: true, webauthn:extension:minPinLength: true, webauthn:extension:prf: true, webauthn:virtualAuthenticators: true}
Session ID: 7166943e90e8ecb48e497e132cf42ecd
at org.openqa.selenium.remote.RemoteWebDriver.execute(RemoteWebDriver.java:572)
at org.openqa.selenium.remote.ElementLocation$ElementFinder$2.findElement(ElementLocation.java:165)
at org.openqa.selenium.remote.ElementLocation.findElement(ElementLocation.java:66)
at org.openqa.selenium.remote.RemoteWebDriver.findElement(RemoteWebDriver.java:368)
at org.openqa.selenium.remote.RemoteWebDriver.findElement(RemoteWebDriver.java:362)
at org.openqa.selenium.support.pagefactory.DefaultElementLocator.findElement(DefaultElementLocator.java:68)
at org.openqa.selenium.support.pagefactory.internal.LocatingElementHandler.invoke(LocatingElementHandler.java:38)
at jdk.proxy2/jdk.proxy2.$Proxy17.clear(Unknown Source)
at com.advaita.Login.Home.LoginPage.login(LoginPage.java:59)
at com.advaita.TestCreate.TestMasterFormsCreate.setUp(TestMasterFormsCreate.java:43)
at java.base/jdk.internal.reflect.NativeMethodAccessorImpl.invoke0(Native Method)
at java.base/jdk.internal.reflect.NativeMethodAccessorImpl.invoke(NativeMethodAccessorImpl.java:77)
at java.base/jdk.internal.reflect.DelegatingMethodAccessorImpl.invoke(DelegatingMethodAccessorImpl.java:43)
at java.base/java.lang.reflect.Method.invoke(Method.java:568)
at org.testng.internal.invokers.MethodInvocationHelper.invokeMethod(MethodInvocationHelper.java:141)
at org.testng.internal.invokers.MethodInvocationHelper.invokeMethodConsideringTimeout(MethodInvocationHelper.java:71)
at org.testng.internal.invokers.ConfigInvoker.invokeConfigurationMethod(ConfigInvoker.java:400)
at org.testng.internal.invokers.ConfigInvoker.invokeConfigurations(ConfigInvoker.java:333)
at org.testng.TestRunner.invokeTestConfigurations(TestRunner.java:655)
at org.testng.TestRunner.beforeRun(TestRunner.java:644)
at org.testng.TestRunner.run(TestRunner.java:610)
at org.testng.SuiteRunner.runTest(SuiteRunner.java:421)
at org.testng.SuiteRunner.runSequentially(SuiteRunner.java:413)
at org.testng.SuiteRunner.privateRun(SuiteRunner.java:373)
at org.testng.SuiteRunner.run(SuiteRunner.java:312)
at org.testng.SuiteRunnerWorker.runSuite(SuiteRunnerWorker.java:52)
at org.testng.SuiteRunnerWorker.run(SuiteRunnerWorker.java:95)
at org.testng.TestNG.runSuitesSequentially(TestNG.java:1274)
at org.testng.TestNG.runSuitesLocally(TestNG.java:1208)
at org.testng.TestNG.runSuites(TestNG.java:1112)
at org.testng.TestNG.run(TestNG.java:1079)
at org.testng.remote.AbstractRemoteTestNG.run(AbstractRemoteTestNG.java:115)
at org.testng.remote.RemoteTestNG.initAndRun(RemoteTestNG.java:293)
at org.testng.remote.RemoteTestNG.main(RemoteTestNG.java:91)
Caused by: java.io.UncheckedIOException: java.io.IOException: HTTP/1.1 header parser received no bytes
at org.openqa.selenium.remote.http.jdk.JdkHttpClient.execute0(JdkHttpClient.java:458)
at org.openqa.selenium.remote.http.AddSeleniumUserAgent.lambda$apply$0(AddSeleniumUserAgent.java:42)
at org.openqa.selenium.remote.http.Filter.lambda$andFinally$1(Filter.java:55)
at org.openqa.selenium.remote.http.jdk.JdkHttpClient.execute(JdkHttpClient.java:374)
at org.openqa.selenium.remote.HttpCommandExecutor.execute(HttpCommandExecutor.java:187)
at org.openqa.selenium.remote.service.DriverCommandExecutor.invokeExecute(DriverCommandExecutor.java:216)
at org.openqa.selenium.remote.service.DriverCommandExecutor.execute(DriverCommandExecutor.java:174)
at org.openqa.selenium.remote.RemoteWebDriver.execute(RemoteWebDriver.java:545)
... 33 more
Caused by: java.io.IOException: HTTP/1.1 header parser received no bytes
at java.net.http/jdk.internal.net.http.common.Utils.wrapWithExtraDetail(Utils.java:348)
at java.net.http/jdk.internal.net.http.Http1Response$HeadersReader.onReadError(Http1Response.java:675)
at java.net.http/jdk.internal.net.http.Http1AsyncReceiver.checkForErrors(Http1AsyncReceiver.java:302)
at java.net.http/jdk.internal.net.http.Http1AsyncReceiver.flush(Http1AsyncReceiver.java:268)
at java.net.http/jdk.internal.net.http.common.SequentialScheduler$LockingRestartableTask.run(SequentialScheduler.java:205)
at java.net.http/jdk.internal.net.http.common.SequentialScheduler$CompleteRestartableTask.run(SequentialScheduler.java:149)
at java.net.http/jdk.internal.net.http.common.SequentialScheduler$SchedulableTask.run(SequentialScheduler.java:230)
at java.base/java.util.concurrent.ThreadPoolExecutor.runWorker(ThreadPoolExecutor.java:1136)
at java.base/java.util.concurrent.ThreadPoolExecutor$Worker.run(ThreadPoolExecutor.java:635)
at java.base/java.lang.Thread.run(Thread.java:840)
Caused by: java.net.SocketException: Connection reset
at java.base/sun.nio.ch.SocketChannelImpl.throwConnectionReset(SocketChannelImpl.java:394)
at java.base/sun.nio.ch.SocketChannelImpl.read(SocketChannelImpl.java:426)
at java.net.http/jdk.internal.net.http.SocketTube.readAvailable(SocketTube.java:1170)
at java.net.http/jdk.internal.net.http.SocketTube$InternalReadPublisher$InternalReadSubscription.read(SocketTube.java:833)
at java.net.http/jdk.internal.net.http.SocketTube$SocketFlowTask.run(SocketTube.java:181)
at java.net.http/jdk.internal.net.http.common.SequentialScheduler$SchedulableTask.run(SequentialScheduler.java:230)
at java.net.http/jdk.internal.net.http.common.SequentialScheduler.runOrSchedule(SequentialScheduler.java:303)
at java.net.http/jdk.internal.net.http.common.SequentialScheduler.runOrSchedule(SequentialScheduler.java:256)
at java.net.http/jdk.internal.net.http.SocketTube$InternalReadPublisher$InternalReadSubscription.signalReadable(SocketTube.java:774)
at java.net.http/jdk.internal.net.http.SocketTube$InternalReadPublisher$ReadEvent.signalEvent(SocketTube.java:957)
at java.net.http/jdk.internal.net.http.SocketTube$SocketFlowEvent.handle(SocketTube.java:253)
at java.net.http/jdk.internal.net.http.HttpClientImpl$SelectorManager.handleEvent(HttpClientImpl.java:979)
at java.net.http/jdk.internal.net.http.HttpClientImpl$SelectorManager.lambda$run$3(HttpClientImpl.java:934)
at java.base/java.util.ArrayList.forEach(ArrayList.java:1511)
at java.net.http/jdk.internal.net.http.HttpClientImpl$SelectorManager.run(HttpClientImpl.java:934)
]]>
    </error>
  </testcase> <!-- setUp -->
  <testcase classname="com.advaita.TestCreate.TestMasterFormsCreate" name="verifyNavigationToProcessAndFetch" time="0.000">
    <skipped/>
  </testcase> <!-- verifyNavigationToProcessAndFetch -->
  <testcase classname="com.advaita.TestCreate.TestMasterFormsCreate" name="verifyNavigationToFieldSet2" time="0.000">
    <skipped/>
  </testcase> <!-- verifyNavigationToFieldSet2 -->
  <testcase classname="com.advaita.TestCreate.TestMasterFormsCreate" name="verifyGetFieldSetSection1QuestionsForComparision" time="0.000">
    <skipped/>
  </testcase> <!-- verifyGetFieldSetSection1QuestionsForComparision -->
  <testcase classname="com.advaita.TestCreate.TestMasterFormsCreate" name="verifyGetFieldSetSection2QuestionsForComparision" time="0.000">
    <skipped/>
  </testcase> <!-- verifyGetFieldSetSection2QuestionsForComparision -->
  <testcase classname="com.advaita.TestCreate.TestMasterFormsCreate" name="verifyGetFieldSetSection3TableQuestionsForComparision" time="0.000">
    <skipped/>
  </testcase> <!-- verifyGetFieldSetSection3TableQuestionsForComparision -->
  <testcase classname="com.advaita.TestCreate.TestMasterFormsCreate" name="verifyGetFieldSetSection1QuestionsType" time="0.000">
    <skipped/>
  </testcase> <!-- verifyGetFieldSetSection1QuestionsType -->
  <testcase classname="com.advaita.TestCreate.TestMasterFormsCreate" name="verifyGetFieldSetSection2QuestionsType" time="0.000">
    <skipped/>
  </testcase> <!-- verifyGetFieldSetSection2QuestionsType -->
  <testcase classname="com.advaita.TestCreate.TestMasterFormsCreate" name="verifyGetFieldSetSection3QuestionsType" time="0.000">
    <skipped/>
  </testcase> <!-- verifyGetFieldSetSection3QuestionsType -->
  <testcase classname="com.advaita.TestCreate.TestMasterFormsCreate" name="verifyNavigateToMasterForm" time="0.000">
    <skipped/>
  </testcase> <!-- verifyNavigateToMasterForm -->
  <testcase classname="com.advaita.TestCreate.TestMasterFormsCreate" name="verifyCreateButtonMasterForm" time="0.000">
    <skipped/>
  </testcase> <!-- verifyCreateButtonMasterForm -->
  <testcase classname="com.advaita.TestCreate.TestMasterFormsCreate" name="verifyFormNameField" time="0.000">
    <skipped/>
  </testcase> <!-- verifyFormNameField -->
  <testcase classname="com.advaita.TestCreate.TestMasterFormsCreate" name="verifyProcessDropdown" time="0.000">
    <skipped/>
  </testcase> <!-- verifyProcessDropdown -->
  <testcase classname="com.advaita.TestCreate.TestMasterFormsCreate" name="verifySubProcessDropdown" time="0.000">
    <skipped/>
  </testcase> <!-- verifySubProcessDropdown -->
  <testcase classname="com.advaita.TestCreate.TestMasterFormsCreate" name="verifySubSubProcessDropdown" time="0.000">
    <skipped/>
  </testcase> <!-- verifySubSubProcessDropdown -->
  <testcase classname="com.advaita.TestCreate.TestMasterFormsCreate" name="verifyprimarySection" time="0.000">
    <skipped/>
  </testcase> <!-- verifyprimarySection -->
  <testcase classname="com.advaita.TestCreate.TestMasterFormsCreate" name="verifyPrimarySectionFormFill" time="0.000">
    <skipped/>
  </testcase> <!-- verifyPrimarySectionFormFill -->
  <testcase classname="com.advaita.TestCreate.TestMasterFormsCreate" name="verifyPrimarySection2FormFill" time="0.000">
    <skipped/>
  </testcase> <!-- verifyPrimarySection2FormFill -->
  <testcase classname="com.advaita.TestCreate.TestMasterFormsCreate" name="verifyPrimarySection3FormFill" time="0.000">
    <skipped/>
  </testcase> <!-- verifyPrimarySection3FormFill -->
  <testcase classname="com.advaita.TestCreate.TestMasterFormsCreate" name="verifySaveButton" time="0.000">
    <skipped/>
  </testcase> <!-- verifySaveButton -->
  <testcase classname="com.advaita.TestCreate.TestMasterFormsCreate" name="verifyFinalizeMasterFormInEditPage" time="0.000">
    <skipped/>
  </testcase> <!-- verifyFinalizeMasterFormInEditPage -->
  <testcase classname="com.advaita.TestCreate.TestMasterFormsCreate" name="verifyDataSetValidationAfterCreationOfMasterForm" time="0.000">
    <skipped/>
  </testcase> <!-- verifyDataSetValidationAfterCreationOfMasterForm -->
  <testcase classname="com.advaita.TestCreate.TestMasterFormsCreate" name="verifyMetaDataValidationAfterCreationOfMasterForm" time="0.000">
    <skipped/>
  </testcase> <!-- verifyMetaDataValidationAfterCreationOfMasterForm -->
  <testcase classname="com.advaita.TestCreate.TestMasterFormsCreate" name="verifyMasterFieldsAfterCreationOfMasterForm" time="0.000">
    <skipped/>
  </testcase> <!-- verifyMasterFieldsAfterCreationOfMasterForm -->
  <testcase classname="com.advaita.TestCreate.TestMasterFormsCreate" name="verifyMasterFillterAfterCreationOfMasterFields" time="0.000">
    <skipped/>
  </testcase> <!-- verifyMasterFillterAfterCreationOfMasterFields -->
  <testcase classname="com.advaita.TestCreate.TestMasterFormsCreate" name="validationsAfterMasterFilterAndMasterFields" time="0.000">
    <skipped/>
  </testcase> <!-- validationsAfterMasterFilterAndMasterFields -->
</testsuite> <!-- com.advaita.TestCreate.TestMasterFormsCreate -->
