<?xml version="1.0" encoding="UTF-8"?>
<!-- Generated by org.testng.reporters.JUnitReportReporter -->
<testsuite hostname="BLLWYZABHIJITH" failures="0" tests="2" name="com.SiteSettings.Test.TestSiteSettings" time="3.928" errors="0" timestamp="2025-06-10T12:24:13 IST" skipped="0">
  <testcase classname="com.SiteSettings.Test.TestSiteSettings" name="verifyTheHeightAndWidthOFTheSecondaryLogoAfterPreviewandSave" time="2.100"/>
  <testcase classname="com.SiteSettings.Test.TestSiteSettings" name="verifyTheUserIsAbleToNavigateSiteSettingPage" time="1.828"/>
</testsuite> <!-- com.SiteSettings.Test.TestSiteSettings -->
