<?xml version="1.0" encoding="UTF-8"?>
<testng-results ignored="0" total="1" passed="1" failed="0" skipped="0">
  <reporter-output>
  </reporter-output>
  <suite started-at="2024-10-21T16:40:09 IST" name="Default suite" finished-at="2024-10-21T16:40:30 IST" duration-ms="21093">
    <groups>
    </groups>
    <test started-at="2024-10-21T16:40:09 IST" name="Default test" finished-at="2024-10-21T16:40:30 IST" duration-ms="21093">
      <class name="com.advaita.TestCreate.TestReAllocationCreate">
        <test-method is-config="true" signature="setUp()[pri:0, instance:com.advaita.TestCreate.TestReAllocationCreate@64a8c844]" started-at="2024-10-21T16:40:09 IST" name="setUp" finished-at="2024-10-21T16:40:16 IST" duration-ms="7073" status="PASS">
          <reporter-output>
          </reporter-output>
        </test-method> <!-- setUp -->
        <test-method signature="verifyReAllocationCreate()[pri:10, instance:com.advaita.TestCreate.TestReAllocationCreate@64a8c844]" started-at="2024-10-21T16:40:16 IST" name="verifyReAllocationCreate" finished-at="2024-10-21T16:40:30 IST" duration-ms="13936" status="PASS">
          <reporter-output>
          </reporter-output>
        </test-method> <!-- verifyReAllocationCreate -->
      </class> <!-- com.advaita.TestCreate.TestReAllocationCreate -->
    </test> <!-- Default test -->
  </suite> <!-- Default suite -->
</testng-results>
