<?xml version="1.0" encoding="UTF-8"?>
<testng-results ignored="0" total="11" passed="10" failed="1" skipped="0">
  <reporter-output>
  </reporter-output>
  <suite started-at="2024-07-16T16:05:36 IST" name="Default suite" finished-at="2024-07-16T16:06:28 IST" duration-ms="52393">
    <groups>
    </groups>
    <test started-at="2024-07-16T16:05:36 IST" name="Default test" finished-at="2024-07-16T16:06:28 IST" duration-ms="52393">
      <class name="com.advaita.TestCreate.TestStagesCreate">
        <test-method is-config="true" signature="setUp()[pri:0, instance:com.advaita.TestCreate.TestStagesCreate@a72925]" started-at="2024-07-16T16:05:36 IST" name="setUp" finished-at="2024-07-16T16:05:49 IST" duration-ms="12589" status="PASS">
          <reporter-output>
          </reporter-output>
        </test-method> <!-- setUp -->
        <test-method signature="navigateFetchRecord()[pri:4, instance:com.advaita.TestCreate.TestStagesCreate@a72925]" started-at="2024-07-16T16:05:49 IST" name="navigateFetchRecord" finished-at="2024-07-16T16:06:01 IST" duration-ms="12279" status="PASS">
          <reporter-output>
          </reporter-output>
        </test-method> <!-- navigateFetchRecord -->
        <test-method is-config="true" signature="getResult(org.testng.ITestResult)[pri:0, instance:com.advaita.TestCreate.TestStagesCreate@a72925]" started-at="2024-07-16T16:06:01 IST" name="getResult" finished-at="2024-07-16T16:06:02 IST" duration-ms="1157" status="PASS">
          <params>
            <param index="0">
              <value>
                <![CDATA[[TestResult name=navigateFetchRecord status=SUCCESS method=TestStagesCreate.navigateFetchRecord()[pri:4, instance:com.advaita.TestCreate.TestStagesCreate@a72925] output={null}]]]>
              </value>
            </param>
          </params>
          <reporter-output>
          </reporter-output>
        </test-method> <!-- getResult -->
        <test-method signature="VerifyStagesTabIsDisplayed()[pri:5, instance:com.advaita.TestCreate.TestStagesCreate@a72925]" started-at="2024-07-16T16:06:02 IST" name="VerifyStagesTabIsDisplayed" finished-at="2024-07-16T16:06:02 IST" duration-ms="110" status="PASS">
          <reporter-output>
          </reporter-output>
        </test-method> <!-- VerifyStagesTabIsDisplayed -->
        <test-method is-config="true" signature="getResult(org.testng.ITestResult)[pri:0, instance:com.advaita.TestCreate.TestStagesCreate@a72925]" started-at="2024-07-16T16:06:02 IST" name="getResult" finished-at="2024-07-16T16:06:02 IST" duration-ms="40" status="PASS">
          <params>
            <param index="0">
              <value>
                <![CDATA[[TestResult name=VerifyStagesTabIsDisplayed status=SUCCESS method=TestStagesCreate.VerifyStagesTabIsDisplayed()[pri:5, instance:com.advaita.TestCreate.TestStagesCreate@a72925] output={null}]]]>
              </value>
            </param>
          </params>
          <reporter-output>
          </reporter-output>
        </test-method> <!-- getResult -->
        <test-method signature="verifyCreateStagesButton()[pri:6, instance:com.advaita.TestCreate.TestStagesCreate@a72925]" started-at="2024-07-16T16:06:02 IST" name="verifyCreateStagesButton" finished-at="2024-07-16T16:06:05 IST" duration-ms="2658" status="PASS">
          <reporter-output>
          </reporter-output>
        </test-method> <!-- verifyCreateStagesButton -->
        <test-method is-config="true" signature="getResult(org.testng.ITestResult)[pri:0, instance:com.advaita.TestCreate.TestStagesCreate@a72925]" started-at="2024-07-16T16:06:05 IST" name="getResult" finished-at="2024-07-16T16:06:05 IST" duration-ms="42" status="PASS">
          <params>
            <param index="0">
              <value>
                <![CDATA[[TestResult name=verifyCreateStagesButton status=SUCCESS method=TestStagesCreate.verifyCreateStagesButton()[pri:6, instance:com.advaita.TestCreate.TestStagesCreate@a72925] output={null}]]]>
              </value>
            </param>
          </params>
          <reporter-output>
          </reporter-output>
        </test-method> <!-- getResult -->
        <test-method signature="verifyStageNameTextBox()[pri:7, instance:com.advaita.TestCreate.TestStagesCreate@a72925]" started-at="2024-07-16T16:06:05 IST" name="verifyStageNameTextBox" finished-at="2024-07-16T16:06:05 IST" duration-ms="379" status="PASS">
          <reporter-output>
          </reporter-output>
        </test-method> <!-- verifyStageNameTextBox -->
        <test-method is-config="true" signature="getResult(org.testng.ITestResult)[pri:0, instance:com.advaita.TestCreate.TestStagesCreate@a72925]" started-at="2024-07-16T16:06:05 IST" name="getResult" finished-at="2024-07-16T16:06:05 IST" duration-ms="34" status="PASS">
          <params>
            <param index="0">
              <value>
                <![CDATA[[TestResult name=verifyStageNameTextBox status=SUCCESS method=TestStagesCreate.verifyStageNameTextBox()[pri:7, instance:com.advaita.TestCreate.TestStagesCreate@a72925] output={null}]]]>
              </value>
            </param>
          </params>
          <reporter-output>
          </reporter-output>
        </test-method> <!-- getResult -->
        <test-method signature="verifyStageSelectProcessDropDown()[pri:8, instance:com.advaita.TestCreate.TestStagesCreate@a72925]" started-at="2024-07-16T16:06:05 IST" name="verifyStageSelectProcessDropDown" finished-at="2024-07-16T16:06:07 IST" duration-ms="1649" status="PASS">
          <reporter-output>
          </reporter-output>
        </test-method> <!-- verifyStageSelectProcessDropDown -->
        <test-method is-config="true" signature="getResult(org.testng.ITestResult)[pri:0, instance:com.advaita.TestCreate.TestStagesCreate@a72925]" started-at="2024-07-16T16:06:07 IST" name="getResult" finished-at="2024-07-16T16:06:07 IST" duration-ms="135" status="PASS">
          <params>
            <param index="0">
              <value>
                <![CDATA[[TestResult name=verifyStageSelectProcessDropDown status=SUCCESS method=TestStagesCreate.verifyStageSelectProcessDropDown()[pri:8, instance:com.advaita.TestCreate.TestStagesCreate@a72925] output={null}]]]>
              </value>
            </param>
          </params>
          <reporter-output>
          </reporter-output>
        </test-method> <!-- getResult -->
        <test-method signature="verifyStageSelectSubProcessDropDown()[pri:10, instance:com.advaita.TestCreate.TestStagesCreate@a72925]" started-at="2024-07-16T16:06:07 IST" name="verifyStageSelectSubProcessDropDown" finished-at="2024-07-16T16:06:09 IST" duration-ms="1466" status="PASS">
          <reporter-output>
          </reporter-output>
        </test-method> <!-- verifyStageSelectSubProcessDropDown -->
        <test-method is-config="true" signature="getResult(org.testng.ITestResult)[pri:0, instance:com.advaita.TestCreate.TestStagesCreate@a72925]" started-at="2024-07-16T16:06:09 IST" name="getResult" finished-at="2024-07-16T16:06:09 IST" duration-ms="61" status="PASS">
          <params>
            <param index="0">
              <value>
                <![CDATA[[TestResult name=verifyStageSelectSubProcessDropDown status=SUCCESS method=TestStagesCreate.verifyStageSelectSubProcessDropDown()[pri:10, instance:com.advaita.TestCreate.TestStagesCreate@a72925] output={null}]]]>
              </value>
            </param>
          </params>
          <reporter-output>
          </reporter-output>
        </test-method> <!-- getResult -->
        <test-method signature="verifyStageSelectSubSubProcessDropDown()[pri:11, instance:com.advaita.TestCreate.TestStagesCreate@a72925]" started-at="2024-07-16T16:06:09 IST" name="verifyStageSelectSubSubProcessDropDown" finished-at="2024-07-16T16:06:10 IST" duration-ms="1372" status="PASS">
          <reporter-output>
          </reporter-output>
        </test-method> <!-- verifyStageSelectSubSubProcessDropDown -->
        <test-method is-config="true" signature="getResult(org.testng.ITestResult)[pri:0, instance:com.advaita.TestCreate.TestStagesCreate@a72925]" started-at="2024-07-16T16:06:10 IST" name="getResult" finished-at="2024-07-16T16:06:10 IST" duration-ms="37" status="PASS">
          <params>
            <param index="0">
              <value>
                <![CDATA[[TestResult name=verifyStageSelectSubSubProcessDropDown status=SUCCESS method=TestStagesCreate.verifyStageSelectSubSubProcessDropDown()[pri:11, instance:com.advaita.TestCreate.TestStagesCreate@a72925] output={null}]]]>
              </value>
            </param>
          </params>
          <reporter-output>
          </reporter-output>
        </test-method> <!-- getResult -->
        <test-method signature="verifyStageCalculationTypeDropDown()[pri:12, instance:com.advaita.TestCreate.TestStagesCreate@a72925]" started-at="2024-07-16T16:06:10 IST" name="verifyStageCalculationTypeDropDown" finished-at="2024-07-16T16:06:11 IST" duration-ms="312" status="PASS">
          <reporter-output>
          </reporter-output>
        </test-method> <!-- verifyStageCalculationTypeDropDown -->
        <test-method is-config="true" signature="getResult(org.testng.ITestResult)[pri:0, instance:com.advaita.TestCreate.TestStagesCreate@a72925]" started-at="2024-07-16T16:06:11 IST" name="getResult" finished-at="2024-07-16T16:06:11 IST" duration-ms="33" status="PASS">
          <params>
            <param index="0">
              <value>
                <![CDATA[[TestResult name=verifyStageCalculationTypeDropDown status=SUCCESS method=TestStagesCreate.verifyStageCalculationTypeDropDown()[pri:12, instance:com.advaita.TestCreate.TestStagesCreate@a72925] output={null}]]]>
              </value>
            </param>
          </params>
          <reporter-output>
          </reporter-output>
        </test-method> <!-- getResult -->
        <test-method signature="verifyAddSectionA()[pri:13, instance:com.advaita.TestCreate.TestStagesCreate@a72925]" started-at="2024-07-16T16:06:11 IST" name="verifyAddSectionA" finished-at="2024-07-16T16:06:17 IST" duration-ms="6441" status="PASS">
          <reporter-output>
          </reporter-output>
        </test-method> <!-- verifyAddSectionA -->
        <test-method is-config="true" signature="getResult(org.testng.ITestResult)[pri:0, instance:com.advaita.TestCreate.TestStagesCreate@a72925]" started-at="2024-07-16T16:06:17 IST" name="getResult" finished-at="2024-07-16T16:06:17 IST" duration-ms="122" status="PASS">
          <params>
            <param index="0">
              <value>
                <![CDATA[[TestResult name=verifyAddSectionA status=SUCCESS method=TestStagesCreate.verifyAddSectionA()[pri:13, instance:com.advaita.TestCreate.TestStagesCreate@a72925] output={null}]]]>
              </value>
            </param>
          </params>
          <reporter-output>
          </reporter-output>
        </test-method> <!-- getResult -->
        <test-method signature="verifySectionB_addBlock()[pri:14, instance:com.advaita.TestCreate.TestStagesCreate@a72925]" started-at="2024-07-16T16:06:17 IST" name="verifySectionB_addBlock" finished-at="2024-07-16T16:06:19 IST" duration-ms="1473" status="PASS">
          <reporter-output>
          </reporter-output>
        </test-method> <!-- verifySectionB_addBlock -->
        <test-method is-config="true" signature="getResult(org.testng.ITestResult)[pri:0, instance:com.advaita.TestCreate.TestStagesCreate@a72925]" started-at="2024-07-16T16:06:19 IST" name="getResult" finished-at="2024-07-16T16:06:19 IST" duration-ms="27" status="PASS">
          <params>
            <param index="0">
              <value>
                <![CDATA[[TestResult name=verifySectionB_addBlock status=SUCCESS method=TestStagesCreate.verifySectionB_addBlock()[pri:14, instance:com.advaita.TestCreate.TestStagesCreate@a72925] output={null}]]]>
              </value>
            </param>
          </params>
          <reporter-output>
          </reporter-output>
        </test-method> <!-- getResult -->
        <test-method signature="verifySelectMetaDataInAddBlockSectionB()[pri:15, instance:com.advaita.TestCreate.TestStagesCreate@a72925]" started-at="2024-07-16T16:06:19 IST" name="verifySelectMetaDataInAddBlockSectionB" finished-at="2024-07-16T16:06:20 IST" duration-ms="1312" status="FAIL">
          <exception class="org.openqa.selenium.StaleElementReferenceException">
            <message>
              <![CDATA[stale element reference: stale element not found in the current frame
  (Session info: chrome=126.0.6478.127)
For documentation on this error, please visit: https://www.selenium.dev/documentation/webdriver/troubleshooting/errors#stale-element-reference-exception
Build info: version: '4.19.1', revision: 'abe0ee07dc'
System info: os.name: 'Windows 10', os.arch: 'amd64', os.version: '10.0', java.version: '21.0.2'
Driver info: org.openqa.selenium.chrome.ChromeDriver
Command: [690fc518c89d8e58e692f2247790e396, isElementDisplayed {id=f.A13BBBC318ABCD9FDFA6D76F99332EB6.d.55A9AED13C43A142B134A13A2872212A.e.730}]
Capabilities {acceptInsecureCerts: false, browserName: chrome, browserVersion: 126.0.6478.127, chrome: {chromedriverVersion: 126.0.6478.126 (d36ace6122e..., userDataDir: C:\Users\W2129\AppData\Loca...}, fedcm:accounts: true, goog:chromeOptions: {debuggerAddress: localhost:64961}, networkConnectionEnabled: false, pageLoadStrategy: normal, platformName: windows, proxy: Proxy(), se:cdp: ws://localhost:64961/devtoo..., se:cdpVersion: 126.0.6478.127, setWindowRect: true, strictFileInteractability: false, timeouts: {implicit: 0, pageLoad: 300000, script: 30000}, unhandledPromptBehavior: dismiss and notify, webauthn:extension:credBlob: true, webauthn:extension:largeBlob: true, webauthn:extension:minPinLength: true, webauthn:extension:prf: true, webauthn:virtualAuthenticators: true}
Element: [[ChromeDriver: chrome on windows (690fc518c89d8e58e692f2247790e396)] -> xpath: //input[@name='sectionA_fieldname']]
Session ID: 690fc518c89d8e58e692f2247790e396]]>
            </message>
            <full-stacktrace>
              <![CDATA[org.openqa.selenium.StaleElementReferenceException: stale element reference: stale element not found in the current frame
  (Session info: chrome=126.0.6478.127)
For documentation on this error, please visit: https://www.selenium.dev/documentation/webdriver/troubleshooting/errors#stale-element-reference-exception
Build info: version: '4.19.1', revision: 'abe0ee07dc'
System info: os.name: 'Windows 10', os.arch: 'amd64', os.version: '10.0', java.version: '21.0.2'
Driver info: org.openqa.selenium.chrome.ChromeDriver
Command: [690fc518c89d8e58e692f2247790e396, isElementDisplayed {id=f.A13BBBC318ABCD9FDFA6D76F99332EB6.d.55A9AED13C43A142B134A13A2872212A.e.730}]
Capabilities {acceptInsecureCerts: false, browserName: chrome, browserVersion: 126.0.6478.127, chrome: {chromedriverVersion: 126.0.6478.126 (d36ace6122e..., userDataDir: C:\Users\W2129\AppData\Loca...}, fedcm:accounts: true, goog:chromeOptions: {debuggerAddress: localhost:64961}, networkConnectionEnabled: false, pageLoadStrategy: normal, platformName: windows, proxy: Proxy(), se:cdp: ws://localhost:64961/devtoo..., se:cdpVersion: 126.0.6478.127, setWindowRect: true, strictFileInteractability: false, timeouts: {implicit: 0, pageLoad: 300000, script: 30000}, unhandledPromptBehavior: dismiss and notify, webauthn:extension:credBlob: true, webauthn:extension:largeBlob: true, webauthn:extension:minPinLength: true, webauthn:extension:prf: true, webauthn:virtualAuthenticators: true}
Element: [[ChromeDriver: chrome on windows (690fc518c89d8e58e692f2247790e396)] -> xpath: //input[@name='sectionA_fieldname']]
Session ID: 690fc518c89d8e58e692f2247790e396
at java.base/jdk.internal.reflect.DirectConstructorHandleAccessor.newInstance(DirectConstructorHandleAccessor.java:62)
at java.base/java.lang.reflect.Constructor.newInstanceWithCaller(Constructor.java:502)
at java.base/java.lang.reflect.Constructor.newInstance(Constructor.java:486)
at org.openqa.selenium.remote.ErrorCodec.decode(ErrorCodec.java:167)
at org.openqa.selenium.remote.codec.w3c.W3CHttpResponseCodec.decode(W3CHttpResponseCodec.java:138)
at org.openqa.selenium.remote.codec.w3c.W3CHttpResponseCodec.decode(W3CHttpResponseCodec.java:50)
at org.openqa.selenium.remote.HttpCommandExecutor.execute(HttpCommandExecutor.java:190)
at org.openqa.selenium.remote.service.DriverCommandExecutor.invokeExecute(DriverCommandExecutor.java:216)
at org.openqa.selenium.remote.service.DriverCommandExecutor.execute(DriverCommandExecutor.java:174)
at org.openqa.selenium.remote.RemoteWebDriver.execute(RemoteWebDriver.java:518)
at org.openqa.selenium.remote.RemoteWebElement.execute(RemoteWebElement.java:223)
at org.openqa.selenium.remote.RemoteWebElement.isDisplayed(RemoteWebElement.java:282)
at org.openqa.selenium.support.ui.ExpectedConditions.elementIfVisible(ExpectedConditions.java:304)
at org.openqa.selenium.support.ui.ExpectedConditions$10.apply(ExpectedConditions.java:290)
at org.openqa.selenium.support.ui.ExpectedConditions$10.apply(ExpectedConditions.java:287)
at org.openqa.selenium.support.ui.ExpectedConditions$23.apply(ExpectedConditions.java:656)
at org.openqa.selenium.support.ui.ExpectedConditions$23.apply(ExpectedConditions.java:652)
at org.openqa.selenium.support.ui.FluentWait.until(FluentWait.java:203)
at com.advaita.WorkFlowDesign.PageObject.Stages.selectMetaDataInAddBlockSectionB(Stages.java:397)
at com.advaita.TestCreate.TestStagesCreate.verifySelectMetaDataInAddBlockSectionB(TestStagesCreate.java:186)
at java.base/jdk.internal.reflect.DirectMethodHandleAccessor.invoke(DirectMethodHandleAccessor.java:103)
at java.base/java.lang.reflect.Method.invoke(Method.java:580)
at org.testng.internal.MethodInvocationHelper.invokeMethod(MethodInvocationHelper.java:133)
at org.testng.internal.TestInvoker.invokeMethod(TestInvoker.java:598)
at org.testng.internal.TestInvoker.invokeTestMethod(TestInvoker.java:173)
at org.testng.internal.MethodRunner.runInSequence(MethodRunner.java:46)
at org.testng.internal.TestInvoker$MethodInvocationAgent.invoke(TestInvoker.java:824)
at org.testng.internal.TestInvoker.invokeTestMethods(TestInvoker.java:146)
at org.testng.internal.TestMethodWorker.invokeTestMethods(TestMethodWorker.java:146)
at org.testng.internal.TestMethodWorker.run(TestMethodWorker.java:128)
at java.base/java.util.ArrayList.forEach(ArrayList.java:1596)
at org.testng.TestRunner.privateRun(TestRunner.java:794)
at org.testng.TestRunner.run(TestRunner.java:596)
at org.testng.SuiteRunner.runTest(SuiteRunner.java:377)
at org.testng.SuiteRunner.runSequentially(SuiteRunner.java:371)
at org.testng.SuiteRunner.privateRun(SuiteRunner.java:332)
at org.testng.SuiteRunner.run(SuiteRunner.java:276)
at org.testng.SuiteRunnerWorker.runSuite(SuiteRunnerWorker.java:53)
at org.testng.SuiteRunnerWorker.run(SuiteRunnerWorker.java:96)
at org.testng.TestNG.runSuitesSequentially(TestNG.java:1212)
at org.testng.TestNG.runSuitesLocally(TestNG.java:1134)
at org.testng.TestNG.runSuites(TestNG.java:1063)
at org.testng.TestNG.run(TestNG.java:1031)
at org.testng.remote.AbstractRemoteTestNG.run(AbstractRemoteTestNG.java:115)
at org.testng.remote.RemoteTestNG.initAndRun(RemoteTestNG.java:251)
at org.testng.remote.RemoteTestNG.main(RemoteTestNG.java:77)
]]>
            </full-stacktrace>
          </exception> <!-- org.openqa.selenium.StaleElementReferenceException -->
          <reporter-output>
          </reporter-output>
        </test-method> <!-- verifySelectMetaDataInAddBlockSectionB -->
        <test-method is-config="true" signature="getResult(org.testng.ITestResult)[pri:0, instance:com.advaita.TestCreate.TestStagesCreate@a72925]" started-at="2024-07-16T16:06:20 IST" name="getResult" finished-at="2024-07-16T16:06:28 IST" duration-ms="8472" status="PASS">
          <params>
            <param index="0">
              <value>
                <![CDATA[[TestResult name=verifySelectMetaDataInAddBlockSectionB status=FAILURE method=TestStagesCreate.verifySelectMetaDataInAddBlockSectionB()[pri:15, instance:com.advaita.TestCreate.TestStagesCreate@a72925] output={null}]]]>
              </value>
            </param>
          </params>
          <reporter-output>
          </reporter-output>
        </test-method> <!-- getResult -->
        <test-method is-config="true" signature="tearDown()[pri:0, instance:com.advaita.TestCreate.TestStagesCreate@a72925]" started-at="2024-07-16T16:06:28 IST" name="tearDown" finished-at="2024-07-16T16:06:28 IST" duration-ms="51" status="PASS">
          <reporter-output>
          </reporter-output>
        </test-method> <!-- tearDown -->
      </class> <!-- com.advaita.TestCreate.TestStagesCreate -->
    </test> <!-- Default test -->
  </suite> <!-- Default suite -->
</testng-results>
