<?xml version="1.0" encoding="UTF-8"?>
<testng-results ignored="0" total="22" passed="22" failed="0" skipped="0">
  <reporter-output>
  </reporter-output>
  <suite started-at="2024-07-09T18:21:13 IST" name="Default suite" finished-at="2024-07-09T18:22:31 IST" duration-ms="78547">
    <groups>
    </groups>
    <test started-at="2024-07-09T18:21:13 IST" name="Default test" finished-at="2024-07-09T18:22:31 IST" duration-ms="78547">
      <class name="com.advaita.TestCreate.TestMasterFormsCreate">
        <test-method is-config="true" signature="setUp()[pri:0, instance:com.advaita.TestCreate.TestMasterFormsCreate@6adbc9d]" started-at="2024-07-09T18:21:13 IST" name="setUp" finished-at="2024-07-09T18:21:23 IST" duration-ms="9777" status="PASS">
          <reporter-output>
          </reporter-output>
        </test-method> <!-- setUp -->
        <test-method signature="verifyNavigationToProcessAndFetch()[pri:2, instance:com.advaita.TestCreate.TestMasterFormsCreate@6adbc9d]" started-at="2024-07-09T18:21:23 IST" name="verifyNavigationToProcessAndFetch" finished-at="2024-07-09T18:21:30 IST" duration-ms="7099" status="PASS">
          <reporter-output>
          </reporter-output>
        </test-method> <!-- verifyNavigationToProcessAndFetch -->
        <test-method is-config="true" signature="getResult(org.testng.ITestResult)[pri:0, instance:com.advaita.TestCreate.TestMasterFormsCreate@6adbc9d]" started-at="2024-07-09T18:21:30 IST" name="getResult" finished-at="2024-07-09T18:21:30 IST" duration-ms="482" status="PASS">
          <params>
            <param index="0">
              <value>
                <![CDATA[[TestResult name=verifyNavigationToProcessAndFetch status=SUCCESS method=TestMasterFormsCreate.verifyNavigationToProcessAndFetch()[pri:2, instance:com.advaita.TestCreate.TestMasterFormsCreate@6adbc9d] output={null}]]]>
              </value>
            </param>
          </params>
          <reporter-output>
          </reporter-output>
        </test-method> <!-- getResult -->
        <test-method signature="verifyNavigationToFieldSet()[pri:3, instance:com.advaita.TestCreate.TestMasterFormsCreate@6adbc9d]" started-at="2024-07-09T18:21:30 IST" name="verifyNavigationToFieldSet" finished-at="2024-07-09T18:21:31 IST" duration-ms="1340" status="PASS">
          <reporter-output>
          </reporter-output>
        </test-method> <!-- verifyNavigationToFieldSet -->
        <test-method is-config="true" signature="getResult(org.testng.ITestResult)[pri:0, instance:com.advaita.TestCreate.TestMasterFormsCreate@6adbc9d]" started-at="2024-07-09T18:21:32 IST" name="getResult" finished-at="2024-07-09T18:21:32 IST" duration-ms="13" status="PASS">
          <params>
            <param index="0">
              <value>
                <![CDATA[[TestResult name=verifyNavigationToFieldSet status=SUCCESS method=TestMasterFormsCreate.verifyNavigationToFieldSet()[pri:3, instance:com.advaita.TestCreate.TestMasterFormsCreate@6adbc9d] output={null}]]]>
              </value>
            </param>
          </params>
          <reporter-output>
          </reporter-output>
        </test-method> <!-- getResult -->
        <test-method signature="verifyGetFieldSetSection1QuestionsForComparision()[pri:4, instance:com.advaita.TestCreate.TestMasterFormsCreate@6adbc9d]" started-at="2024-07-09T18:21:32 IST" name="verifyGetFieldSetSection1QuestionsForComparision" finished-at="2024-07-09T18:21:35 IST" duration-ms="3584" status="PASS">
          <reporter-output>
          </reporter-output>
        </test-method> <!-- verifyGetFieldSetSection1QuestionsForComparision -->
        <test-method is-config="true" signature="getResult(org.testng.ITestResult)[pri:0, instance:com.advaita.TestCreate.TestMasterFormsCreate@6adbc9d]" started-at="2024-07-09T18:21:35 IST" name="getResult" finished-at="2024-07-09T18:21:35 IST" duration-ms="54" status="PASS">
          <params>
            <param index="0">
              <value>
                <![CDATA[[TestResult name=verifyGetFieldSetSection1QuestionsForComparision status=SUCCESS method=TestMasterFormsCreate.verifyGetFieldSetSection1QuestionsForComparision()[pri:4, instance:com.advaita.TestCreate.TestMasterFormsCreate@6adbc9d] output={null}]]]>
              </value>
            </param>
          </params>
          <reporter-output>
          </reporter-output>
        </test-method> <!-- getResult -->
        <test-method signature="verifyGetFieldSetSection2QuestionsForComparision()[pri:5, instance:com.advaita.TestCreate.TestMasterFormsCreate@6adbc9d]" started-at="2024-07-09T18:21:35 IST" name="verifyGetFieldSetSection2QuestionsForComparision" finished-at="2024-07-09T18:21:35 IST" duration-ms="56" status="PASS">
          <reporter-output>
          </reporter-output>
        </test-method> <!-- verifyGetFieldSetSection2QuestionsForComparision -->
        <test-method is-config="true" signature="getResult(org.testng.ITestResult)[pri:0, instance:com.advaita.TestCreate.TestMasterFormsCreate@6adbc9d]" started-at="2024-07-09T18:21:35 IST" name="getResult" finished-at="2024-07-09T18:21:35 IST" duration-ms="16" status="PASS">
          <params>
            <param index="0">
              <value>
                <![CDATA[[TestResult name=verifyGetFieldSetSection2QuestionsForComparision status=SUCCESS method=TestMasterFormsCreate.verifyGetFieldSetSection2QuestionsForComparision()[pri:5, instance:com.advaita.TestCreate.TestMasterFormsCreate@6adbc9d] output={null}]]]>
              </value>
            </param>
          </params>
          <reporter-output>
          </reporter-output>
        </test-method> <!-- getResult -->
        <test-method signature="verifyGetFieldSetSection3TableQuestionsForComparision()[pri:6, instance:com.advaita.TestCreate.TestMasterFormsCreate@6adbc9d]" started-at="2024-07-09T18:21:35 IST" name="verifyGetFieldSetSection3TableQuestionsForComparision" finished-at="2024-07-09T18:21:35 IST" duration-ms="70" status="PASS">
          <reporter-output>
          </reporter-output>
        </test-method> <!-- verifyGetFieldSetSection3TableQuestionsForComparision -->
        <test-method is-config="true" signature="getResult(org.testng.ITestResult)[pri:0, instance:com.advaita.TestCreate.TestMasterFormsCreate@6adbc9d]" started-at="2024-07-09T18:21:35 IST" name="getResult" finished-at="2024-07-09T18:21:35 IST" duration-ms="15" status="PASS">
          <params>
            <param index="0">
              <value>
                <![CDATA[[TestResult name=verifyGetFieldSetSection3TableQuestionsForComparision status=SUCCESS method=TestMasterFormsCreate.verifyGetFieldSetSection3TableQuestionsForComparision()[pri:6, instance:com.advaita.TestCreate.TestMasterFormsCreate@6adbc9d] output={null}]]]>
              </value>
            </param>
          </params>
          <reporter-output>
          </reporter-output>
        </test-method> <!-- getResult -->
        <test-method signature="verifyGetFieldSetSection1QuestionsType()[pri:7, instance:com.advaita.TestCreate.TestMasterFormsCreate@6adbc9d]" started-at="2024-07-09T18:21:35 IST" name="verifyGetFieldSetSection1QuestionsType" finished-at="2024-07-09T18:21:41 IST" duration-ms="6066" status="PASS">
          <reporter-output>
          </reporter-output>
        </test-method> <!-- verifyGetFieldSetSection1QuestionsType -->
        <test-method is-config="true" signature="getResult(org.testng.ITestResult)[pri:0, instance:com.advaita.TestCreate.TestMasterFormsCreate@6adbc9d]" started-at="2024-07-09T18:21:41 IST" name="getResult" finished-at="2024-07-09T18:21:41 IST" duration-ms="31" status="PASS">
          <params>
            <param index="0">
              <value>
                <![CDATA[[TestResult name=verifyGetFieldSetSection1QuestionsType status=SUCCESS method=TestMasterFormsCreate.verifyGetFieldSetSection1QuestionsType()[pri:7, instance:com.advaita.TestCreate.TestMasterFormsCreate@6adbc9d] output={null}]]]>
              </value>
            </param>
          </params>
          <reporter-output>
          </reporter-output>
        </test-method> <!-- getResult -->
        <test-method signature="verifyGetFieldSetSection2QuestionsType()[pri:8, instance:com.advaita.TestCreate.TestMasterFormsCreate@6adbc9d]" started-at="2024-07-09T18:21:41 IST" name="verifyGetFieldSetSection2QuestionsType" finished-at="2024-07-09T18:21:45 IST" duration-ms="3870" status="PASS">
          <reporter-output>
          </reporter-output>
        </test-method> <!-- verifyGetFieldSetSection2QuestionsType -->
        <test-method is-config="true" signature="getResult(org.testng.ITestResult)[pri:0, instance:com.advaita.TestCreate.TestMasterFormsCreate@6adbc9d]" started-at="2024-07-09T18:21:45 IST" name="getResult" finished-at="2024-07-09T18:21:45 IST" duration-ms="12" status="PASS">
          <params>
            <param index="0">
              <value>
                <![CDATA[[TestResult name=verifyGetFieldSetSection2QuestionsType status=SUCCESS method=TestMasterFormsCreate.verifyGetFieldSetSection2QuestionsType()[pri:8, instance:com.advaita.TestCreate.TestMasterFormsCreate@6adbc9d] output={null}]]]>
              </value>
            </param>
          </params>
          <reporter-output>
          </reporter-output>
        </test-method> <!-- getResult -->
        <test-method signature="verifyGetFieldSetSection3QuestionsType()[pri:9, instance:com.advaita.TestCreate.TestMasterFormsCreate@6adbc9d]" started-at="2024-07-09T18:21:45 IST" name="verifyGetFieldSetSection3QuestionsType" finished-at="2024-07-09T18:21:47 IST" duration-ms="2113" status="PASS">
          <reporter-output>
          </reporter-output>
        </test-method> <!-- verifyGetFieldSetSection3QuestionsType -->
        <test-method is-config="true" signature="getResult(org.testng.ITestResult)[pri:0, instance:com.advaita.TestCreate.TestMasterFormsCreate@6adbc9d]" started-at="2024-07-09T18:21:47 IST" name="getResult" finished-at="2024-07-09T18:21:47 IST" duration-ms="38" status="PASS">
          <params>
            <param index="0">
              <value>
                <![CDATA[[TestResult name=verifyGetFieldSetSection3QuestionsType status=SUCCESS method=TestMasterFormsCreate.verifyGetFieldSetSection3QuestionsType()[pri:9, instance:com.advaita.TestCreate.TestMasterFormsCreate@6adbc9d] output={null}]]]>
              </value>
            </param>
          </params>
          <reporter-output>
          </reporter-output>
        </test-method> <!-- getResult -->
        <test-method signature="verifyNavigateToMasterForm()[pri:10, instance:com.advaita.TestCreate.TestMasterFormsCreate@6adbc9d]" started-at="2024-07-09T18:21:47 IST" name="verifyNavigateToMasterForm" finished-at="2024-07-09T18:21:49 IST" duration-ms="1416" status="PASS">
          <reporter-output>
          </reporter-output>
        </test-method> <!-- verifyNavigateToMasterForm -->
        <test-method is-config="true" signature="getResult(org.testng.ITestResult)[pri:0, instance:com.advaita.TestCreate.TestMasterFormsCreate@6adbc9d]" started-at="2024-07-09T18:21:49 IST" name="getResult" finished-at="2024-07-09T18:21:49 IST" duration-ms="17" status="PASS">
          <params>
            <param index="0">
              <value>
                <![CDATA[[TestResult name=verifyNavigateToMasterForm status=SUCCESS method=TestMasterFormsCreate.verifyNavigateToMasterForm()[pri:10, instance:com.advaita.TestCreate.TestMasterFormsCreate@6adbc9d] output={null}]]]>
              </value>
            </param>
          </params>
          <reporter-output>
          </reporter-output>
        </test-method> <!-- getResult -->
        <test-method signature="verifyCreateButtonMasterForm()[pri:11, instance:com.advaita.TestCreate.TestMasterFormsCreate@6adbc9d]" started-at="2024-07-09T18:21:49 IST" name="verifyCreateButtonMasterForm" finished-at="2024-07-09T18:21:50 IST" duration-ms="1040" status="PASS">
          <reporter-output>
          </reporter-output>
        </test-method> <!-- verifyCreateButtonMasterForm -->
        <test-method is-config="true" signature="getResult(org.testng.ITestResult)[pri:0, instance:com.advaita.TestCreate.TestMasterFormsCreate@6adbc9d]" started-at="2024-07-09T18:21:50 IST" name="getResult" finished-at="2024-07-09T18:21:50 IST" duration-ms="11" status="PASS">
          <params>
            <param index="0">
              <value>
                <![CDATA[[TestResult name=verifyCreateButtonMasterForm status=SUCCESS method=TestMasterFormsCreate.verifyCreateButtonMasterForm()[pri:11, instance:com.advaita.TestCreate.TestMasterFormsCreate@6adbc9d] output={null}]]]>
              </value>
            </param>
          </params>
          <reporter-output>
          </reporter-output>
        </test-method> <!-- getResult -->
        <test-method signature="verifyFormNameField()[pri:12, instance:com.advaita.TestCreate.TestMasterFormsCreate@6adbc9d]" started-at="2024-07-09T18:21:50 IST" name="verifyFormNameField" finished-at="2024-07-09T18:21:50 IST" duration-ms="151" status="PASS">
          <reporter-output>
          </reporter-output>
        </test-method> <!-- verifyFormNameField -->
        <test-method is-config="true" signature="getResult(org.testng.ITestResult)[pri:0, instance:com.advaita.TestCreate.TestMasterFormsCreate@6adbc9d]" started-at="2024-07-09T18:21:50 IST" name="getResult" finished-at="2024-07-09T18:21:50 IST" duration-ms="15" status="PASS">
          <params>
            <param index="0">
              <value>
                <![CDATA[[TestResult name=verifyFormNameField status=SUCCESS method=TestMasterFormsCreate.verifyFormNameField()[pri:12, instance:com.advaita.TestCreate.TestMasterFormsCreate@6adbc9d] output={null}]]]>
              </value>
            </param>
          </params>
          <reporter-output>
          </reporter-output>
        </test-method> <!-- getResult -->
        <test-method signature="verifyProcessDropdown()[pri:13, instance:com.advaita.TestCreate.TestMasterFormsCreate@6adbc9d]" started-at="2024-07-09T18:21:50 IST" name="verifyProcessDropdown" finished-at="2024-07-09T18:21:54 IST" duration-ms="3434" status="PASS">
          <reporter-output>
          </reporter-output>
        </test-method> <!-- verifyProcessDropdown -->
        <test-method is-config="true" signature="getResult(org.testng.ITestResult)[pri:0, instance:com.advaita.TestCreate.TestMasterFormsCreate@6adbc9d]" started-at="2024-07-09T18:21:54 IST" name="getResult" finished-at="2024-07-09T18:21:54 IST" duration-ms="33" status="PASS">
          <params>
            <param index="0">
              <value>
                <![CDATA[[TestResult name=verifyProcessDropdown status=SUCCESS method=TestMasterFormsCreate.verifyProcessDropdown()[pri:13, instance:com.advaita.TestCreate.TestMasterFormsCreate@6adbc9d] output={null}]]]>
              </value>
            </param>
          </params>
          <reporter-output>
          </reporter-output>
        </test-method> <!-- getResult -->
        <test-method signature="verifySubProcessDropdown()[pri:14, instance:com.advaita.TestCreate.TestMasterFormsCreate@6adbc9d]" started-at="2024-07-09T18:21:54 IST" name="verifySubProcessDropdown" finished-at="2024-07-09T18:21:55 IST" duration-ms="1524" status="PASS">
          <reporter-output>
          </reporter-output>
        </test-method> <!-- verifySubProcessDropdown -->
        <test-method is-config="true" signature="getResult(org.testng.ITestResult)[pri:0, instance:com.advaita.TestCreate.TestMasterFormsCreate@6adbc9d]" started-at="2024-07-09T18:21:55 IST" name="getResult" finished-at="2024-07-09T18:21:55 IST" duration-ms="10" status="PASS">
          <params>
            <param index="0">
              <value>
                <![CDATA[[TestResult name=verifySubProcessDropdown status=SUCCESS method=TestMasterFormsCreate.verifySubProcessDropdown()[pri:14, instance:com.advaita.TestCreate.TestMasterFormsCreate@6adbc9d] output={null}]]]>
              </value>
            </param>
          </params>
          <reporter-output>
          </reporter-output>
        </test-method> <!-- getResult -->
        <test-method signature="verifySubSubProcessDropdown()[pri:15, instance:com.advaita.TestCreate.TestMasterFormsCreate@6adbc9d]" started-at="2024-07-09T18:21:55 IST" name="verifySubSubProcessDropdown" finished-at="2024-07-09T18:21:57 IST" duration-ms="1545" status="PASS">
          <reporter-output>
          </reporter-output>
        </test-method> <!-- verifySubSubProcessDropdown -->
        <test-method is-config="true" signature="getResult(org.testng.ITestResult)[pri:0, instance:com.advaita.TestCreate.TestMasterFormsCreate@6adbc9d]" started-at="2024-07-09T18:21:57 IST" name="getResult" finished-at="2024-07-09T18:21:57 IST" duration-ms="15" status="PASS">
          <params>
            <param index="0">
              <value>
                <![CDATA[[TestResult name=verifySubSubProcessDropdown status=SUCCESS method=TestMasterFormsCreate.verifySubSubProcessDropdown()[pri:15, instance:com.advaita.TestCreate.TestMasterFormsCreate@6adbc9d] output={null}]]]>
              </value>
            </param>
          </params>
          <reporter-output>
          </reporter-output>
        </test-method> <!-- getResult -->
        <test-method signature="verifyprimarySection()[pri:16, instance:com.advaita.TestCreate.TestMasterFormsCreate@6adbc9d]" started-at="2024-07-09T18:21:57 IST" name="verifyprimarySection" finished-at="2024-07-09T18:22:03 IST" duration-ms="5884" status="PASS">
          <reporter-output>
          </reporter-output>
        </test-method> <!-- verifyprimarySection -->
        <test-method is-config="true" signature="getResult(org.testng.ITestResult)[pri:0, instance:com.advaita.TestCreate.TestMasterFormsCreate@6adbc9d]" started-at="2024-07-09T18:22:03 IST" name="getResult" finished-at="2024-07-09T18:22:03 IST" duration-ms="29" status="PASS">
          <params>
            <param index="0">
              <value>
                <![CDATA[[TestResult name=verifyprimarySection status=SUCCESS method=TestMasterFormsCreate.verifyprimarySection()[pri:16, instance:com.advaita.TestCreate.TestMasterFormsCreate@6adbc9d] output={null}]]]>
              </value>
            </param>
          </params>
          <reporter-output>
          </reporter-output>
        </test-method> <!-- getResult -->
        <test-method signature="verifyPrimarySectionFormFill()[pri:17, instance:com.advaita.TestCreate.TestMasterFormsCreate@6adbc9d]" started-at="2024-07-09T18:22:03 IST" name="verifyPrimarySectionFormFill" finished-at="2024-07-09T18:22:04 IST" duration-ms="1677" status="PASS">
          <reporter-output>
          </reporter-output>
        </test-method> <!-- verifyPrimarySectionFormFill -->
        <test-method is-config="true" signature="getResult(org.testng.ITestResult)[pri:0, instance:com.advaita.TestCreate.TestMasterFormsCreate@6adbc9d]" started-at="2024-07-09T18:22:04 IST" name="getResult" finished-at="2024-07-09T18:22:04 IST" duration-ms="16" status="PASS">
          <params>
            <param index="0">
              <value>
                <![CDATA[[TestResult name=verifyPrimarySectionFormFill status=SUCCESS method=TestMasterFormsCreate.verifyPrimarySectionFormFill()[pri:17, instance:com.advaita.TestCreate.TestMasterFormsCreate@6adbc9d] output={null}]]]>
              </value>
            </param>
          </params>
          <reporter-output>
          </reporter-output>
        </test-method> <!-- getResult -->
        <test-method signature="verifyPrimarySection2FormFill()[pri:18, instance:com.advaita.TestCreate.TestMasterFormsCreate@6adbc9d]" started-at="2024-07-09T18:22:04 IST" name="verifyPrimarySection2FormFill" finished-at="2024-07-09T18:22:10 IST" duration-ms="6135" status="PASS">
          <reporter-output>
          </reporter-output>
        </test-method> <!-- verifyPrimarySection2FormFill -->
        <test-method is-config="true" signature="getResult(org.testng.ITestResult)[pri:0, instance:com.advaita.TestCreate.TestMasterFormsCreate@6adbc9d]" started-at="2024-07-09T18:22:10 IST" name="getResult" finished-at="2024-07-09T18:22:10 IST" duration-ms="38" status="PASS">
          <params>
            <param index="0">
              <value>
                <![CDATA[[TestResult name=verifyPrimarySection2FormFill status=SUCCESS method=TestMasterFormsCreate.verifyPrimarySection2FormFill()[pri:18, instance:com.advaita.TestCreate.TestMasterFormsCreate@6adbc9d] output={null}]]]>
              </value>
            </param>
          </params>
          <reporter-output>
          </reporter-output>
        </test-method> <!-- getResult -->
        <test-method signature="verifyPrimarySection3FormFill()[pri:19, instance:com.advaita.TestCreate.TestMasterFormsCreate@6adbc9d]" started-at="2024-07-09T18:22:10 IST" name="verifyPrimarySection3FormFill" finished-at="2024-07-09T18:22:14 IST" duration-ms="3330" status="PASS">
          <reporter-output>
          </reporter-output>
        </test-method> <!-- verifyPrimarySection3FormFill -->
        <test-method is-config="true" signature="getResult(org.testng.ITestResult)[pri:0, instance:com.advaita.TestCreate.TestMasterFormsCreate@6adbc9d]" started-at="2024-07-09T18:22:14 IST" name="getResult" finished-at="2024-07-09T18:22:14 IST" duration-ms="36" status="PASS">
          <params>
            <param index="0">
              <value>
                <![CDATA[[TestResult name=verifyPrimarySection3FormFill status=SUCCESS method=TestMasterFormsCreate.verifyPrimarySection3FormFill()[pri:19, instance:com.advaita.TestCreate.TestMasterFormsCreate@6adbc9d] output={null}]]]>
              </value>
            </param>
          </params>
          <reporter-output>
          </reporter-output>
        </test-method> <!-- getResult -->
        <test-method signature="verifySaveButton()[pri:20, instance:com.advaita.TestCreate.TestMasterFormsCreate@6adbc9d]" started-at="2024-07-09T18:22:14 IST" name="verifySaveButton" finished-at="2024-07-09T18:22:18 IST" duration-ms="3943" status="PASS">
          <reporter-output>
          </reporter-output>
        </test-method> <!-- verifySaveButton -->
        <test-method is-config="true" signature="getResult(org.testng.ITestResult)[pri:0, instance:com.advaita.TestCreate.TestMasterFormsCreate@6adbc9d]" started-at="2024-07-09T18:22:18 IST" name="getResult" finished-at="2024-07-09T18:22:18 IST" duration-ms="44" status="PASS">
          <params>
            <param index="0">
              <value>
                <![CDATA[[TestResult name=verifySaveButton status=SUCCESS method=TestMasterFormsCreate.verifySaveButton()[pri:20, instance:com.advaita.TestCreate.TestMasterFormsCreate@6adbc9d] output={null}]]]>
              </value>
            </param>
          </params>
          <reporter-output>
          </reporter-output>
        </test-method> <!-- getResult -->
        <test-method signature="verifyFinalizeMasterFormInEditPage()[pri:21, instance:com.advaita.TestCreate.TestMasterFormsCreate@6adbc9d]" started-at="2024-07-09T18:22:18 IST" name="verifyFinalizeMasterFormInEditPage" finished-at="2024-07-09T18:22:20 IST" duration-ms="2545" status="PASS">
          <reporter-output>
          </reporter-output>
        </test-method> <!-- verifyFinalizeMasterFormInEditPage -->
        <test-method is-config="true" signature="getResult(org.testng.ITestResult)[pri:0, instance:com.advaita.TestCreate.TestMasterFormsCreate@6adbc9d]" started-at="2024-07-09T18:22:20 IST" name="getResult" finished-at="2024-07-09T18:22:20 IST" duration-ms="13" status="PASS">
          <params>
            <param index="0">
              <value>
                <![CDATA[[TestResult name=verifyFinalizeMasterFormInEditPage status=SUCCESS method=TestMasterFormsCreate.verifyFinalizeMasterFormInEditPage()[pri:21, instance:com.advaita.TestCreate.TestMasterFormsCreate@6adbc9d] output={null}]]]>
              </value>
            </param>
          </params>
          <reporter-output>
          </reporter-output>
        </test-method> <!-- getResult -->
        <test-method signature="verifyDataSetValidationAfterCreationOfMasterForm()[pri:22, instance:com.advaita.TestCreate.TestMasterFormsCreate@6adbc9d]" started-at="2024-07-09T18:22:20 IST" name="verifyDataSetValidationAfterCreationOfMasterForm" finished-at="2024-07-09T18:22:27 IST" duration-ms="6157" status="PASS">
          <reporter-output>
          </reporter-output>
        </test-method> <!-- verifyDataSetValidationAfterCreationOfMasterForm -->
        <test-method is-config="true" signature="getResult(org.testng.ITestResult)[pri:0, instance:com.advaita.TestCreate.TestMasterFormsCreate@6adbc9d]" started-at="2024-07-09T18:22:27 IST" name="getResult" finished-at="2024-07-09T18:22:27 IST" duration-ms="43" status="PASS">
          <params>
            <param index="0">
              <value>
                <![CDATA[[TestResult name=verifyDataSetValidationAfterCreationOfMasterForm status=SUCCESS method=TestMasterFormsCreate.verifyDataSetValidationAfterCreationOfMasterForm()[pri:22, instance:com.advaita.TestCreate.TestMasterFormsCreate@6adbc9d] output={null}]]]>
              </value>
            </param>
          </params>
          <reporter-output>
          </reporter-output>
        </test-method> <!-- getResult -->
        <test-method signature="verifyMetaDataValidationAfterCreationOfMasterForm()[pri:23, instance:com.advaita.TestCreate.TestMasterFormsCreate@6adbc9d]" started-at="2024-07-09T18:22:27 IST" name="verifyMetaDataValidationAfterCreationOfMasterForm" finished-at="2024-07-09T18:22:31 IST" duration-ms="4690" status="PASS">
          <reporter-output>
          </reporter-output>
        </test-method> <!-- verifyMetaDataValidationAfterCreationOfMasterForm -->
        <test-method is-config="true" signature="getResult(org.testng.ITestResult)[pri:0, instance:com.advaita.TestCreate.TestMasterFormsCreate@6adbc9d]" started-at="2024-07-09T18:22:31 IST" name="getResult" finished-at="2024-07-09T18:22:31 IST" duration-ms="10" status="PASS">
          <params>
            <param index="0">
              <value>
                <![CDATA[[TestResult name=verifyMetaDataValidationAfterCreationOfMasterForm status=SUCCESS method=TestMasterFormsCreate.verifyMetaDataValidationAfterCreationOfMasterForm()[pri:23, instance:com.advaita.TestCreate.TestMasterFormsCreate@6adbc9d] output={null}]]]>
              </value>
            </param>
          </params>
          <reporter-output>
          </reporter-output>
        </test-method> <!-- getResult -->
        <test-method is-config="true" signature="tearDown()[pri:0, instance:com.advaita.TestCreate.TestMasterFormsCreate@6adbc9d]" started-at="2024-07-09T18:22:31 IST" name="tearDown" finished-at="2024-07-09T18:22:31 IST" duration-ms="7" status="PASS">
          <reporter-output>
          </reporter-output>
        </test-method> <!-- tearDown -->
      </class> <!-- com.advaita.TestCreate.TestMasterFormsCreate -->
    </test> <!-- Default test -->
  </suite> <!-- Default suite -->
</testng-results>
