<?xml version="1.0" encoding="UTF-8"?>
<testng-results ignored="45" total="47" passed="2" failed="0" skipped="0">
  <reporter-output>
  </reporter-output>
  <suite started-at="2025-07-30T16:33:12 IST" name="Default suite" finished-at="2025-07-30T16:33:43 IST" duration-ms="31043">
    <groups>
    </groups>
    <test started-at="2025-07-30T16:33:12 IST" name="Default test" finished-at="2025-07-30T16:33:43 IST" duration-ms="31043">
      <class name="com.advaita.TestTable.TestProcessTable">
        <test-method is-config="true" signature="setUp()[pri:0, instance:com.advaita.TestTable.TestProcessTable@1db87583]" started-at="2025-07-30T16:33:12 IST" name="setUp" finished-at="2025-07-30T16:33:22 IST" duration-ms="10885" status="PASS">
          <reporter-output>
          </reporter-output>
        </test-method> <!-- setUp -->
        <test-method signature="NaviageToProcessManagementPage()[pri:0, instance:com.advaita.TestTable.TestProcessTable@1db87583]" started-at="2025-07-30T16:33:23 IST" name="NaviageToProcessManagementPage" finished-at="2025-07-30T16:33:23 IST" duration-ms="644" status="PASS">
          <reporter-output>
          </reporter-output>
        </test-method> <!-- NaviageToProcessManagementPage -->
        <test-method signature="verifyTheUserIsAbleTotoDeleteall()[pri:0, instance:com.advaita.TestTable.TestProcessTable@1db87583]" started-at="2025-07-30T16:33:23 IST" name="verifyTheUserIsAbleTotoDeleteall" finished-at="2025-07-30T16:33:43 IST" depends-on-methods="com.advaita.TestTable.TestProcessTable.NaviageToProcessManagementPage" duration-ms="19430" status="PASS">
          <reporter-output>
          </reporter-output>
        </test-method> <!-- verifyTheUserIsAbleTotoDeleteall -->
      </class> <!-- com.advaita.TestTable.TestProcessTable -->
    </test> <!-- Default test -->
  </suite> <!-- Default suite -->
</testng-results>
