<?xml version="1.0" encoding="UTF-8"?>
<testng-results ignored="0" total="1" passed="1" failed="0" skipped="0">
  <reporter-output>
  </reporter-output>
  <suite started-at="2024-07-01T16:28:42 IST" name="Default suite" finished-at="2024-07-01T16:29:10 IST" duration-ms="28445">
    <groups>
    </groups>
    <test started-at="2024-07-01T16:28:42 IST" name="Default test" finished-at="2024-07-01T16:29:10 IST" duration-ms="28445">
      <class name="com.advaita.TestCase.VerifyMeasurableSet">
        <test-method is-config="true" signature="setUp()[pri:0, instance:com.advaita.TestCase.VerifyMeasurableSet@771a660]" started-at="2024-07-01T16:28:42 IST" name="setUp" finished-at="2024-07-01T16:28:52 IST" duration-ms="10275" status="PASS">
          <reporter-output>
          </reporter-output>
        </test-method> <!-- setUp -->
        <test-method signature="verifyMeasurableSetCreatePage()[pri:1, instance:com.advaita.TestCase.VerifyMeasurableSet@771a660]" started-at="2024-07-01T16:28:52 IST" name="verifyMeasurableSetCreatePage" finished-at="2024-07-01T16:29:09 IST" duration-ms="17608" status="PASS">
          <reporter-output>
          </reporter-output>
        </test-method> <!-- verifyMeasurableSetCreatePage -->
        <test-method is-config="true" signature="tearDown()[pri:0, instance:com.advaita.TestCase.VerifyMeasurableSet@771a660]" started-at="2024-07-01T16:29:09 IST" name="tearDown" finished-at="2024-07-01T16:29:10 IST" duration-ms="491" status="PASS">
          <reporter-output>
          </reporter-output>
        </test-method> <!-- tearDown -->
      </class> <!-- com.advaita.TestCase.VerifyMeasurableSet -->
    </test> <!-- Default test -->
  </suite> <!-- Default suite -->
</testng-results>
