<?xml version="1.0" encoding="UTF-8"?>
<testng-results ignored="0" total="12" passed="11" failed="1" skipped="0">
  <reporter-output>
  </reporter-output>
  <suite started-at="2024-05-29T11:09:39 IST" name="Default suite" finished-at="2024-05-29T11:13:07 IST" duration-ms="207562">
    <groups>
    </groups>
    <test started-at="2024-05-29T11:09:39 IST" name="Default test" finished-at="2024-05-29T11:13:07 IST" duration-ms="207562">
      <class name="com.advaita.TestCase.VerifyStagesCreate">
        <test-method is-config="true" signature="setUp()[pri:0, instance:com.advaita.TestCase.VerifyStagesCreate@66d73e2d]" started-at="2024-05-29T11:09:39 IST" name="setUp" finished-at="2024-05-29T11:10:04 IST" duration-ms="25092" status="PASS">
          <reporter-output>
          </reporter-output>
        </test-method> <!-- setUp -->
        <test-method signature="verifyProcessCreate()[pri:1, instance:com.advaita.TestCase.VerifyStagesCreate@66d73e2d]" started-at="2024-05-29T11:10:04 IST" name="verifyProcessCreate" finished-at="2024-05-29T11:10:24 IST" duration-ms="19421" status="PASS">
          <reporter-output>
          </reporter-output>
        </test-method> <!-- verifyProcessCreate -->
        <test-method is-config="true" signature="getResult(org.testng.ITestResult)[pri:0, instance:com.advaita.TestCase.VerifyStagesCreate@66d73e2d]" started-at="2024-05-29T11:10:24 IST" name="getResult" finished-at="2024-05-29T11:10:26 IST" duration-ms="2462" status="PASS">
          <params>
            <param index="0">
              <value>
                <![CDATA[[TestResult name=verifyProcessCreate status=SUCCESS method=VerifyStagesCreate.verifyProcessCreate()[pri:1, instance:com.advaita.TestCase.VerifyStagesCreate@66d73e2d] output={null}]]]>
              </value>
            </param>
          </params>
          <reporter-output>
          </reporter-output>
        </test-method> <!-- getResult -->
        <test-method signature="verifyCreateDataset()[pri:2, instance:com.advaita.TestCase.VerifyStagesCreate@66d73e2d]" started-at="2024-05-29T11:10:26 IST" name="verifyCreateDataset" finished-at="2024-05-29T11:11:29 IST" duration-ms="62920" status="PASS">
          <reporter-output>
          </reporter-output>
        </test-method> <!-- verifyCreateDataset -->
        <test-method is-config="true" signature="getResult(org.testng.ITestResult)[pri:0, instance:com.advaita.TestCase.VerifyStagesCreate@66d73e2d]" started-at="2024-05-29T11:11:29 IST" name="getResult" finished-at="2024-05-29T11:11:31 IST" duration-ms="2101" status="PASS">
          <params>
            <param index="0">
              <value>
                <![CDATA[[TestResult name=verifyCreateDataset status=SUCCESS method=VerifyStagesCreate.verifyCreateDataset()[pri:2, instance:com.advaita.TestCase.VerifyStagesCreate@66d73e2d] output={null}]]]>
              </value>
            </param>
          </params>
          <reporter-output>
          </reporter-output>
        </test-method> <!-- getResult -->
        <test-method signature="verifyCreateMetaData()[pri:3, instance:com.advaita.TestCase.VerifyStagesCreate@66d73e2d]" started-at="2024-05-29T11:11:31 IST" name="verifyCreateMetaData" finished-at="2024-05-29T11:12:11 IST" duration-ms="39541" status="PASS">
          <reporter-output>
          </reporter-output>
        </test-method> <!-- verifyCreateMetaData -->
        <test-method is-config="true" signature="getResult(org.testng.ITestResult)[pri:0, instance:com.advaita.TestCase.VerifyStagesCreate@66d73e2d]" started-at="2024-05-29T11:12:11 IST" name="getResult" finished-at="2024-05-29T11:12:13 IST" duration-ms="2105" status="PASS">
          <params>
            <param index="0">
              <value>
                <![CDATA[[TestResult name=verifyCreateMetaData status=SUCCESS method=VerifyStagesCreate.verifyCreateMetaData()[pri:3, instance:com.advaita.TestCase.VerifyStagesCreate@66d73e2d] output={null}]]]>
              </value>
            </param>
          </params>
          <reporter-output>
          </reporter-output>
        </test-method> <!-- getResult -->
        <test-method signature="navigateFetchRecord()[pri:4, instance:com.advaita.TestCase.VerifyStagesCreate@66d73e2d]" started-at="2024-05-29T11:12:13 IST" name="navigateFetchRecord" finished-at="2024-05-29T11:12:36 IST" duration-ms="23113" status="PASS">
          <reporter-output>
          </reporter-output>
        </test-method> <!-- navigateFetchRecord -->
        <test-method is-config="true" signature="getResult(org.testng.ITestResult)[pri:0, instance:com.advaita.TestCase.VerifyStagesCreate@66d73e2d]" started-at="2024-05-29T11:12:36 IST" name="getResult" finished-at="2024-05-29T11:12:38 IST" duration-ms="2109" status="PASS">
          <params>
            <param index="0">
              <value>
                <![CDATA[[TestResult name=navigateFetchRecord status=SUCCESS method=VerifyStagesCreate.navigateFetchRecord()[pri:4, instance:com.advaita.TestCase.VerifyStagesCreate@66d73e2d] output={null}]]]>
              </value>
            </param>
          </params>
          <reporter-output>
          </reporter-output>
        </test-method> <!-- getResult -->
        <test-method signature="VerifyStagesTabIsDisplayed()[pri:5, instance:com.advaita.TestCase.VerifyStagesCreate@66d73e2d]" started-at="2024-05-29T11:12:38 IST" name="VerifyStagesTabIsDisplayed" finished-at="2024-05-29T11:12:38 IST" duration-ms="51" status="PASS">
          <reporter-output>
          </reporter-output>
        </test-method> <!-- VerifyStagesTabIsDisplayed -->
        <test-method is-config="true" signature="getResult(org.testng.ITestResult)[pri:0, instance:com.advaita.TestCase.VerifyStagesCreate@66d73e2d]" started-at="2024-05-29T11:12:38 IST" name="getResult" finished-at="2024-05-29T11:12:40 IST" duration-ms="2065" status="PASS">
          <params>
            <param index="0">
              <value>
                <![CDATA[[TestResult name=VerifyStagesTabIsDisplayed status=SUCCESS method=VerifyStagesCreate.VerifyStagesTabIsDisplayed()[pri:5, instance:com.advaita.TestCase.VerifyStagesCreate@66d73e2d] output={null}]]]>
              </value>
            </param>
          </params>
          <reporter-output>
          </reporter-output>
        </test-method> <!-- getResult -->
        <test-method signature="verifyCreateStagesButton()[pri:6, instance:com.advaita.TestCase.VerifyStagesCreate@66d73e2d]" started-at="2024-05-29T11:12:40 IST" name="verifyCreateStagesButton" finished-at="2024-05-29T11:12:44 IST" duration-ms="4071" status="PASS">
          <reporter-output>
          </reporter-output>
        </test-method> <!-- verifyCreateStagesButton -->
        <test-method is-config="true" signature="getResult(org.testng.ITestResult)[pri:0, instance:com.advaita.TestCase.VerifyStagesCreate@66d73e2d]" started-at="2024-05-29T11:12:44 IST" name="getResult" finished-at="2024-05-29T11:12:46 IST" duration-ms="2051" status="PASS">
          <params>
            <param index="0">
              <value>
                <![CDATA[[TestResult name=verifyCreateStagesButton status=SUCCESS method=VerifyStagesCreate.verifyCreateStagesButton()[pri:6, instance:com.advaita.TestCase.VerifyStagesCreate@66d73e2d] output={null}]]]>
              </value>
            </param>
          </params>
          <reporter-output>
          </reporter-output>
        </test-method> <!-- getResult -->
        <test-method signature="verifyStageNameTextBox()[pri:7, instance:com.advaita.TestCase.VerifyStagesCreate@66d73e2d]" started-at="2024-05-29T11:12:46 IST" name="verifyStageNameTextBox" finished-at="2024-05-29T11:12:47 IST" duration-ms="145" status="PASS">
          <reporter-output>
          </reporter-output>
        </test-method> <!-- verifyStageNameTextBox -->
        <test-method is-config="true" signature="getResult(org.testng.ITestResult)[pri:0, instance:com.advaita.TestCase.VerifyStagesCreate@66d73e2d]" started-at="2024-05-29T11:12:47 IST" name="getResult" finished-at="2024-05-29T11:12:49 IST" duration-ms="2025" status="PASS">
          <params>
            <param index="0">
              <value>
                <![CDATA[[TestResult name=verifyStageNameTextBox status=SUCCESS method=VerifyStagesCreate.verifyStageNameTextBox()[pri:7, instance:com.advaita.TestCase.VerifyStagesCreate@66d73e2d] output={null}]]]>
              </value>
            </param>
          </params>
          <reporter-output>
          </reporter-output>
        </test-method> <!-- getResult -->
        <test-method signature="verifyStageSelectProcessDropDown()[pri:8, instance:com.advaita.TestCase.VerifyStagesCreate@66d73e2d]" started-at="2024-05-29T11:12:49 IST" name="verifyStageSelectProcessDropDown" finished-at="2024-05-29T11:12:51 IST" duration-ms="2171" status="PASS">
          <reporter-output>
          </reporter-output>
        </test-method> <!-- verifyStageSelectProcessDropDown -->
        <test-method is-config="true" signature="getResult(org.testng.ITestResult)[pri:0, instance:com.advaita.TestCase.VerifyStagesCreate@66d73e2d]" started-at="2024-05-29T11:12:51 IST" name="getResult" finished-at="2024-05-29T11:12:53 IST" duration-ms="2053" status="PASS">
          <params>
            <param index="0">
              <value>
                <![CDATA[[TestResult name=verifyStageSelectProcessDropDown status=SUCCESS method=VerifyStagesCreate.verifyStageSelectProcessDropDown()[pri:8, instance:com.advaita.TestCase.VerifyStagesCreate@66d73e2d] output={null}]]]>
              </value>
            </param>
          </params>
          <reporter-output>
          </reporter-output>
        </test-method> <!-- getResult -->
        <test-method signature="verifyStageSelectSubProcessDropDown()[pri:10, instance:com.advaita.TestCase.VerifyStagesCreate@66d73e2d]" started-at="2024-05-29T11:12:53 IST" name="verifyStageSelectSubProcessDropDown" finished-at="2024-05-29T11:12:54 IST" duration-ms="1139" status="PASS">
          <reporter-output>
          </reporter-output>
        </test-method> <!-- verifyStageSelectSubProcessDropDown -->
        <test-method is-config="true" signature="getResult(org.testng.ITestResult)[pri:0, instance:com.advaita.TestCase.VerifyStagesCreate@66d73e2d]" started-at="2024-05-29T11:12:54 IST" name="getResult" finished-at="2024-05-29T11:12:56 IST" duration-ms="2018" status="PASS">
          <params>
            <param index="0">
              <value>
                <![CDATA[[TestResult name=verifyStageSelectSubProcessDropDown status=SUCCESS method=VerifyStagesCreate.verifyStageSelectSubProcessDropDown()[pri:10, instance:com.advaita.TestCase.VerifyStagesCreate@66d73e2d] output={null}]]]>
              </value>
            </param>
          </params>
          <reporter-output>
          </reporter-output>
        </test-method> <!-- getResult -->
        <test-method signature="verifyStageSelectSubSubProcessDropDown()[pri:11, instance:com.advaita.TestCase.VerifyStagesCreate@66d73e2d]" started-at="2024-05-29T11:12:56 IST" name="verifyStageSelectSubSubProcessDropDown" finished-at="2024-05-29T11:12:57 IST" duration-ms="1170" status="PASS">
          <reporter-output>
          </reporter-output>
        </test-method> <!-- verifyStageSelectSubSubProcessDropDown -->
        <test-method is-config="true" signature="getResult(org.testng.ITestResult)[pri:0, instance:com.advaita.TestCase.VerifyStagesCreate@66d73e2d]" started-at="2024-05-29T11:12:57 IST" name="getResult" finished-at="2024-05-29T11:12:59 IST" duration-ms="2037" status="PASS">
          <params>
            <param index="0">
              <value>
                <![CDATA[[TestResult name=verifyStageSelectSubSubProcessDropDown status=SUCCESS method=VerifyStagesCreate.verifyStageSelectSubSubProcessDropDown()[pri:11, instance:com.advaita.TestCase.VerifyStagesCreate@66d73e2d] output={null}]]]>
              </value>
            </param>
          </params>
          <reporter-output>
          </reporter-output>
        </test-method> <!-- getResult -->
        <test-method signature="verifyStageCalculationTypeDropDown()[pri:12, instance:com.advaita.TestCase.VerifyStagesCreate@66d73e2d]" started-at="2024-05-29T11:12:59 IST" name="verifyStageCalculationTypeDropDown" finished-at="2024-05-29T11:12:59 IST" duration-ms="138" status="PASS">
          <reporter-output>
          </reporter-output>
        </test-method> <!-- verifyStageCalculationTypeDropDown -->
        <test-method is-config="true" signature="getResult(org.testng.ITestResult)[pri:0, instance:com.advaita.TestCase.VerifyStagesCreate@66d73e2d]" started-at="2024-05-29T11:12:59 IST" name="getResult" finished-at="2024-05-29T11:13:01 IST" duration-ms="2018" status="PASS">
          <params>
            <param index="0">
              <value>
                <![CDATA[[TestResult name=verifyStageCalculationTypeDropDown status=SUCCESS method=VerifyStagesCreate.verifyStageCalculationTypeDropDown()[pri:12, instance:com.advaita.TestCase.VerifyStagesCreate@66d73e2d] output={null}]]]>
              </value>
            </param>
          </params>
          <reporter-output>
          </reporter-output>
        </test-method> <!-- getResult -->
        <test-method signature="verifyAddSectionA()[pri:13, instance:com.advaita.TestCase.VerifyStagesCreate@66d73e2d]" started-at="2024-05-29T11:13:01 IST" name="verifyAddSectionA" finished-at="2024-05-29T11:13:04 IST" duration-ms="2957" status="FAIL">
          <exception class="java.lang.AssertionError">
            <message>
              <![CDATA[expected [true] but found [false]]]>
            </message>
            <full-stacktrace>
              <![CDATA[java.lang.AssertionError: expected [true] but found [false]
at org.testng.Assert.fail(Assert.java:111)
at org.testng.Assert.failNotEquals(Assert.java:1578)
at org.testng.Assert.assertTrue(Assert.java:57)
at org.testng.Assert.assertTrue(Assert.java:67)
at com.advaita.WorkFlowDesign.PageObject.Stages.verifyAddSectionA(Stages.java:320)
at com.advaita.TestCase.VerifyStagesCreate.verifyAddSectionA(VerifyStagesCreate.java:171)
at java.base/jdk.internal.reflect.DirectMethodHandleAccessor.invoke(DirectMethodHandleAccessor.java:103)
at java.base/java.lang.reflect.Method.invoke(Method.java:580)
at org.testng.internal.invokers.MethodInvocationHelper.invokeMethod(MethodInvocationHelper.java:139)
at org.testng.internal.invokers.TestInvoker.invokeMethod(TestInvoker.java:664)
at org.testng.internal.invokers.TestInvoker.invokeTestMethod(TestInvoker.java:228)
at org.testng.internal.invokers.MethodRunner.runInSequence(MethodRunner.java:63)
at org.testng.internal.invokers.TestInvoker$MethodInvocationAgent.invoke(TestInvoker.java:961)
at org.testng.internal.invokers.TestInvoker.invokeTestMethods(TestInvoker.java:201)
at org.testng.internal.invokers.TestMethodWorker.invokeTestMethods(TestMethodWorker.java:148)
at org.testng.internal.invokers.TestMethodWorker.run(TestMethodWorker.java:128)
at java.base/java.util.ArrayList.forEach(ArrayList.java:1596)
at org.testng.TestRunner.privateRun(TestRunner.java:819)
at org.testng.TestRunner.run(TestRunner.java:619)
at org.testng.SuiteRunner.runTest(SuiteRunner.java:443)
at org.testng.SuiteRunner.runSequentially(SuiteRunner.java:437)
at org.testng.SuiteRunner.privateRun(SuiteRunner.java:397)
at org.testng.SuiteRunner.run(SuiteRunner.java:336)
at org.testng.SuiteRunnerWorker.runSuite(SuiteRunnerWorker.java:52)
at org.testng.SuiteRunnerWorker.run(SuiteRunnerWorker.java:95)
at org.testng.TestNG.runSuitesSequentially(TestNG.java:1301)
at org.testng.TestNG.runSuitesLocally(TestNG.java:1228)
at org.testng.TestNG.runSuites(TestNG.java:1134)
at org.testng.TestNG.run(TestNG.java:1101)
at org.testng.remote.AbstractRemoteTestNG.run(AbstractRemoteTestNG.java:115)
at org.testng.remote.RemoteTestNG.initAndRun(RemoteTestNG.java:251)
at org.testng.remote.RemoteTestNG.main(RemoteTestNG.java:77)
]]>
            </full-stacktrace>
          </exception> <!-- java.lang.AssertionError -->
          <reporter-output>
          </reporter-output>
        </test-method> <!-- verifyAddSectionA -->
        <test-method is-config="true" signature="getResult(org.testng.ITestResult)[pri:0, instance:com.advaita.TestCase.VerifyStagesCreate@66d73e2d]" started-at="2024-05-29T11:13:04 IST" name="getResult" finished-at="2024-05-29T11:13:06 IST" duration-ms="2168" status="PASS">
          <params>
            <param index="0">
              <value>
                <![CDATA[[TestResult name=verifyAddSectionA status=FAILURE method=VerifyStagesCreate.verifyAddSectionA()[pri:13, instance:com.advaita.TestCase.VerifyStagesCreate@66d73e2d] output={null}]]]>
              </value>
            </param>
          </params>
          <reporter-output>
          </reporter-output>
        </test-method> <!-- getResult -->
        <test-method is-config="true" signature="tearDown()[pri:0, instance:com.advaita.TestCase.VerifyStagesCreate@66d73e2d]" started-at="2024-05-29T11:13:06 IST" name="tearDown" finished-at="2024-05-29T11:13:07 IST" duration-ms="341" status="PASS">
          <reporter-output>
          </reporter-output>
        </test-method> <!-- tearDown -->
      </class> <!-- com.advaita.TestCase.VerifyStagesCreate -->
    </test> <!-- Default test -->
  </suite> <!-- Default suite -->
</testng-results>
