<?xml version="1.0" encoding="UTF-8"?>
<testng-results ignored="0" total="1" passed="1" failed="0" skipped="0">
  <reporter-output>
  </reporter-output>
  <suite started-at="2025-02-26T13:39:49 IST" name="Default suite" finished-at="2025-02-26T13:40:07 IST" duration-ms="17744">
    <groups>
    </groups>
    <test started-at="2025-02-26T13:39:49 IST" name="Default test" finished-at="2025-02-26T13:40:07 IST" duration-ms="17744">
      <class name="com.advaita.EndtoEnd.run.test.MastersEndToEnd">
        <test-method is-config="true" signature="setUp()[pri:0, instance:com.advaita.EndtoEnd.run.test.MastersEndToEnd@362045c0]" started-at="2025-02-26T13:39:49 IST" name="setUp" finished-at="2025-02-26T13:39:59 IST" duration-ms="9541" status="PASS">
          <reporter-output>
          </reporter-output>
        </test-method> <!-- setUp -->
        <test-method signature="verifyCreateMastersAdd()[pri:4, instance:com.advaita.EndtoEnd.run.test.MastersEndToEnd@362045c0]" started-at="2025-02-26T13:39:59 IST" name="verifyCreateMastersAdd" finished-at="2025-02-26T13:40:06 IST" duration-ms="7478" status="PASS">
          <reporter-output>
          </reporter-output>
        </test-method> <!-- verifyCreateMastersAdd -->
        <test-method is-config="true" signature="getResult(org.testng.ITestResult)[pri:0, instance:com.advaita.EndtoEnd.run.test.MastersEndToEnd@362045c0]" started-at="2025-02-26T13:40:06 IST" name="getResult" finished-at="2025-02-26T13:40:07 IST" duration-ms="624" status="PASS">
          <params>
            <param index="0">
              <value>
                <![CDATA[[TestResult name=verifyCreateMastersAdd status=SUCCESS method=MastersEndToEnd.verifyCreateMastersAdd()[pri:4, instance:com.advaita.EndtoEnd.run.test.MastersEndToEnd@362045c0] output={null}]]]>
              </value>
            </param>
          </params>
          <reporter-output>
          </reporter-output>
        </test-method> <!-- getResult -->
        <test-method is-config="true" signature="tearDown()[pri:0, instance:com.advaita.EndtoEnd.run.test.MastersEndToEnd@362045c0]" started-at="2025-02-26T13:40:07 IST" name="tearDown" finished-at="2025-02-26T13:40:07 IST" duration-ms="17" status="PASS">
          <reporter-output>
          </reporter-output>
        </test-method> <!-- tearDown -->
      </class> <!-- com.advaita.EndtoEnd.run.test.MastersEndToEnd -->
    </test> <!-- Default test -->
  </suite> <!-- Default suite -->
</testng-results>
