<?xml version="1.0" encoding="UTF-8"?>
<testng-results ignored="0" total="1" passed="1" failed="0" skipped="0">
  <reporter-output>
  </reporter-output>
  <suite started-at="2024-05-30T12:37:36 IST" name="Default suite" finished-at="2024-05-30T12:37:59 IST" duration-ms="22942">
    <groups>
    </groups>
    <test started-at="2024-05-30T12:37:36 IST" name="Default test" finished-at="2024-05-30T12:37:59 IST" duration-ms="22942">
      <class name="com.advaita.TestCase.VerifyProcess">
        <test-method is-config="true" signature="setUp()[pri:0, instance:com.advaita.TestCase.VerifyProcess@239fdf8f]" started-at="2024-05-30T12:37:36 IST" name="setUp" finished-at="2024-05-30T12:37:42 IST" duration-ms="6160" status="PASS">
          <reporter-output>
          </reporter-output>
        </test-method> <!-- setUp -->
        <test-method signature="verifyProcessEdit()[pri:2, instance:com.advaita.TestCase.VerifyProcess@239fdf8f]" started-at="2024-05-30T12:37:42 IST" name="verifyProcessEdit" finished-at="2024-05-30T12:37:58 IST" duration-ms="16016" status="PASS">
          <reporter-output>
          </reporter-output>
        </test-method> <!-- verifyProcessEdit -->
        <test-method is-config="true" signature="tearDown()[pri:0, instance:com.advaita.TestCase.VerifyProcess@239fdf8f]" started-at="2024-05-30T12:37:58 IST" name="tearDown" finished-at="2024-05-30T12:37:59 IST" duration-ms="717" status="PASS">
          <reporter-output>
          </reporter-output>
        </test-method> <!-- tearDown -->
      </class> <!-- com.advaita.TestCase.VerifyProcess -->
    </test> <!-- Default test -->
  </suite> <!-- Default suite -->
</testng-results>
