<?xml version="1.0" encoding="UTF-8"?>
<testng-results ignored="0" total="3" passed="3" failed="0" skipped="0">
  <reporter-output>
  </reporter-output>
  <suite started-at="2024-05-13T11:05:32 IST" name="Default suite" finished-at="2024-05-13T11:07:04 IST" duration-ms="91663">
    <groups>
    </groups>
    <test started-at="2024-05-13T11:05:32 IST" name="Default test" finished-at="2024-05-13T11:07:04 IST" duration-ms="91663">
      <class name="com.advaita.TestCase.VerifyNonMeasurableSetPage">
        <test-method is-config="true" signature="setUp()[pri:0, instance:com.advaita.TestCase.VerifyNonMeasurableSetPage@4f1bfe23]" started-at="2024-05-13T11:05:32 IST" name="setUp" finished-at="2024-05-13T11:05:47 IST" duration-ms="14614" status="PASS">
          <reporter-output>
          </reporter-output>
        </test-method> <!-- setUp -->
        <test-method signature="verifyNonMeasurableSetCreatePage()[pri:1, instance:com.advaita.TestCase.VerifyNonMeasurableSetPage@4f1bfe23]" started-at="2024-05-13T11:05:47 IST" name="verifyNonMeasurableSetCreatePage" finished-at="2024-05-13T11:06:30 IST" duration-ms="42764" status="PASS">
          <reporter-output>
          </reporter-output>
        </test-method> <!-- verifyNonMeasurableSetCreatePage -->
        <test-method signature="verifyNonMeasurableSetEditePage()[pri:2, instance:com.advaita.TestCase.VerifyNonMeasurableSetPage@4f1bfe23]" started-at="2024-05-13T11:06:30 IST" name="verifyNonMeasurableSetEditePage" finished-at="2024-05-13T11:06:43 IST" duration-ms="12789" status="PASS">
          <reporter-output>
          </reporter-output>
        </test-method> <!-- verifyNonMeasurableSetEditePage -->
        <test-method signature="verifyNonMeasurableSetTablePage()[pri:3, instance:com.advaita.TestCase.VerifyNonMeasurableSetPage@4f1bfe23]" started-at="2024-05-13T11:06:43 IST" name="verifyNonMeasurableSetTablePage" finished-at="2024-05-13T11:07:03 IST" duration-ms="20431" status="PASS">
          <reporter-output>
          </reporter-output>
        </test-method> <!-- verifyNonMeasurableSetTablePage -->
        <test-method is-config="true" signature="tearDown()[pri:0, instance:com.advaita.TestCase.VerifyNonMeasurableSetPage@4f1bfe23]" started-at="2024-05-13T11:07:03 IST" name="tearDown" finished-at="2024-05-13T11:07:04 IST" duration-ms="953" status="PASS">
          <reporter-output>
          </reporter-output>
        </test-method> <!-- tearDown -->
      </class> <!-- com.advaita.TestCase.VerifyNonMeasurableSetPage -->
    </test> <!-- Default test -->
  </suite> <!-- Default suite -->
</testng-results>
