<?xml version="1.0" encoding="UTF-8"?>
<testng-results ignored="11" total="14" passed="3" failed="0" skipped="0">
  <reporter-output>
  </reporter-output>
  <suite started-at="2025-11-03T15:21:55 IST" name="Default suite" finished-at="2025-11-03T15:22:12 IST" duration-ms="16883">
    <groups>
    </groups>
    <test started-at="2025-11-03T15:21:55 IST" name="Default test" finished-at="2025-11-03T15:22:12 IST" duration-ms="16883">
      <class name="com.advaita.TestTable.TestDataSetTable">
        <test-method is-config="true" signature="setUp()[pri:0, instance:com.advaita.TestTable.TestDataSetTable@7c011174]" started-at="2025-11-03T15:21:55 IST" name="setUp" finished-at="2025-11-03T15:22:06 IST" duration-ms="10821" status="PASS">
          <reporter-output>
          </reporter-output>
        </test-method> <!-- setUp -->
        <test-method signature="navigateToDatasetPageAndVerify()[pri:0, instance:com.advaita.TestTable.TestDataSetTable@7c011174]" started-at="2025-11-03T15:22:06 IST" name="navigateToDatasetPageAndVerify" finished-at="2025-11-03T15:22:07 IST" duration-ms="1929" status="PASS">
          <reporter-output>
          </reporter-output>
        </test-method> <!-- navigateToDatasetPageAndVerify -->
        <test-method signature="searchDataSetManualley()[pri:0, instance:com.advaita.TestTable.TestDataSetTable@7c011174]" started-at="2025-11-03T15:22:07 IST" name="searchDataSetManualley" description="Verify The User is able To search Through Dataset manualley" finished-at="2025-11-03T15:22:09 IST" depends-on-methods="com.advaita.TestTable.TestDataSetTable.navigateToDatasetPageAndVerify" duration-ms="1983" status="PASS">
          <reporter-output>
          </reporter-output>
        </test-method> <!-- searchDataSetManualley -->
        <test-method signature="testIsMask()[pri:0, instance:com.advaita.TestTable.TestDataSetTable@7c011174]" started-at="2025-11-03T15:22:09 IST" name="testIsMask" description="Verify The User is able To isMask Dataset manualley" finished-at="2025-11-03T15:22:12 IST" depends-on-methods="com.advaita.TestTable.TestDataSetTable.searchDataSetManualley" duration-ms="2083" status="PASS">
          <reporter-output>
          </reporter-output>
        </test-method> <!-- testIsMask -->
      </class> <!-- com.advaita.TestTable.TestDataSetTable -->
    </test> <!-- Default test -->
  </suite> <!-- Default suite -->
</testng-results>
