<?xml version="1.0" encoding="UTF-8"?>
<testng-results ignored="0" total="1" passed="1" failed="0" skipped="0">
  <reporter-output>
  </reporter-output>
  <suite started-at="2024-09-23T16:09:07 IST" name="Default suite" finished-at="2024-09-23T16:09:46 IST" duration-ms="38326">
    <groups>
    </groups>
    <test started-at="2024-09-23T16:09:07 IST" name="Default test" finished-at="2024-09-23T16:09:46 IST" duration-ms="38326">
      <class name="com.advaita.TestCreate.TestSmstemplateCreate">
        <test-method is-config="true" signature="setUp()[pri:0, instance:com.advaita.TestCreate.TestSmstemplateCreate@3976ebfa]" started-at="2024-09-23T16:09:07 IST" name="setUp" finished-at="2024-09-23T16:09:22 IST" duration-ms="14724" status="PASS">
          <reporter-output>
          </reporter-output>
        </test-method> <!-- setUp -->
        <test-method signature="Disposition()[pri:0, instance:com.advaita.TestCreate.TestSmstemplateCreate@3976ebfa]" started-at="2024-09-23T16:09:22 IST" name="Disposition" finished-at="2024-09-23T16:09:46 IST" duration-ms="23543" status="PASS">
          <reporter-output>
          </reporter-output>
        </test-method> <!-- Disposition -->
      </class> <!-- com.advaita.TestCreate.TestSmstemplateCreate -->
    </test> <!-- Default test -->
  </suite> <!-- Default suite -->
</testng-results>
