<?xml version="1.0" encoding="UTF-8"?>
<testng-results ignored="0" total="11" passed="11" failed="0" skipped="0">
  <reporter-output>
  </reporter-output>
  <suite started-at="2024-09-23T13:11:33 IST" name="Default suite" finished-at="2024-09-23T13:12:22 IST" duration-ms="49026">
    <groups>
    </groups>
    <test started-at="2024-09-23T13:11:33 IST" name="Default test" finished-at="2024-09-23T13:12:22 IST" duration-ms="49026">
      <class name="com.advaita.TestCreate.TestStagesCreate">
        <test-method is-config="true" signature="setUp()[pri:0, instance:com.advaita.TestCreate.TestStagesCreate@21ce3b22]" started-at="2024-09-23T13:11:33 IST" name="setUp" finished-at="2024-09-23T13:11:42 IST" duration-ms="9311" status="PASS">
          <reporter-output>
          </reporter-output>
        </test-method> <!-- setUp -->
        <test-method signature="VerifyStagesTabIsDisplayed()[pri:5, instance:com.advaita.TestCreate.TestStagesCreate@21ce3b22]" started-at="2024-09-23T13:11:42 IST" name="VerifyStagesTabIsDisplayed" finished-at="2024-09-23T13:11:43 IST" duration-ms="1070" status="PASS">
          <reporter-output>
          </reporter-output>
        </test-method> <!-- VerifyStagesTabIsDisplayed -->
        <test-method is-config="true" signature="getResult(org.testng.ITestResult)[pri:0, instance:com.advaita.TestCreate.TestStagesCreate@21ce3b22]" started-at="2024-09-23T13:11:43 IST" name="getResult" finished-at="2024-09-23T13:11:44 IST" duration-ms="715" status="PASS">
          <params>
            <param index="0">
              <value>
                <![CDATA[[TestResult name=VerifyStagesTabIsDisplayed status=SUCCESS method=TestStagesCreate.VerifyStagesTabIsDisplayed()[pri:5, instance:com.advaita.TestCreate.TestStagesCreate@21ce3b22] output={null}]]]>
              </value>
            </param>
          </params>
          <reporter-output>
          </reporter-output>
        </test-method> <!-- getResult -->
        <test-method signature="verifyCreateStagesButton()[pri:6, instance:com.advaita.TestCreate.TestStagesCreate@21ce3b22]" started-at="2024-09-23T13:11:44 IST" name="verifyCreateStagesButton" finished-at="2024-09-23T13:11:45 IST" duration-ms="950" status="PASS">
          <reporter-output>
          </reporter-output>
        </test-method> <!-- verifyCreateStagesButton -->
        <test-method is-config="true" signature="getResult(org.testng.ITestResult)[pri:0, instance:com.advaita.TestCreate.TestStagesCreate@21ce3b22]" started-at="2024-09-23T13:11:45 IST" name="getResult" finished-at="2024-09-23T13:11:45 IST" duration-ms="21" status="PASS">
          <params>
            <param index="0">
              <value>
                <![CDATA[[TestResult name=verifyCreateStagesButton status=SUCCESS method=TestStagesCreate.verifyCreateStagesButton()[pri:6, instance:com.advaita.TestCreate.TestStagesCreate@21ce3b22] output={null}]]]>
              </value>
            </param>
          </params>
          <reporter-output>
          </reporter-output>
        </test-method> <!-- getResult -->
        <test-method signature="verifyStageNameTextBox()[pri:7, instance:com.advaita.TestCreate.TestStagesCreate@21ce3b22]" started-at="2024-09-23T13:11:45 IST" name="verifyStageNameTextBox" finished-at="2024-09-23T13:11:45 IST" duration-ms="225" status="PASS">
          <reporter-output>
          </reporter-output>
        </test-method> <!-- verifyStageNameTextBox -->
        <test-method is-config="true" signature="getResult(org.testng.ITestResult)[pri:0, instance:com.advaita.TestCreate.TestStagesCreate@21ce3b22]" started-at="2024-09-23T13:11:45 IST" name="getResult" finished-at="2024-09-23T13:11:45 IST" duration-ms="16" status="PASS">
          <params>
            <param index="0">
              <value>
                <![CDATA[[TestResult name=verifyStageNameTextBox status=SUCCESS method=TestStagesCreate.verifyStageNameTextBox()[pri:7, instance:com.advaita.TestCreate.TestStagesCreate@21ce3b22] output={null}]]]>
              </value>
            </param>
          </params>
          <reporter-output>
          </reporter-output>
        </test-method> <!-- getResult -->
        <test-method signature="verifyStageSelectProcessDropDown()[pri:8, instance:com.advaita.TestCreate.TestStagesCreate@21ce3b22]" started-at="2024-09-23T13:11:45 IST" name="verifyStageSelectProcessDropDown" finished-at="2024-09-23T13:11:46 IST" duration-ms="1358" status="PASS">
          <reporter-output>
          </reporter-output>
        </test-method> <!-- verifyStageSelectProcessDropDown -->
        <test-method is-config="true" signature="getResult(org.testng.ITestResult)[pri:0, instance:com.advaita.TestCreate.TestStagesCreate@21ce3b22]" started-at="2024-09-23T13:11:46 IST" name="getResult" finished-at="2024-09-23T13:11:46 IST" duration-ms="24" status="PASS">
          <params>
            <param index="0">
              <value>
                <![CDATA[[TestResult name=verifyStageSelectProcessDropDown status=SUCCESS method=TestStagesCreate.verifyStageSelectProcessDropDown()[pri:8, instance:com.advaita.TestCreate.TestStagesCreate@21ce3b22] output={null}]]]>
              </value>
            </param>
          </params>
          <reporter-output>
          </reporter-output>
        </test-method> <!-- getResult -->
        <test-method signature="verifyStageSelectSubProcessDropDown()[pri:10, instance:com.advaita.TestCreate.TestStagesCreate@21ce3b22]" started-at="2024-09-23T13:11:46 IST" name="verifyStageSelectSubProcessDropDown" finished-at="2024-09-23T13:11:48 IST" duration-ms="1274" status="PASS">
          <reporter-output>
          </reporter-output>
        </test-method> <!-- verifyStageSelectSubProcessDropDown -->
        <test-method is-config="true" signature="getResult(org.testng.ITestResult)[pri:0, instance:com.advaita.TestCreate.TestStagesCreate@21ce3b22]" started-at="2024-09-23T13:11:48 IST" name="getResult" finished-at="2024-09-23T13:11:48 IST" duration-ms="18" status="PASS">
          <params>
            <param index="0">
              <value>
                <![CDATA[[TestResult name=verifyStageSelectSubProcessDropDown status=SUCCESS method=TestStagesCreate.verifyStageSelectSubProcessDropDown()[pri:10, instance:com.advaita.TestCreate.TestStagesCreate@21ce3b22] output={null}]]]>
              </value>
            </param>
          </params>
          <reporter-output>
          </reporter-output>
        </test-method> <!-- getResult -->
        <test-method signature="verifyStageSelectSubSubProcessDropDown()[pri:11, instance:com.advaita.TestCreate.TestStagesCreate@21ce3b22]" started-at="2024-09-23T13:11:48 IST" name="verifyStageSelectSubSubProcessDropDown" finished-at="2024-09-23T13:11:49 IST" duration-ms="1290" status="PASS">
          <reporter-output>
          </reporter-output>
        </test-method> <!-- verifyStageSelectSubSubProcessDropDown -->
        <test-method is-config="true" signature="getResult(org.testng.ITestResult)[pri:0, instance:com.advaita.TestCreate.TestStagesCreate@21ce3b22]" started-at="2024-09-23T13:11:49 IST" name="getResult" finished-at="2024-09-23T13:11:49 IST" duration-ms="57" status="PASS">
          <params>
            <param index="0">
              <value>
                <![CDATA[[TestResult name=verifyStageSelectSubSubProcessDropDown status=SUCCESS method=TestStagesCreate.verifyStageSelectSubSubProcessDropDown()[pri:11, instance:com.advaita.TestCreate.TestStagesCreate@21ce3b22] output={null}]]]>
              </value>
            </param>
          </params>
          <reporter-output>
          </reporter-output>
        </test-method> <!-- getResult -->
        <test-method signature="verifyStageCalculationTypeDropDown()[pri:12, instance:com.advaita.TestCreate.TestStagesCreate@21ce3b22]" started-at="2024-09-23T13:11:49 IST" name="verifyStageCalculationTypeDropDown" finished-at="2024-09-23T13:11:49 IST" duration-ms="210" status="PASS">
          <reporter-output>
          </reporter-output>
        </test-method> <!-- verifyStageCalculationTypeDropDown -->
        <test-method is-config="true" signature="getResult(org.testng.ITestResult)[pri:0, instance:com.advaita.TestCreate.TestStagesCreate@21ce3b22]" started-at="2024-09-23T13:11:49 IST" name="getResult" finished-at="2024-09-23T13:11:49 IST" duration-ms="16" status="PASS">
          <params>
            <param index="0">
              <value>
                <![CDATA[[TestResult name=verifyStageCalculationTypeDropDown status=SUCCESS method=TestStagesCreate.verifyStageCalculationTypeDropDown()[pri:12, instance:com.advaita.TestCreate.TestStagesCreate@21ce3b22] output={null}]]]>
              </value>
            </param>
          </params>
          <reporter-output>
          </reporter-output>
        </test-method> <!-- getResult -->
        <test-method signature="verifyAddSectionA()[pri:13, instance:com.advaita.TestCreate.TestStagesCreate@21ce3b22]" started-at="2024-09-23T13:11:49 IST" name="verifyAddSectionA" finished-at="2024-09-23T13:11:53 IST" duration-ms="3657" status="PASS">
          <reporter-output>
          </reporter-output>
        </test-method> <!-- verifyAddSectionA -->
        <test-method is-config="true" signature="getResult(org.testng.ITestResult)[pri:0, instance:com.advaita.TestCreate.TestStagesCreate@21ce3b22]" started-at="2024-09-23T13:11:53 IST" name="getResult" finished-at="2024-09-23T13:11:53 IST" duration-ms="32" status="PASS">
          <params>
            <param index="0">
              <value>
                <![CDATA[[TestResult name=verifyAddSectionA status=SUCCESS method=TestStagesCreate.verifyAddSectionA()[pri:13, instance:com.advaita.TestCreate.TestStagesCreate@21ce3b22] output={null}]]]>
              </value>
            </param>
          </params>
          <reporter-output>
          </reporter-output>
        </test-method> <!-- getResult -->
        <test-method signature="verifySectionB_addBlock()[pri:14, instance:com.advaita.TestCreate.TestStagesCreate@21ce3b22]" started-at="2024-09-23T13:11:53 IST" name="verifySectionB_addBlock" finished-at="2024-09-23T13:11:55 IST" duration-ms="2046" status="PASS">
          <reporter-output>
          </reporter-output>
        </test-method> <!-- verifySectionB_addBlock -->
        <test-method is-config="true" signature="getResult(org.testng.ITestResult)[pri:0, instance:com.advaita.TestCreate.TestStagesCreate@21ce3b22]" started-at="2024-09-23T13:11:55 IST" name="getResult" finished-at="2024-09-23T13:11:55 IST" duration-ms="64" status="PASS">
          <params>
            <param index="0">
              <value>
                <![CDATA[[TestResult name=verifySectionB_addBlock status=SUCCESS method=TestStagesCreate.verifySectionB_addBlock()[pri:14, instance:com.advaita.TestCreate.TestStagesCreate@21ce3b22] output={null}]]]>
              </value>
            </param>
          </params>
          <reporter-output>
          </reporter-output>
        </test-method> <!-- getResult -->
        <test-method signature="verifySelectMetaDataInAddBlockSectionB()[pri:15, instance:com.advaita.TestCreate.TestStagesCreate@21ce3b22]" started-at="2024-09-23T13:11:55 IST" name="verifySelectMetaDataInAddBlockSectionB" finished-at="2024-09-23T13:12:09 IST" duration-ms="14123" status="PASS">
          <reporter-output>
          </reporter-output>
        </test-method> <!-- verifySelectMetaDataInAddBlockSectionB -->
        <test-method is-config="true" signature="getResult(org.testng.ITestResult)[pri:0, instance:com.advaita.TestCreate.TestStagesCreate@21ce3b22]" started-at="2024-09-23T13:12:09 IST" name="getResult" finished-at="2024-09-23T13:12:09 IST" duration-ms="48" status="PASS">
          <params>
            <param index="0">
              <value>
                <![CDATA[[TestResult name=verifySelectMetaDataInAddBlockSectionB status=SUCCESS method=TestStagesCreate.verifySelectMetaDataInAddBlockSectionB()[pri:15, instance:com.advaita.TestCreate.TestStagesCreate@21ce3b22] output={null}]]]>
              </value>
            </param>
          </params>
          <reporter-output>
          </reporter-output>
        </test-method> <!-- getResult -->
        <test-method signature="verifyAddSection()[pri:16, instance:com.advaita.TestCreate.TestStagesCreate@21ce3b22]" started-at="2024-09-23T13:12:09 IST" name="verifyAddSection" finished-at="2024-09-23T13:12:21 IST" duration-ms="12264" status="PASS">
          <reporter-output>
          </reporter-output>
        </test-method> <!-- verifyAddSection -->
        <test-method is-config="true" signature="getResult(org.testng.ITestResult)[pri:0, instance:com.advaita.TestCreate.TestStagesCreate@21ce3b22]" started-at="2024-09-23T13:12:21 IST" name="getResult" finished-at="2024-09-23T13:12:22 IST" duration-ms="95" status="PASS">
          <params>
            <param index="0">
              <value>
                <![CDATA[[TestResult name=verifyAddSection status=SUCCESS method=TestStagesCreate.verifyAddSection()[pri:16, instance:com.advaita.TestCreate.TestStagesCreate@21ce3b22] output={null}]]]>
              </value>
            </param>
          </params>
          <reporter-output>
          </reporter-output>
        </test-method> <!-- getResult -->
        <test-method is-config="true" signature="tearDown()[pri:0, instance:com.advaita.TestCreate.TestStagesCreate@21ce3b22]" started-at="2024-09-23T13:12:22 IST" name="tearDown" finished-at="2024-09-23T13:12:22 IST" duration-ms="26" status="PASS">
          <reporter-output>
          </reporter-output>
        </test-method> <!-- tearDown -->
      </class> <!-- com.advaita.TestCreate.TestStagesCreate -->
    </test> <!-- Default test -->
  </suite> <!-- Default suite -->
</testng-results>
