<?xml version="1.0" encoding="UTF-8"?>
<testng-results ignored="0" total="5" passed="5" failed="0" skipped="0">
  <reporter-output>
  </reporter-output>
  <suite started-at="2024-06-11T18:24:16 IST" name="Default suite" finished-at="2024-06-11T18:24:44 IST" duration-ms="28033">
    <groups>
    </groups>
    <test started-at="2024-06-11T18:24:16 IST" name="Default test" finished-at="2024-06-11T18:24:44 IST" duration-ms="28033">
      <class name="com.advaita.TestCreate.TestMasterFieldsSetCreate">
        <test-method is-config="true" signature="setUp()[pri:0, instance:com.advaita.TestCreate.TestMasterFieldsSetCreate@7ae9a33a]" started-at="2024-06-11T18:24:16 IST" name="setUp" finished-at="2024-06-11T18:24:27 IST" duration-ms="10909" status="PASS">
          <reporter-output>
          </reporter-output>
        </test-method> <!-- setUp -->
        <test-method signature="verifyTabsForFieldSetCreate()[pri:1, instance:com.advaita.TestCreate.TestMasterFieldsSetCreate@7ae9a33a]" started-at="2024-06-11T18:24:27 IST" name="verifyTabsForFieldSetCreate" finished-at="2024-06-11T18:24:30 IST" duration-ms="2673" status="PASS">
          <reporter-output>
          </reporter-output>
        </test-method> <!-- verifyTabsForFieldSetCreate -->
        <test-method is-config="true" signature="getResult(org.testng.ITestResult)[pri:0, instance:com.advaita.TestCreate.TestMasterFieldsSetCreate@7ae9a33a]" started-at="2024-06-11T18:24:30 IST" name="getResult" finished-at="2024-06-11T18:24:31 IST" duration-ms="1067" status="PASS">
          <params>
            <param index="0">
              <value>
                <![CDATA[[TestResult name=verifyTabsForFieldSetCreate status=SUCCESS method=TestMasterFieldsSetCreate.verifyTabsForFieldSetCreate()[pri:1, instance:com.advaita.TestCreate.TestMasterFieldsSetCreate@7ae9a33a] output={null}]]]>
              </value>
            </param>
          </params>
          <reporter-output>
          </reporter-output>
        </test-method> <!-- getResult -->
        <test-method signature="verifyFieldSetCreateButton()[pri:2, instance:com.advaita.TestCreate.TestMasterFieldsSetCreate@7ae9a33a]" started-at="2024-06-11T18:24:31 IST" name="verifyFieldSetCreateButton" finished-at="2024-06-11T18:24:32 IST" duration-ms="1141" status="PASS">
          <reporter-output>
          </reporter-output>
        </test-method> <!-- verifyFieldSetCreateButton -->
        <test-method is-config="true" signature="getResult(org.testng.ITestResult)[pri:0, instance:com.advaita.TestCreate.TestMasterFieldsSetCreate@7ae9a33a]" started-at="2024-06-11T18:24:32 IST" name="getResult" finished-at="2024-06-11T18:24:32 IST" duration-ms="31" status="PASS">
          <params>
            <param index="0">
              <value>
                <![CDATA[[TestResult name=verifyFieldSetCreateButton status=SUCCESS method=TestMasterFieldsSetCreate.verifyFieldSetCreateButton()[pri:2, instance:com.advaita.TestCreate.TestMasterFieldsSetCreate@7ae9a33a] output={null}]]]>
              </value>
            </param>
          </params>
          <reporter-output>
          </reporter-output>
        </test-method> <!-- getResult -->
        <test-method signature="verifyQuestionSetNameField()[pri:3, instance:com.advaita.TestCreate.TestMasterFieldsSetCreate@7ae9a33a]" started-at="2024-06-11T18:24:32 IST" name="verifyQuestionSetNameField" finished-at="2024-06-11T18:24:32 IST" duration-ms="496" status="PASS">
          <reporter-output>
          </reporter-output>
        </test-method> <!-- verifyQuestionSetNameField -->
        <test-method is-config="true" signature="getResult(org.testng.ITestResult)[pri:0, instance:com.advaita.TestCreate.TestMasterFieldsSetCreate@7ae9a33a]" started-at="2024-06-11T18:24:32 IST" name="getResult" finished-at="2024-06-11T18:24:32 IST" duration-ms="32" status="PASS">
          <params>
            <param index="0">
              <value>
                <![CDATA[[TestResult name=verifyQuestionSetNameField status=SUCCESS method=TestMasterFieldsSetCreate.verifyQuestionSetNameField()[pri:3, instance:com.advaita.TestCreate.TestMasterFieldsSetCreate@7ae9a33a] output={null}]]]>
              </value>
            </param>
          </params>
          <reporter-output>
          </reporter-output>
        </test-method> <!-- getResult -->
        <test-method signature="verifyDefaultSection1()[pri:4, instance:com.advaita.TestCreate.TestMasterFieldsSetCreate@7ae9a33a]" started-at="2024-06-11T18:24:32 IST" name="verifyDefaultSection1" finished-at="2024-06-11T18:24:38 IST" duration-ms="5984" status="PASS">
          <reporter-output>
          </reporter-output>
        </test-method> <!-- verifyDefaultSection1 -->
        <test-method is-config="true" signature="getResult(org.testng.ITestResult)[pri:0, instance:com.advaita.TestCreate.TestMasterFieldsSetCreate@7ae9a33a]" started-at="2024-06-11T18:24:38 IST" name="getResult" finished-at="2024-06-11T18:24:38 IST" duration-ms="70" status="PASS">
          <params>
            <param index="0">
              <value>
                <![CDATA[[TestResult name=verifyDefaultSection1 status=SUCCESS method=TestMasterFieldsSetCreate.verifyDefaultSection1()[pri:4, instance:com.advaita.TestCreate.TestMasterFieldsSetCreate@7ae9a33a] output={null}]]]>
              </value>
            </param>
          </params>
          <reporter-output>
          </reporter-output>
        </test-method> <!-- getResult -->
        <test-method signature="verifyByAddingQuestionsAndQuestionsType()[pri:5, instance:com.advaita.TestCreate.TestMasterFieldsSetCreate@7ae9a33a]" started-at="2024-06-11T18:24:38 IST" name="verifyByAddingQuestionsAndQuestionsType" finished-at="2024-06-11T18:24:42 IST" duration-ms="3474" status="PASS">
          <reporter-output>
          </reporter-output>
        </test-method> <!-- verifyByAddingQuestionsAndQuestionsType -->
        <test-method is-config="true" signature="getResult(org.testng.ITestResult)[pri:0, instance:com.advaita.TestCreate.TestMasterFieldsSetCreate@7ae9a33a]" started-at="2024-06-11T18:24:42 IST" name="getResult" finished-at="2024-06-11T18:24:42 IST" duration-ms="21" status="PASS">
          <params>
            <param index="0">
              <value>
                <![CDATA[[TestResult name=verifyByAddingQuestionsAndQuestionsType status=SUCCESS method=TestMasterFieldsSetCreate.verifyByAddingQuestionsAndQuestionsType()[pri:5, instance:com.advaita.TestCreate.TestMasterFieldsSetCreate@7ae9a33a] output={null}]]]>
              </value>
            </param>
          </params>
          <reporter-output>
          </reporter-output>
        </test-method> <!-- getResult -->
        <test-method is-config="true" signature="tearDown()[pri:0, instance:com.advaita.TestCreate.TestMasterFieldsSetCreate@7ae9a33a]" started-at="2024-06-11T18:24:42 IST" name="tearDown" finished-at="2024-06-11T18:24:44 IST" duration-ms="2016" status="PASS">
          <reporter-output>
          </reporter-output>
        </test-method> <!-- tearDown -->
      </class> <!-- com.advaita.TestCreate.TestMasterFieldsSetCreate -->
    </test> <!-- Default test -->
  </suite> <!-- Default suite -->
</testng-results>
