<?xml version="1.0" encoding="UTF-8"?>
<testng-results ignored="0" total="11" passed="11" failed="0" skipped="0">
  <reporter-output>
  </reporter-output>
  <suite started-at="2024-07-01T14:44:11 IST" name="Default suite" finished-at="2024-07-01T14:45:31 IST" duration-ms="80144">
    <groups>
    </groups>
    <test started-at="2024-07-01T14:44:11 IST" name="Default test" finished-at="2024-07-01T14:45:31 IST" duration-ms="80144">
      <class name="com.advaita.TestCreate.TestMasterFieldsSetCreate">
        <test-method is-config="true" signature="setUp()[pri:0, instance:com.advaita.TestCreate.TestMasterFieldsSetCreate@29528a22]" started-at="2024-07-01T14:44:11 IST" name="setUp" finished-at="2024-07-01T14:44:22 IST" duration-ms="11378" status="PASS">
          <reporter-output>
          </reporter-output>
        </test-method> <!-- setUp -->
        <test-method signature="verifyTabsForFieldSetCreate()[pri:1, instance:com.advaita.TestCreate.TestMasterFieldsSetCreate@29528a22]" started-at="2024-07-01T14:44:22 IST" name="verifyTabsForFieldSetCreate" finished-at="2024-07-01T14:44:24 IST" duration-ms="1590" status="PASS">
          <reporter-output>
          </reporter-output>
        </test-method> <!-- verifyTabsForFieldSetCreate -->
        <test-method is-config="true" signature="getResult(org.testng.ITestResult)[pri:0, instance:com.advaita.TestCreate.TestMasterFieldsSetCreate@29528a22]" started-at="2024-07-01T14:44:24 IST" name="getResult" finished-at="2024-07-01T14:44:24 IST" duration-ms="608" status="PASS">
          <params>
            <param index="0">
              <value>
                <![CDATA[[TestResult name=verifyTabsForFieldSetCreate status=SUCCESS method=TestMasterFieldsSetCreate.verifyTabsForFieldSetCreate()[pri:1, instance:com.advaita.TestCreate.TestMasterFieldsSetCreate@29528a22] output={null}]]]>
              </value>
            </param>
          </params>
          <reporter-output>
          </reporter-output>
        </test-method> <!-- getResult -->
        <test-method signature="verifyBeforeFieldSetCount()[pri:2, instance:com.advaita.TestCreate.TestMasterFieldsSetCreate@29528a22]" started-at="2024-07-01T14:44:24 IST" name="verifyBeforeFieldSetCount" finished-at="2024-07-01T14:44:26 IST" duration-ms="2056" status="PASS">
          <reporter-output>
          </reporter-output>
        </test-method> <!-- verifyBeforeFieldSetCount -->
        <test-method is-config="true" signature="getResult(org.testng.ITestResult)[pri:0, instance:com.advaita.TestCreate.TestMasterFieldsSetCreate@29528a22]" started-at="2024-07-01T14:44:27 IST" name="getResult" finished-at="2024-07-01T14:44:27 IST" duration-ms="48" status="PASS">
          <params>
            <param index="0">
              <value>
                <![CDATA[[TestResult name=verifyBeforeFieldSetCount status=SUCCESS method=TestMasterFieldsSetCreate.verifyBeforeFieldSetCount()[pri:2, instance:com.advaita.TestCreate.TestMasterFieldsSetCreate@29528a22] output={null}]]]>
              </value>
            </param>
          </params>
          <reporter-output>
          </reporter-output>
        </test-method> <!-- getResult -->
        <test-method signature="verifyFieldSetCreateButton()[pri:3, instance:com.advaita.TestCreate.TestMasterFieldsSetCreate@29528a22]" started-at="2024-07-01T14:44:27 IST" name="verifyFieldSetCreateButton" finished-at="2024-07-01T14:44:27 IST" duration-ms="804" status="PASS">
          <reporter-output>
          </reporter-output>
        </test-method> <!-- verifyFieldSetCreateButton -->
        <test-method is-config="true" signature="getResult(org.testng.ITestResult)[pri:0, instance:com.advaita.TestCreate.TestMasterFieldsSetCreate@29528a22]" started-at="2024-07-01T14:44:27 IST" name="getResult" finished-at="2024-07-01T14:44:27 IST" duration-ms="18" status="PASS">
          <params>
            <param index="0">
              <value>
                <![CDATA[[TestResult name=verifyFieldSetCreateButton status=SUCCESS method=TestMasterFieldsSetCreate.verifyFieldSetCreateButton()[pri:3, instance:com.advaita.TestCreate.TestMasterFieldsSetCreate@29528a22] output={null}]]]>
              </value>
            </param>
          </params>
          <reporter-output>
          </reporter-output>
        </test-method> <!-- getResult -->
        <test-method signature="verifyQuestionSetNameField()[pri:4, instance:com.advaita.TestCreate.TestMasterFieldsSetCreate@29528a22]" started-at="2024-07-01T14:44:27 IST" name="verifyQuestionSetNameField" finished-at="2024-07-01T14:44:28 IST" duration-ms="383" status="PASS">
          <reporter-output>
          </reporter-output>
        </test-method> <!-- verifyQuestionSetNameField -->
        <test-method is-config="true" signature="getResult(org.testng.ITestResult)[pri:0, instance:com.advaita.TestCreate.TestMasterFieldsSetCreate@29528a22]" started-at="2024-07-01T14:44:28 IST" name="getResult" finished-at="2024-07-01T14:44:28 IST" duration-ms="17" status="PASS">
          <params>
            <param index="0">
              <value>
                <![CDATA[[TestResult name=verifyQuestionSetNameField status=SUCCESS method=TestMasterFieldsSetCreate.verifyQuestionSetNameField()[pri:4, instance:com.advaita.TestCreate.TestMasterFieldsSetCreate@29528a22] output={null}]]]>
              </value>
            </param>
          </params>
          <reporter-output>
          </reporter-output>
        </test-method> <!-- getResult -->
        <test-method signature="verifyDefaultSection1()[pri:5, instance:com.advaita.TestCreate.TestMasterFieldsSetCreate@29528a22]" started-at="2024-07-01T14:44:28 IST" name="verifyDefaultSection1" finished-at="2024-07-01T14:44:34 IST" duration-ms="6409" status="PASS">
          <reporter-output>
          </reporter-output>
        </test-method> <!-- verifyDefaultSection1 -->
        <test-method is-config="true" signature="getResult(org.testng.ITestResult)[pri:0, instance:com.advaita.TestCreate.TestMasterFieldsSetCreate@29528a22]" started-at="2024-07-01T14:44:34 IST" name="getResult" finished-at="2024-07-01T14:44:34 IST" duration-ms="42" status="PASS">
          <params>
            <param index="0">
              <value>
                <![CDATA[[TestResult name=verifyDefaultSection1 status=SUCCESS method=TestMasterFieldsSetCreate.verifyDefaultSection1()[pri:5, instance:com.advaita.TestCreate.TestMasterFieldsSetCreate@29528a22] output={null}]]]>
              </value>
            </param>
          </params>
          <reporter-output>
          </reporter-output>
        </test-method> <!-- getResult -->
        <test-method signature="verifyByAddingQuestionsAndQuestionsType()[pri:6, instance:com.advaita.TestCreate.TestMasterFieldsSetCreate@29528a22]" started-at="2024-07-01T14:44:34 IST" name="verifyByAddingQuestionsAndQuestionsType" finished-at="2024-07-01T14:44:42 IST" duration-ms="7515" status="PASS">
          <reporter-output>
          </reporter-output>
        </test-method> <!-- verifyByAddingQuestionsAndQuestionsType -->
        <test-method is-config="true" signature="getResult(org.testng.ITestResult)[pri:0, instance:com.advaita.TestCreate.TestMasterFieldsSetCreate@29528a22]" started-at="2024-07-01T14:44:42 IST" name="getResult" finished-at="2024-07-01T14:44:42 IST" duration-ms="43" status="PASS">
          <params>
            <param index="0">
              <value>
                <![CDATA[[TestResult name=verifyByAddingQuestionsAndQuestionsType status=SUCCESS method=TestMasterFieldsSetCreate.verifyByAddingQuestionsAndQuestionsType()[pri:6, instance:com.advaita.TestCreate.TestMasterFieldsSetCreate@29528a22] output={null}]]]>
              </value>
            </param>
          </params>
          <reporter-output>
          </reporter-output>
        </test-method> <!-- getResult -->
        <test-method signature="verifyAddedSection2()[pri:7, instance:com.advaita.TestCreate.TestMasterFieldsSetCreate@29528a22]" started-at="2024-07-01T14:44:42 IST" name="verifyAddedSection2" finished-at="2024-07-01T14:44:43 IST" duration-ms="1265" status="PASS">
          <reporter-output>
          </reporter-output>
        </test-method> <!-- verifyAddedSection2 -->
        <test-method is-config="true" signature="getResult(org.testng.ITestResult)[pri:0, instance:com.advaita.TestCreate.TestMasterFieldsSetCreate@29528a22]" started-at="2024-07-01T14:44:43 IST" name="getResult" finished-at="2024-07-01T14:44:43 IST" duration-ms="11" status="PASS">
          <params>
            <param index="0">
              <value>
                <![CDATA[[TestResult name=verifyAddedSection2 status=SUCCESS method=TestMasterFieldsSetCreate.verifyAddedSection2()[pri:7, instance:com.advaita.TestCreate.TestMasterFieldsSetCreate@29528a22] output={null}]]]>
              </value>
            </param>
          </params>
          <reporter-output>
          </reporter-output>
        </test-method> <!-- getResult -->
        <test-method signature="verifyByAddingQuestionsAndQuestionsTypeInSection2()[pri:8, instance:com.advaita.TestCreate.TestMasterFieldsSetCreate@29528a22]" started-at="2024-07-01T14:44:43 IST" name="verifyByAddingQuestionsAndQuestionsTypeInSection2" finished-at="2024-07-01T14:44:56 IST" duration-ms="13172" status="PASS">
          <reporter-output>
          </reporter-output>
        </test-method> <!-- verifyByAddingQuestionsAndQuestionsTypeInSection2 -->
        <test-method is-config="true" signature="getResult(org.testng.ITestResult)[pri:0, instance:com.advaita.TestCreate.TestMasterFieldsSetCreate@29528a22]" started-at="2024-07-01T14:44:56 IST" name="getResult" finished-at="2024-07-01T14:44:56 IST" duration-ms="42" status="PASS">
          <params>
            <param index="0">
              <value>
                <![CDATA[[TestResult name=verifyByAddingQuestionsAndQuestionsTypeInSection2 status=SUCCESS method=TestMasterFieldsSetCreate.verifyByAddingQuestionsAndQuestionsTypeInSection2()[pri:8, instance:com.advaita.TestCreate.TestMasterFieldsSetCreate@29528a22] output={null}]]]>
              </value>
            </param>
          </params>
          <reporter-output>
          </reporter-output>
        </test-method> <!-- getResult -->
        <test-method signature="verifyCreateFieldSetTabularView()[pri:12, instance:com.advaita.TestCreate.TestMasterFieldsSetCreate@29528a22]" started-at="2024-07-01T14:44:56 IST" name="verifyCreateFieldSetTabularView" finished-at="2024-07-01T14:45:24 IST" duration-ms="27737" status="PASS">
          <reporter-output>
          </reporter-output>
        </test-method> <!-- verifyCreateFieldSetTabularView -->
        <test-method is-config="true" signature="getResult(org.testng.ITestResult)[pri:0, instance:com.advaita.TestCreate.TestMasterFieldsSetCreate@29528a22]" started-at="2024-07-01T14:45:24 IST" name="getResult" finished-at="2024-07-01T14:45:24 IST" duration-ms="43" status="PASS">
          <params>
            <param index="0">
              <value>
                <![CDATA[[TestResult name=verifyCreateFieldSetTabularView status=SUCCESS method=TestMasterFieldsSetCreate.verifyCreateFieldSetTabularView()[pri:12, instance:com.advaita.TestCreate.TestMasterFieldsSetCreate@29528a22] output={null}]]]>
              </value>
            </param>
          </params>
          <reporter-output>
          </reporter-output>
        </test-method> <!-- getResult -->
        <test-method signature="verifySaveInCreateFieldSet()[pri:13, instance:com.advaita.TestCreate.TestMasterFieldsSetCreate@29528a22]" started-at="2024-07-01T14:45:24 IST" name="verifySaveInCreateFieldSet" finished-at="2024-07-01T14:45:27 IST" duration-ms="3074" status="PASS">
          <reporter-output>
          </reporter-output>
        </test-method> <!-- verifySaveInCreateFieldSet -->
        <test-method is-config="true" signature="getResult(org.testng.ITestResult)[pri:0, instance:com.advaita.TestCreate.TestMasterFieldsSetCreate@29528a22]" started-at="2024-07-01T14:45:27 IST" name="getResult" finished-at="2024-07-01T14:45:27 IST" duration-ms="13" status="PASS">
          <params>
            <param index="0">
              <value>
                <![CDATA[[TestResult name=verifySaveInCreateFieldSet status=SUCCESS method=TestMasterFieldsSetCreate.verifySaveInCreateFieldSet()[pri:13, instance:com.advaita.TestCreate.TestMasterFieldsSetCreate@29528a22] output={null}]]]>
              </value>
            </param>
          </params>
          <reporter-output>
          </reporter-output>
        </test-method> <!-- getResult -->
        <test-method signature="verifyafterFieldSetCount()[pri:14, instance:com.advaita.TestCreate.TestMasterFieldsSetCreate@29528a22]" started-at="2024-07-01T14:45:27 IST" name="verifyafterFieldSetCount" finished-at="2024-07-01T14:45:30 IST" duration-ms="3269" status="PASS">
          <reporter-output>
          </reporter-output>
        </test-method> <!-- verifyafterFieldSetCount -->
        <test-method is-config="true" signature="getResult(org.testng.ITestResult)[pri:0, instance:com.advaita.TestCreate.TestMasterFieldsSetCreate@29528a22]" started-at="2024-07-01T14:45:30 IST" name="getResult" finished-at="2024-07-01T14:45:30 IST" duration-ms="49" status="PASS">
          <params>
            <param index="0">
              <value>
                <![CDATA[[TestResult name=verifyafterFieldSetCount status=SUCCESS method=TestMasterFieldsSetCreate.verifyafterFieldSetCount()[pri:14, instance:com.advaita.TestCreate.TestMasterFieldsSetCreate@29528a22] output={null}]]]>
              </value>
            </param>
          </params>
          <reporter-output>
          </reporter-output>
        </test-method> <!-- getResult -->
        <test-method is-config="true" signature="tearDown()[pri:0, instance:com.advaita.TestCreate.TestMasterFieldsSetCreate@29528a22]" started-at="2024-07-01T14:45:30 IST" name="tearDown" finished-at="2024-07-01T14:45:31 IST" duration-ms="483" status="PASS">
          <reporter-output>
          </reporter-output>
        </test-method> <!-- tearDown -->
      </class> <!-- com.advaita.TestCreate.TestMasterFieldsSetCreate -->
    </test> <!-- Default test -->
  </suite> <!-- Default suite -->
</testng-results>
