<?xml version="1.0" encoding="UTF-8"?>
<testng-results ignored="0" total="1" passed="1" failed="0" skipped="0">
  <reporter-output>
  </reporter-output>
  <suite started-at="2024-10-05T17:44:44 IST" name="Default suite" finished-at="2024-10-05T17:45:23 IST" duration-ms="38517">
    <groups>
    </groups>
    <test started-at="2024-10-05T17:44:44 IST" name="Default test" finished-at="2024-10-05T17:45:23 IST" duration-ms="38517">
      <class name="com.advaita.TestCreate.TestManualAllocation">
        <test-method is-config="true" signature="setUp()[pri:0, instance:com.advaita.TestCreate.TestManualAllocation@18c5069b]" started-at="2024-10-05T17:44:44 IST" name="setUp" finished-at="2024-10-05T17:44:53 IST" duration-ms="9131" status="PASS">
          <reporter-output>
          </reporter-output>
        </test-method> <!-- setUp -->
        <test-method signature="verifyStageCreate()[pri:6, instance:com.advaita.TestCreate.TestManualAllocation@18c5069b]" started-at="2024-10-05T17:44:53 IST" name="verifyStageCreate" finished-at="2024-10-05T17:45:22 IST" duration-ms="28712" status="PASS">
          <reporter-output>
          </reporter-output>
        </test-method> <!-- verifyStageCreate -->
        <test-method is-config="true" signature="getResult(org.testng.ITestResult)[pri:0, instance:com.advaita.TestCreate.TestManualAllocation@18c5069b]" started-at="2024-10-05T17:45:22 IST" name="getResult" finished-at="2024-10-05T17:45:23 IST" duration-ms="580" status="PASS">
          <params>
            <param index="0">
              <value>
                <![CDATA[[TestResult name=verifyStageCreate status=SUCCESS method=TestManualAllocation.verifyStageCreate()[pri:6, instance:com.advaita.TestCreate.TestManualAllocation@18c5069b] output={null}]]]>
              </value>
            </param>
          </params>
          <reporter-output>
          </reporter-output>
        </test-method> <!-- getResult -->
        <test-method is-config="true" signature="tearDown()[pri:0, instance:com.advaita.TestCreate.TestManualAllocation@18c5069b]" started-at="2024-10-05T17:45:23 IST" name="tearDown" finished-at="2024-10-05T17:45:23 IST" duration-ms="16" status="PASS">
          <reporter-output>
          </reporter-output>
        </test-method> <!-- tearDown -->
      </class> <!-- com.advaita.TestCreate.TestManualAllocation -->
    </test> <!-- Default test -->
  </suite> <!-- Default suite -->
</testng-results>
