<?xml version="1.0" encoding="UTF-8"?>
<testng-results ignored="0" total="1" passed="1" failed="0" skipped="0">
  <reporter-output>
  </reporter-output>
  <suite started-at="2024-09-04T12:56:56 IST" name="Default suite" finished-at="2024-09-04T12:57:09 IST" duration-ms="13126">
    <groups>
    </groups>
    <test started-at="2024-09-04T12:56:56 IST" name="Default test" finished-at="2024-09-04T12:57:09 IST" duration-ms="13126">
      <class name="com.advaita.TestCreate.TestUserStatusCreate">
        <test-method is-config="true" signature="setUp()[pri:0, instance:com.advaita.TestCreate.TestUserStatusCreate@3976ebfa]" started-at="2024-09-04T12:56:56 IST" name="setUp" finished-at="2024-09-04T12:57:04 IST" duration-ms="8059" status="PASS">
          <reporter-output>
          </reporter-output>
        </test-method> <!-- setUp -->
        <test-method signature="navigateToAmdinProfile()[pri:0, instance:com.advaita.TestCreate.TestUserStatusCreate@3976ebfa]" started-at="2024-09-04T12:57:04 IST" name="navigateToAmdinProfile" finished-at="2024-09-04T12:57:09 IST" duration-ms="4987" status="PASS">
          <reporter-output>
          </reporter-output>
        </test-method> <!-- navigateToAmdinProfile -->
      </class> <!-- com.advaita.TestCreate.TestUserStatusCreate -->
    </test> <!-- Default test -->
  </suite> <!-- Default suite -->
</testng-results>
