<?xml version="1.0" encoding="UTF-8"?>
<testng-results ignored="12" total="13" passed="1" failed="0" skipped="0">
  <reporter-output>
  </reporter-output>
  <suite started-at="2024-09-10T18:19:54 IST" name="Default suite" finished-at="2024-09-10T18:20:11 IST" duration-ms="17114">
    <groups>
    </groups>
    <test started-at="2024-09-10T18:19:54 IST" name="Default test" finished-at="2024-09-10T18:20:11 IST" duration-ms="17114">
      <class name="com.advaita.TestCreate.TestMasterFieldsSetCreate">
        <test-method is-config="true" signature="setUp()[pri:0, instance:com.advaita.TestCreate.TestMasterFieldsSetCreate@f1a45f8]" started-at="2024-09-10T18:19:54 IST" name="setUp" finished-at="2024-09-10T18:20:05 IST" duration-ms="10326" status="PASS">
          <reporter-output>
          </reporter-output>
        </test-method> <!-- setUp -->
        <test-method signature="verifyAddMultipleFieldSetQuestions()[pri:17, instance:com.advaita.TestCreate.TestMasterFieldsSetCreate@f1a45f8]" started-at="2024-09-10T18:20:05 IST" name="verifyAddMultipleFieldSetQuestions" finished-at="2024-09-10T18:20:10 IST" duration-ms="5801" status="PASS">
          <reporter-output>
          </reporter-output>
        </test-method> <!-- verifyAddMultipleFieldSetQuestions -->
        <test-method is-config="true" signature="getResult(org.testng.ITestResult)[pri:0, instance:com.advaita.TestCreate.TestMasterFieldsSetCreate@f1a45f8]" started-at="2024-09-10T18:20:10 IST" name="getResult" finished-at="2024-09-10T18:20:11 IST" duration-ms="884" status="PASS">
          <params>
            <param index="0">
              <value>
                <![CDATA[[TestResult name=verifyAddMultipleFieldSetQuestions status=SUCCESS method=TestMasterFieldsSetCreate.verifyAddMultipleFieldSetQuestions()[pri:17, instance:com.advaita.TestCreate.TestMasterFieldsSetCreate@f1a45f8] output={null}]]]>
              </value>
            </param>
          </params>
          <reporter-output>
          </reporter-output>
        </test-method> <!-- getResult -->
        <test-method is-config="true" signature="tearDown()[pri:0, instance:com.advaita.TestCreate.TestMasterFieldsSetCreate@f1a45f8]" started-at="2024-09-10T18:20:11 IST" name="tearDown" finished-at="2024-09-10T18:20:11 IST" duration-ms="20" status="PASS">
          <reporter-output>
          </reporter-output>
        </test-method> <!-- tearDown -->
      </class> <!-- com.advaita.TestCreate.TestMasterFieldsSetCreate -->
    </test> <!-- Default test -->
  </suite> <!-- Default suite -->
</testng-results>
