<?xml version="1.0" encoding="UTF-8"?>
<testng-results ignored="0" total="1" passed="1" failed="0" skipped="0">
  <reporter-output>
  </reporter-output>
  <suite started-at="2024-05-30T12:46:47 IST" name="Default suite" finished-at="2024-05-30T12:47:15 IST" duration-ms="28252">
    <groups>
    </groups>
    <test started-at="2024-05-30T12:46:47 IST" name="Default test" finished-at="2024-05-30T12:47:15 IST" duration-ms="28252">
      <class name="com.advaita.TestCase.VerifyProcess">
        <test-method is-config="true" signature="setUp()[pri:0, instance:com.advaita.TestCase.VerifyProcess@7451338e]" started-at="2024-05-30T12:46:47 IST" name="setUp" finished-at="2024-05-30T12:46:58 IST" duration-ms="10674" status="PASS">
          <reporter-output>
          </reporter-output>
        </test-method> <!-- setUp -->
        <test-method signature="verifyProcessEdit()[pri:2, instance:com.advaita.TestCase.VerifyProcess@7451338e]" started-at="2024-05-30T12:46:58 IST" name="verifyProcessEdit" finished-at="2024-05-30T12:47:15 IST" duration-ms="16623" status="PASS">
          <reporter-output>
          </reporter-output>
        </test-method> <!-- verifyProcessEdit -->
        <test-method is-config="true" signature="tearDown()[pri:0, instance:com.advaita.TestCase.VerifyProcess@7451338e]" started-at="2024-05-30T12:47:15 IST" name="tearDown" finished-at="2024-05-30T12:47:15 IST" duration-ms="898" status="PASS">
          <reporter-output>
          </reporter-output>
        </test-method> <!-- tearDown -->
      </class> <!-- com.advaita.TestCase.VerifyProcess -->
    </test> <!-- Default test -->
  </suite> <!-- Default suite -->
</testng-results>
