<?xml version="1.0" encoding="UTF-8"?>
<testng-results ignored="1" total="9" passed="7" failed="1" skipped="0">
  <reporter-output>
  </reporter-output>
  <suite started-at="2025-05-13T16:00:06 IST" name="Default suite" finished-at="2025-05-13T16:04:19 IST" duration-ms="253592">
    <groups>
    </groups>
    <test started-at="2025-05-13T16:00:06 IST" name="Default test" finished-at="2025-05-13T16:04:19 IST" duration-ms="253592">
      <class name="com.advaita.TestCreate.TestManualAllocation">
        <test-method is-config="true" signature="setUp()[pri:0, instance:com.advaita.TestCreate.TestManualAllocation@3f390d63]" started-at="2025-05-13T16:00:06 IST" name="setUp" finished-at="2025-05-13T16:00:14 IST" duration-ms="8505" status="PASS">
          <reporter-output>
          </reporter-output>
        </test-method> <!-- setUp -->
        <test-method signature="verifyProcessCreate()[pri:1, instance:com.advaita.TestCreate.TestManualAllocation@3f390d63]" started-at="2025-05-13T16:00:14 IST" name="verifyProcessCreate" finished-at="2025-05-13T16:00:26 IST" duration-ms="12060" status="PASS">
          <reporter-output>
          </reporter-output>
        </test-method> <!-- verifyProcessCreate -->
        <test-method is-config="true" signature="getResult(org.testng.ITestResult)[pri:0, instance:com.advaita.TestCreate.TestManualAllocation@3f390d63]" started-at="2025-05-13T16:00:26 IST" name="getResult" finished-at="2025-05-13T16:00:27 IST" duration-ms="391" status="PASS">
          <params>
            <param index="0">
              <value>
                <![CDATA[[TestResult name=verifyProcessCreate status=SUCCESS method=TestManualAllocation.verifyProcessCreate()[pri:1, instance:com.advaita.TestCreate.TestManualAllocation@3f390d63] output={null}]]]>
              </value>
            </param>
          </params>
          <reporter-output>
          </reporter-output>
        </test-method> <!-- getResult -->
        <test-method signature="verifyAutoGenerateQuestionCreateNewDatasetWithSpecifyingType()[pri:2, instance:com.advaita.TestCreate.TestManualAllocation@3f390d63]" started-at="2025-05-13T16:00:27 IST" name="verifyAutoGenerateQuestionCreateNewDatasetWithSpecifyingType" finished-at="2025-05-13T16:01:13 IST" duration-ms="46263" status="PASS">
          <reporter-output>
          </reporter-output>
        </test-method> <!-- verifyAutoGenerateQuestionCreateNewDatasetWithSpecifyingType -->
        <test-method is-config="true" signature="getResult(org.testng.ITestResult)[pri:0, instance:com.advaita.TestCreate.TestManualAllocation@3f390d63]" started-at="2025-05-13T16:01:13 IST" name="getResult" finished-at="2025-05-13T16:01:13 IST" duration-ms="31" status="PASS">
          <params>
            <param index="0">
              <value>
                <![CDATA[[TestResult name=verifyAutoGenerateQuestionCreateNewDatasetWithSpecifyingType status=SUCCESS method=TestManualAllocation.verifyAutoGenerateQuestionCreateNewDatasetWithSpecifyingType()[pri:2, instance:com.advaita.TestCreate.TestManualAllocation@3f390d63] output={null}]]]>
              </value>
            </param>
          </params>
          <reporter-output>
          </reporter-output>
        </test-method> <!-- getResult -->
        <test-method signature="verifynewCreateMetaData()[pri:3, instance:com.advaita.TestCreate.TestManualAllocation@3f390d63]" started-at="2025-05-13T16:01:13 IST" name="verifynewCreateMetaData" finished-at="2025-05-13T16:01:25 IST" duration-ms="12422" status="PASS">
          <reporter-output>
          </reporter-output>
        </test-method> <!-- verifynewCreateMetaData -->
        <test-method is-config="true" signature="getResult(org.testng.ITestResult)[pri:0, instance:com.advaita.TestCreate.TestManualAllocation@3f390d63]" started-at="2025-05-13T16:01:25 IST" name="getResult" finished-at="2025-05-13T16:01:25 IST" duration-ms="22" status="PASS">
          <params>
            <param index="0">
              <value>
                <![CDATA[[TestResult name=verifynewCreateMetaData status=SUCCESS method=TestManualAllocation.verifynewCreateMetaData()[pri:3, instance:com.advaita.TestCreate.TestManualAllocation@3f390d63] output={null}]]]>
              </value>
            </param>
          </params>
          <reporter-output>
          </reporter-output>
        </test-method> <!-- getResult -->
        <test-method signature="verifyCreateManualUpload()[pri:4, instance:com.advaita.TestCreate.TestManualAllocation@3f390d63]" started-at="2025-05-13T16:01:25 IST" name="verifyCreateManualUpload" finished-at="2025-05-13T16:01:38 IST" duration-ms="12678" status="FAIL">
          <exception class="org.openqa.selenium.ElementNotInteractableException">
            <message>
              <![CDATA[element not interactable: element has zero size
  (Session info: chrome=136.0.7103.93)
Build info: version: '4.25.0', revision: '8a8aea2337'
System info: os.name: 'Windows 11', os.arch: 'amd64', os.version: '10.0', java.version: '23'
Driver info: org.openqa.selenium.chrome.ChromeDriver
Command: [5145fd4f7f62cc8cd1a96c952fe18a72, clickElement {id=f.226307F7CE3FB43ABB052E744D46FB79.d.EFD9E4544465588E1B814CEE223B5CE2.e.2224}]
Capabilities {acceptInsecureCerts: false, browserName: chrome, browserVersion: 136.0.7103.93, chrome: {chromedriverVersion: 136.0.7103.92 (cb81a4cc5087..., userDataDir: C:\Users\w2129\AppData\Loca...}, fedcm:accounts: true, goog:chromeOptions: {debuggerAddress: localhost:63758}, networkConnectionEnabled: false, pageLoadStrategy: normal, platformName: windows, proxy: Proxy(), se:cdp: ws://localhost:63758/devtoo..., se:cdpVersion: 136.0.7103.93, setWindowRect: true, strictFileInteractability: false, timeouts: {implicit: 0, pageLoad: 300000, script: 30000}, unhandledPromptBehavior: dismiss and notify, webauthn:extension:credBlob: true, webauthn:extension:largeBlob: true, webauthn:extension:minPinLength: true, webauthn:extension:prf: true, webauthn:virtualAuthenticators: true}
Element: [[ChromeDriver: chrome on windows (5145fd4f7f62cc8cd1a96c952fe18a72)] -> xpath: //tbody//tr//td[normalize-space()='DemoI Details Upload']/..//a[@id='show_history']]
Session ID: 5145fd4f7f62cc8cd1a96c952fe18a72]]>
            </message>
            <full-stacktrace>
              <![CDATA[org.openqa.selenium.ElementNotInteractableException: element not interactable: element has zero size
  (Session info: chrome=136.0.7103.93)
Build info: version: '4.25.0', revision: '8a8aea2337'
System info: os.name: 'Windows 11', os.arch: 'amd64', os.version: '10.0', java.version: '23'
Driver info: org.openqa.selenium.chrome.ChromeDriver
Command: [5145fd4f7f62cc8cd1a96c952fe18a72, clickElement {id=f.226307F7CE3FB43ABB052E744D46FB79.d.EFD9E4544465588E1B814CEE223B5CE2.e.2224}]
Capabilities {acceptInsecureCerts: false, browserName: chrome, browserVersion: 136.0.7103.93, chrome: {chromedriverVersion: 136.0.7103.92 (cb81a4cc5087..., userDataDir: C:\Users\w2129\AppData\Loca...}, fedcm:accounts: true, goog:chromeOptions: {debuggerAddress: localhost:63758}, networkConnectionEnabled: false, pageLoadStrategy: normal, platformName: windows, proxy: Proxy(), se:cdp: ws://localhost:63758/devtoo..., se:cdpVersion: 136.0.7103.93, setWindowRect: true, strictFileInteractability: false, timeouts: {implicit: 0, pageLoad: 300000, script: 30000}, unhandledPromptBehavior: dismiss and notify, webauthn:extension:credBlob: true, webauthn:extension:largeBlob: true, webauthn:extension:minPinLength: true, webauthn:extension:prf: true, webauthn:virtualAuthenticators: true}
Element: [[ChromeDriver: chrome on windows (5145fd4f7f62cc8cd1a96c952fe18a72)] -> xpath: //tbody//tr//td[normalize-space()='DemoI Details Upload']/..//a[@id='show_history']]
Session ID: 5145fd4f7f62cc8cd1a96c952fe18a72
at java.base/jdk.internal.reflect.DirectConstructorHandleAccessor.newInstance(DirectConstructorHandleAccessor.java:62)
at java.base/java.lang.reflect.Constructor.newInstanceWithCaller(Constructor.java:501)
at java.base/java.lang.reflect.Constructor.newInstance(Constructor.java:485)
at org.openqa.selenium.remote.ErrorCodec.decode(ErrorCodec.java:167)
at org.openqa.selenium.remote.codec.w3c.W3CHttpResponseCodec.decode(W3CHttpResponseCodec.java:138)
at org.openqa.selenium.remote.codec.w3c.W3CHttpResponseCodec.decode(W3CHttpResponseCodec.java:50)
at org.openqa.selenium.remote.HttpCommandExecutor.execute(HttpCommandExecutor.java:190)
at org.openqa.selenium.remote.service.DriverCommandExecutor.invokeExecute(DriverCommandExecutor.java:216)
at org.openqa.selenium.remote.service.DriverCommandExecutor.execute(DriverCommandExecutor.java:174)
at org.openqa.selenium.remote.RemoteWebDriver.execute(RemoteWebDriver.java:545)
at org.openqa.selenium.remote.RemoteWebElement.execute(RemoteWebElement.java:223)
at org.openqa.selenium.remote.RemoteWebElement.click(RemoteWebElement.java:76)
at com.advaita.DataSetUp.PageObject.ManualUpload.valiadtionsAfterCreationOfManualUpload(ManualUpload.java:320)
at com.advaita.TestCreate.TestManualAllocation.verifyCreateManualUpload(TestManualAllocation.java:196)
at java.base/jdk.internal.reflect.DirectMethodHandleAccessor.invoke(DirectMethodHandleAccessor.java:103)
at java.base/java.lang.reflect.Method.invoke(Method.java:580)
at org.testng.internal.invokers.MethodInvocationHelper.invokeMethod(MethodInvocationHelper.java:141)
at org.testng.internal.invokers.TestInvoker.invokeMethod(TestInvoker.java:687)
at org.testng.internal.invokers.TestInvoker.invokeTestMethod(TestInvoker.java:230)
at org.testng.internal.invokers.MethodRunner.runInSequence(MethodRunner.java:63)
at org.testng.internal.invokers.TestInvoker$MethodInvocationAgent.invoke(TestInvoker.java:995)
at org.testng.internal.invokers.TestInvoker.invokeTestMethods(TestInvoker.java:203)
at org.testng.internal.invokers.TestMethodWorker.invokeTestMethods(TestMethodWorker.java:154)
at org.testng.internal.invokers.TestMethodWorker.run(TestMethodWorker.java:134)
at java.base/java.util.ArrayList.forEach(ArrayList.java:1597)
at org.testng.TestRunner.privateRun(TestRunner.java:741)
at org.testng.TestRunner.run(TestRunner.java:616)
at org.testng.SuiteRunner.runTest(SuiteRunner.java:421)
at org.testng.SuiteRunner.runSequentially(SuiteRunner.java:413)
at org.testng.SuiteRunner.privateRun(SuiteRunner.java:373)
at org.testng.SuiteRunner.run(SuiteRunner.java:312)
at org.testng.SuiteRunnerWorker.runSuite(SuiteRunnerWorker.java:52)
at org.testng.SuiteRunnerWorker.run(SuiteRunnerWorker.java:95)
at org.testng.TestNG.runSuitesSequentially(TestNG.java:1274)
at org.testng.TestNG.runSuitesLocally(TestNG.java:1208)
at org.testng.TestNG.runSuites(TestNG.java:1112)
at org.testng.TestNG.run(TestNG.java:1079)
at org.testng.remote.AbstractRemoteTestNG.run(AbstractRemoteTestNG.java:115)
at org.testng.remote.RemoteTestNG.initAndRun(RemoteTestNG.java:293)
at org.testng.remote.RemoteTestNG.main(RemoteTestNG.java:91)
]]>
            </full-stacktrace>
          </exception> <!-- org.openqa.selenium.ElementNotInteractableException -->
          <reporter-output>
          </reporter-output>
        </test-method> <!-- verifyCreateManualUpload -->
        <test-method is-config="true" signature="getResult(org.testng.ITestResult)[pri:0, instance:com.advaita.TestCreate.TestManualAllocation@3f390d63]" started-at="2025-05-13T16:01:38 IST" name="getResult" finished-at="2025-05-13T16:01:38 IST" duration-ms="250" status="PASS">
          <params>
            <param index="0">
              <value>
                <![CDATA[[TestResult name=verifyCreateManualUpload status=FAILURE method=TestManualAllocation.verifyCreateManualUpload()[pri:4, instance:com.advaita.TestCreate.TestManualAllocation@3f390d63] output={null}]]]>
              </value>
            </param>
          </params>
          <reporter-output>
          </reporter-output>
        </test-method> <!-- getResult -->
        <test-method signature="verifyCreateNonMeasurable()[pri:5, instance:com.advaita.TestCreate.TestManualAllocation@3f390d63]" started-at="2025-05-13T16:01:38 IST" name="verifyCreateNonMeasurable" finished-at="2025-05-13T16:02:00 IST" duration-ms="21901" status="PASS">
          <reporter-output>
          </reporter-output>
        </test-method> <!-- verifyCreateNonMeasurable -->
        <test-method is-config="true" signature="getResult(org.testng.ITestResult)[pri:0, instance:com.advaita.TestCreate.TestManualAllocation@3f390d63]" started-at="2025-05-13T16:02:00 IST" name="getResult" finished-at="2025-05-13T16:02:00 IST" duration-ms="45" status="PASS">
          <params>
            <param index="0">
              <value>
                <![CDATA[[TestResult name=verifyCreateNonMeasurable status=SUCCESS method=TestManualAllocation.verifyCreateNonMeasurable()[pri:5, instance:com.advaita.TestCreate.TestManualAllocation@3f390d63] output={null}]]]>
              </value>
            </param>
          </params>
          <reporter-output>
          </reporter-output>
        </test-method> <!-- getResult -->
        <test-method signature="verifyStageCreate()[pri:6, instance:com.advaita.TestCreate.TestManualAllocation@3f390d63]" started-at="2025-05-13T16:02:00 IST" name="verifyStageCreate" finished-at="2025-05-13T16:02:32 IST" duration-ms="31330" status="PASS">
          <reporter-output>
          </reporter-output>
        </test-method> <!-- verifyStageCreate -->
        <test-method is-config="true" signature="getResult(org.testng.ITestResult)[pri:0, instance:com.advaita.TestCreate.TestManualAllocation@3f390d63]" started-at="2025-05-13T16:02:32 IST" name="getResult" finished-at="2025-05-13T16:02:32 IST" duration-ms="31" status="PASS">
          <params>
            <param index="0">
              <value>
                <![CDATA[[TestResult name=verifyStageCreate status=SUCCESS method=TestManualAllocation.verifyStageCreate()[pri:6, instance:com.advaita.TestCreate.TestManualAllocation@3f390d63] output={null}]]]>
              </value>
            </param>
          </params>
          <reporter-output>
          </reporter-output>
        </test-method> <!-- getResult -->
        <test-method signature="verifyUserCreateAndUserMapping2()[pri:7, instance:com.advaita.TestCreate.TestManualAllocation@3f390d63]" started-at="2025-05-13T16:02:32 IST" name="verifyUserCreateAndUserMapping2" finished-at="2025-05-13T16:03:54 IST" duration-ms="81953" status="PASS">
          <reporter-output>
          </reporter-output>
        </test-method> <!-- verifyUserCreateAndUserMapping2 -->
        <test-method is-config="true" signature="getResult(org.testng.ITestResult)[pri:0, instance:com.advaita.TestCreate.TestManualAllocation@3f390d63]" started-at="2025-05-13T16:03:54 IST" name="getResult" finished-at="2025-05-13T16:03:54 IST" duration-ms="15" status="PASS">
          <params>
            <param index="0">
              <value>
                <![CDATA[[TestResult name=verifyUserCreateAndUserMapping2 status=SUCCESS method=TestManualAllocation.verifyUserCreateAndUserMapping2()[pri:7, instance:com.advaita.TestCreate.TestManualAllocation@3f390d63] output={null}]]]>
              </value>
            </param>
          </params>
          <reporter-output>
          </reporter-output>
        </test-method> <!-- getResult -->
        <test-method signature="verifyCreateSamplingPlan()[pri:8, instance:com.advaita.TestCreate.TestManualAllocation@3f390d63]" started-at="2025-05-13T16:03:54 IST" name="verifyCreateSamplingPlan" finished-at="2025-05-13T16:04:19 IST" duration-ms="25572" status="PASS">
          <reporter-output>
          </reporter-output>
        </test-method> <!-- verifyCreateSamplingPlan -->
        <test-method is-config="true" signature="getResult(org.testng.ITestResult)[pri:0, instance:com.advaita.TestCreate.TestManualAllocation@3f390d63]" started-at="2025-05-13T16:04:19 IST" name="getResult" finished-at="2025-05-13T16:04:19 IST" duration-ms="42" status="PASS">
          <params>
            <param index="0">
              <value>
                <![CDATA[[TestResult name=verifyCreateSamplingPlan status=SUCCESS method=TestManualAllocation.verifyCreateSamplingPlan()[pri:8, instance:com.advaita.TestCreate.TestManualAllocation@3f390d63] output={null}]]]>
              </value>
            </param>
          </params>
          <reporter-output>
          </reporter-output>
        </test-method> <!-- getResult -->
        <test-method is-config="true" signature="tearDown()[pri:0, instance:com.advaita.TestCreate.TestManualAllocation@3f390d63]" started-at="2025-05-13T16:04:19 IST" name="tearDown" finished-at="2025-05-13T16:04:19 IST" duration-ms="15" status="PASS">
          <reporter-output>
          </reporter-output>
        </test-method> <!-- tearDown -->
      </class> <!-- com.advaita.TestCreate.TestManualAllocation -->
    </test> <!-- Default test -->
  </suite> <!-- Default suite -->
</testng-results>
