<?xml version="1.0" encoding="UTF-8"?>
<testng-results ignored="3" total="4" passed="1" failed="0" skipped="0">
  <reporter-output>
  </reporter-output>
  <suite started-at="2024-08-06T15:10:54 IST" name="Default suite" finished-at="2024-08-06T15:11:41 IST" duration-ms="46923">
    <groups>
    </groups>
    <test started-at="2024-08-06T15:10:54 IST" name="Default test" finished-at="2024-08-06T15:11:41 IST" duration-ms="46923">
      <class name="com.advaita.TestCase.EscalationMatrixTest">
        <test-method is-config="true" signature="setUp()[pri:0, instance:com.advaita.TestCase.EscalationMatrixTest@3527942a]" started-at="2024-08-06T15:10:54 IST" name="setUp" finished-at="2024-08-06T15:11:05 IST" duration-ms="10486" status="PASS">
          <reporter-output>
          </reporter-output>
        </test-method> <!-- setUp -->
        <test-method signature="escalationMatrixCreateTest()[pri:0, instance:com.advaita.TestCase.EscalationMatrixTest@3527942a]" started-at="2024-08-06T15:11:05 IST" name="escalationMatrixCreateTest" finished-at="2024-08-06T15:11:41 IST" duration-ms="36347" status="PASS">
          <reporter-output>
          </reporter-output>
        </test-method> <!-- escalationMatrixCreateTest -->
        <test-method is-config="true" signature="tearDown()[pri:0, instance:com.advaita.TestCase.EscalationMatrixTest@3527942a]" started-at="2024-08-06T15:11:41 IST" name="tearDown" finished-at="2024-08-06T15:11:41 IST" duration-ms="0" status="PASS">
          <reporter-output>
          </reporter-output>
        </test-method> <!-- tearDown -->
      </class> <!-- com.advaita.TestCase.EscalationMatrixTest -->
    </test> <!-- Default test -->
  </suite> <!-- Default suite -->
</testng-results>
