<?xml version="1.0" encoding="UTF-8"?>
<testng-results ignored="0" total="4" passed="4" failed="0" skipped="0">
  <reporter-output>
  </reporter-output>
  <suite started-at="2024-06-19T15:19:44 IST" name="Default suite" finished-at="2024-06-19T15:20:19 IST" duration-ms="35077">
    <groups>
    </groups>
    <test started-at="2024-06-19T15:19:44 IST" name="Default test" finished-at="2024-06-19T15:20:19 IST" duration-ms="35077">
      <class name="com.advaita.TestTable.TestMasterFieldsSetTable">
        <test-method is-config="true" signature="setUp()[pri:0, instance:com.advaita.TestTable.TestMasterFieldsSetTable@510f3d34]" started-at="2024-06-19T15:19:44 IST" name="setUp" finished-at="2024-06-19T15:19:57 IST" duration-ms="12977" status="PASS">
          <reporter-output>
          </reporter-output>
        </test-method> <!-- setUp -->
        <test-method signature="verifyTabsForFieldSetCreate()[pri:1, instance:com.advaita.TestTable.TestMasterFieldsSetTable@510f3d34]" started-at="2024-06-19T15:19:57 IST" name="verifyTabsForFieldSetCreate" finished-at="2024-06-19T15:20:00 IST" duration-ms="2564" status="PASS">
          <reporter-output>
          </reporter-output>
        </test-method> <!-- verifyTabsForFieldSetCreate -->
        <test-method is-config="true" signature="getResult(org.testng.ITestResult)[pri:0, instance:com.advaita.TestTable.TestMasterFieldsSetTable@510f3d34]" started-at="2024-06-19T15:20:00 IST" name="getResult" finished-at="2024-06-19T15:20:01 IST" duration-ms="1042" status="PASS">
          <params>
            <param index="0">
              <value>
                <![CDATA[[TestResult name=verifyTabsForFieldSetCreate status=SUCCESS method=TestMasterFieldsSetTable.verifyTabsForFieldSetCreate()[pri:1, instance:com.advaita.TestTable.TestMasterFieldsSetTable@510f3d34] output={null}]]]>
              </value>
            </param>
          </params>
          <reporter-output>
          </reporter-output>
        </test-method> <!-- getResult -->
        <test-method signature="verifyTablePageSearch()[pri:2, instance:com.advaita.TestTable.TestMasterFieldsSetTable@510f3d34]" started-at="2024-06-19T15:20:01 IST" name="verifyTablePageSearch" finished-at="2024-06-19T15:20:02 IST" duration-ms="1387" status="PASS">
          <reporter-output>
          </reporter-output>
        </test-method> <!-- verifyTablePageSearch -->
        <test-method is-config="true" signature="getResult(org.testng.ITestResult)[pri:0, instance:com.advaita.TestTable.TestMasterFieldsSetTable@510f3d34]" started-at="2024-06-19T15:20:02 IST" name="getResult" finished-at="2024-06-19T15:20:02 IST" duration-ms="40" status="PASS">
          <params>
            <param index="0">
              <value>
                <![CDATA[[TestResult name=verifyTablePageSearch status=SUCCESS method=TestMasterFieldsSetTable.verifyTablePageSearch()[pri:2, instance:com.advaita.TestTable.TestMasterFieldsSetTable@510f3d34] output={null}]]]>
              </value>
            </param>
          </params>
          <reporter-output>
          </reporter-output>
        </test-method> <!-- getResult -->
        <test-method signature="verifyTableClearFilter()[pri:3, instance:com.advaita.TestTable.TestMasterFieldsSetTable@510f3d34]" started-at="2024-06-19T15:20:02 IST" name="verifyTableClearFilter" finished-at="2024-06-19T15:20:03 IST" duration-ms="1054" status="PASS">
          <reporter-output>
          </reporter-output>
        </test-method> <!-- verifyTableClearFilter -->
        <test-method is-config="true" signature="getResult(org.testng.ITestResult)[pri:0, instance:com.advaita.TestTable.TestMasterFieldsSetTable@510f3d34]" started-at="2024-06-19T15:20:03 IST" name="getResult" finished-at="2024-06-19T15:20:03 IST" duration-ms="68" status="PASS">
          <params>
            <param index="0">
              <value>
                <![CDATA[[TestResult name=verifyTableClearFilter status=SUCCESS method=TestMasterFieldsSetTable.verifyTableClearFilter()[pri:3, instance:com.advaita.TestTable.TestMasterFieldsSetTable@510f3d34] output={null}]]]>
              </value>
            </param>
          </params>
          <reporter-output>
          </reporter-output>
        </test-method> <!-- getResult -->
        <test-method signature="verifyTablePagePaginationr()[pri:4, instance:com.advaita.TestTable.TestMasterFieldsSetTable@510f3d34]" started-at="2024-06-19T15:20:03 IST" name="verifyTablePagePaginationr" finished-at="2024-06-19T15:20:19 IST" duration-ms="15247" status="PASS">
          <reporter-output>
          </reporter-output>
        </test-method> <!-- verifyTablePagePaginationr -->
        <test-method is-config="true" signature="getResult(org.testng.ITestResult)[pri:0, instance:com.advaita.TestTable.TestMasterFieldsSetTable@510f3d34]" started-at="2024-06-19T15:20:19 IST" name="getResult" finished-at="2024-06-19T15:20:19 IST" duration-ms="175" status="PASS">
          <params>
            <param index="0">
              <value>
                <![CDATA[[TestResult name=verifyTablePagePaginationr status=SUCCESS method=TestMasterFieldsSetTable.verifyTablePagePaginationr()[pri:4, instance:com.advaita.TestTable.TestMasterFieldsSetTable@510f3d34] output={null}]]]>
              </value>
            </param>
          </params>
          <reporter-output>
          </reporter-output>
        </test-method> <!-- getResult -->
        <test-method is-config="true" signature="tearDown()[pri:0, instance:com.advaita.TestTable.TestMasterFieldsSetTable@510f3d34]" started-at="2024-06-19T15:20:19 IST" name="tearDown" finished-at="2024-06-19T15:20:19 IST" duration-ms="420" status="PASS">
          <reporter-output>
          </reporter-output>
        </test-method> <!-- tearDown -->
      </class> <!-- com.advaita.TestTable.TestMasterFieldsSetTable -->
    </test> <!-- Default test -->
  </suite> <!-- Default suite -->
</testng-results>
