<?xml version="1.0" encoding="UTF-8"?>
<testng-results ignored="0" total="12" passed="12" failed="0" skipped="0">
  <reporter-output>
  </reporter-output>
  <suite started-at="2024-09-26T12:08:11 IST" name="Default suite" finished-at="2024-09-26T12:08:58 IST" duration-ms="46526">
    <groups>
    </groups>
    <test started-at="2024-09-26T12:08:11 IST" name="Default test" finished-at="2024-09-26T12:08:58 IST" duration-ms="46526">
      <class name="com.advaita.TestCreate.TestStagesCreate">
        <test-method is-config="true" signature="setUp()[pri:0, instance:com.advaita.TestCreate.TestStagesCreate@7cd25bf5]" started-at="2024-09-26T12:08:11 IST" name="setUp" finished-at="2024-09-26T12:08:22 IST" duration-ms="10508" status="PASS">
          <reporter-output>
          </reporter-output>
        </test-method> <!-- setUp -->
        <test-method signature="VerifyStagesTabIsDisplayed()[pri:6, instance:com.advaita.TestCreate.TestStagesCreate@7cd25bf5]" started-at="2024-09-26T12:08:22 IST" name="VerifyStagesTabIsDisplayed" finished-at="2024-09-26T12:08:25 IST" duration-ms="3623" status="PASS">
          <reporter-output>
          </reporter-output>
        </test-method> <!-- VerifyStagesTabIsDisplayed -->
        <test-method is-config="true" signature="getResult(org.testng.ITestResult)[pri:0, instance:com.advaita.TestCreate.TestStagesCreate@7cd25bf5]" started-at="2024-09-26T12:08:25 IST" name="getResult" finished-at="2024-09-26T12:08:26 IST" duration-ms="538" status="PASS">
          <params>
            <param index="0">
              <value>
                <![CDATA[[TestResult name=VerifyStagesTabIsDisplayed status=SUCCESS method=TestStagesCreate.VerifyStagesTabIsDisplayed()[pri:6, instance:com.advaita.TestCreate.TestStagesCreate@7cd25bf5] output={null}]]]>
              </value>
            </param>
          </params>
          <reporter-output>
          </reporter-output>
        </test-method> <!-- getResult -->
        <test-method signature="verifyCreateStagesButton()[pri:7, instance:com.advaita.TestCreate.TestStagesCreate@7cd25bf5]" started-at="2024-09-26T12:08:26 IST" name="verifyCreateStagesButton" finished-at="2024-09-26T12:08:27 IST" duration-ms="796" status="PASS">
          <reporter-output>
          </reporter-output>
        </test-method> <!-- verifyCreateStagesButton -->
        <test-method is-config="true" signature="getResult(org.testng.ITestResult)[pri:0, instance:com.advaita.TestCreate.TestStagesCreate@7cd25bf5]" started-at="2024-09-26T12:08:27 IST" name="getResult" finished-at="2024-09-26T12:08:27 IST" duration-ms="18" status="PASS">
          <params>
            <param index="0">
              <value>
                <![CDATA[[TestResult name=verifyCreateStagesButton status=SUCCESS method=TestStagesCreate.verifyCreateStagesButton()[pri:7, instance:com.advaita.TestCreate.TestStagesCreate@7cd25bf5] output={null}]]]>
              </value>
            </param>
          </params>
          <reporter-output>
          </reporter-output>
        </test-method> <!-- getResult -->
        <test-method signature="verifyStageNameTextBox()[pri:8, instance:com.advaita.TestCreate.TestStagesCreate@7cd25bf5]" started-at="2024-09-26T12:08:27 IST" name="verifyStageNameTextBox" finished-at="2024-09-26T12:08:27 IST" duration-ms="227" status="PASS">
          <reporter-output>
          </reporter-output>
        </test-method> <!-- verifyStageNameTextBox -->
        <test-method is-config="true" signature="getResult(org.testng.ITestResult)[pri:0, instance:com.advaita.TestCreate.TestStagesCreate@7cd25bf5]" started-at="2024-09-26T12:08:27 IST" name="getResult" finished-at="2024-09-26T12:08:27 IST" duration-ms="18" status="PASS">
          <params>
            <param index="0">
              <value>
                <![CDATA[[TestResult name=verifyStageNameTextBox status=SUCCESS method=TestStagesCreate.verifyStageNameTextBox()[pri:8, instance:com.advaita.TestCreate.TestStagesCreate@7cd25bf5] output={null}]]]>
              </value>
            </param>
          </params>
          <reporter-output>
          </reporter-output>
        </test-method> <!-- getResult -->
        <test-method signature="verifyStageSelectProcessDropDown()[pri:9, instance:com.advaita.TestCreate.TestStagesCreate@7cd25bf5]" started-at="2024-09-26T12:08:27 IST" name="verifyStageSelectProcessDropDown" finished-at="2024-09-26T12:08:28 IST" duration-ms="1383" status="PASS">
          <reporter-output>
          </reporter-output>
        </test-method> <!-- verifyStageSelectProcessDropDown -->
        <test-method is-config="true" signature="getResult(org.testng.ITestResult)[pri:0, instance:com.advaita.TestCreate.TestStagesCreate@7cd25bf5]" started-at="2024-09-26T12:08:28 IST" name="getResult" finished-at="2024-09-26T12:08:28 IST" duration-ms="15" status="PASS">
          <params>
            <param index="0">
              <value>
                <![CDATA[[TestResult name=verifyStageSelectProcessDropDown status=SUCCESS method=TestStagesCreate.verifyStageSelectProcessDropDown()[pri:9, instance:com.advaita.TestCreate.TestStagesCreate@7cd25bf5] output={null}]]]>
              </value>
            </param>
          </params>
          <reporter-output>
          </reporter-output>
        </test-method> <!-- getResult -->
        <test-method signature="verifyStageSelectSubProcessDropDown()[pri:10, instance:com.advaita.TestCreate.TestStagesCreate@7cd25bf5]" started-at="2024-09-26T12:08:28 IST" name="verifyStageSelectSubProcessDropDown" finished-at="2024-09-26T12:08:30 IST" duration-ms="1277" status="PASS">
          <reporter-output>
          </reporter-output>
        </test-method> <!-- verifyStageSelectSubProcessDropDown -->
        <test-method is-config="true" signature="getResult(org.testng.ITestResult)[pri:0, instance:com.advaita.TestCreate.TestStagesCreate@7cd25bf5]" started-at="2024-09-26T12:08:30 IST" name="getResult" finished-at="2024-09-26T12:08:30 IST" duration-ms="25" status="PASS">
          <params>
            <param index="0">
              <value>
                <![CDATA[[TestResult name=verifyStageSelectSubProcessDropDown status=SUCCESS method=TestStagesCreate.verifyStageSelectSubProcessDropDown()[pri:10, instance:com.advaita.TestCreate.TestStagesCreate@7cd25bf5] output={null}]]]>
              </value>
            </param>
          </params>
          <reporter-output>
          </reporter-output>
        </test-method> <!-- getResult -->
        <test-method signature="verifyStageSelectSubSubProcessDropDown()[pri:11, instance:com.advaita.TestCreate.TestStagesCreate@7cd25bf5]" started-at="2024-09-26T12:08:30 IST" name="verifyStageSelectSubSubProcessDropDown" finished-at="2024-09-26T12:08:31 IST" duration-ms="1301" status="PASS">
          <reporter-output>
          </reporter-output>
        </test-method> <!-- verifyStageSelectSubSubProcessDropDown -->
        <test-method is-config="true" signature="getResult(org.testng.ITestResult)[pri:0, instance:com.advaita.TestCreate.TestStagesCreate@7cd25bf5]" started-at="2024-09-26T12:08:31 IST" name="getResult" finished-at="2024-09-26T12:08:31 IST" duration-ms="59" status="PASS">
          <params>
            <param index="0">
              <value>
                <![CDATA[[TestResult name=verifyStageSelectSubSubProcessDropDown status=SUCCESS method=TestStagesCreate.verifyStageSelectSubSubProcessDropDown()[pri:11, instance:com.advaita.TestCreate.TestStagesCreate@7cd25bf5] output={null}]]]>
              </value>
            </param>
          </params>
          <reporter-output>
          </reporter-output>
        </test-method> <!-- getResult -->
        <test-method signature="verifyStageCalculationTypeDropDown()[pri:12, instance:com.advaita.TestCreate.TestStagesCreate@7cd25bf5]" started-at="2024-09-26T12:08:31 IST" name="verifyStageCalculationTypeDropDown" finished-at="2024-09-26T12:08:31 IST" duration-ms="232" status="PASS">
          <reporter-output>
          </reporter-output>
        </test-method> <!-- verifyStageCalculationTypeDropDown -->
        <test-method is-config="true" signature="getResult(org.testng.ITestResult)[pri:0, instance:com.advaita.TestCreate.TestStagesCreate@7cd25bf5]" started-at="2024-09-26T12:08:31 IST" name="getResult" finished-at="2024-09-26T12:08:31 IST" duration-ms="15" status="PASS">
          <params>
            <param index="0">
              <value>
                <![CDATA[[TestResult name=verifyStageCalculationTypeDropDown status=SUCCESS method=TestStagesCreate.verifyStageCalculationTypeDropDown()[pri:12, instance:com.advaita.TestCreate.TestStagesCreate@7cd25bf5] output={null}]]]>
              </value>
            </param>
          </params>
          <reporter-output>
          </reporter-output>
        </test-method> <!-- getResult -->
        <test-method signature="verifyAddSectionA()[pri:13, instance:com.advaita.TestCreate.TestStagesCreate@7cd25bf5]" started-at="2024-09-26T12:08:31 IST" name="verifyAddSectionA" finished-at="2024-09-26T12:08:37 IST" duration-ms="5343" status="PASS">
          <reporter-output>
          </reporter-output>
        </test-method> <!-- verifyAddSectionA -->
        <test-method is-config="true" signature="getResult(org.testng.ITestResult)[pri:0, instance:com.advaita.TestCreate.TestStagesCreate@7cd25bf5]" started-at="2024-09-26T12:08:37 IST" name="getResult" finished-at="2024-09-26T12:08:37 IST" duration-ms="126" status="PASS">
          <params>
            <param index="0">
              <value>
                <![CDATA[[TestResult name=verifyAddSectionA status=SUCCESS method=TestStagesCreate.verifyAddSectionA()[pri:13, instance:com.advaita.TestCreate.TestStagesCreate@7cd25bf5] output={null}]]]>
              </value>
            </param>
          </params>
          <reporter-output>
          </reporter-output>
        </test-method> <!-- getResult -->
        <test-method signature="verifySectionB_addBlock()[pri:14, instance:com.advaita.TestCreate.TestStagesCreate@7cd25bf5]" started-at="2024-09-26T12:08:37 IST" name="verifySectionB_addBlock" finished-at="2024-09-26T12:08:38 IST" duration-ms="1598" status="PASS">
          <reporter-output>
          </reporter-output>
        </test-method> <!-- verifySectionB_addBlock -->
        <test-method is-config="true" signature="getResult(org.testng.ITestResult)[pri:0, instance:com.advaita.TestCreate.TestStagesCreate@7cd25bf5]" started-at="2024-09-26T12:08:38 IST" name="getResult" finished-at="2024-09-26T12:08:38 IST" duration-ms="17" status="PASS">
          <params>
            <param index="0">
              <value>
                <![CDATA[[TestResult name=verifySectionB_addBlock status=SUCCESS method=TestStagesCreate.verifySectionB_addBlock()[pri:14, instance:com.advaita.TestCreate.TestStagesCreate@7cd25bf5] output={null}]]]>
              </value>
            </param>
          </params>
          <reporter-output>
          </reporter-output>
        </test-method> <!-- getResult -->
        <test-method signature="verifySelectMetaDataInAddBlockSectionB()[pri:15, instance:com.advaita.TestCreate.TestStagesCreate@7cd25bf5]" started-at="2024-09-26T12:08:38 IST" name="verifySelectMetaDataInAddBlockSectionB" finished-at="2024-09-26T12:08:46 IST" duration-ms="7607" status="PASS">
          <reporter-output>
          </reporter-output>
        </test-method> <!-- verifySelectMetaDataInAddBlockSectionB -->
        <test-method is-config="true" signature="getResult(org.testng.ITestResult)[pri:0, instance:com.advaita.TestCreate.TestStagesCreate@7cd25bf5]" started-at="2024-09-26T12:08:46 IST" name="getResult" finished-at="2024-09-26T12:08:46 IST" duration-ms="53" status="PASS">
          <params>
            <param index="0">
              <value>
                <![CDATA[[TestResult name=verifySelectMetaDataInAddBlockSectionB status=SUCCESS method=TestStagesCreate.verifySelectMetaDataInAddBlockSectionB()[pri:15, instance:com.advaita.TestCreate.TestStagesCreate@7cd25bf5] output={null}]]]>
              </value>
            </param>
          </params>
          <reporter-output>
          </reporter-output>
        </test-method> <!-- getResult -->
        <test-method signature="verifyAddSection()[pri:16, instance:com.advaita.TestCreate.TestStagesCreate@7cd25bf5]" started-at="2024-09-26T12:08:46 IST" name="verifyAddSection" finished-at="2024-09-26T12:08:57 IST" duration-ms="10815" status="PASS">
          <reporter-output>
          </reporter-output>
        </test-method> <!-- verifyAddSection -->
        <test-method is-config="true" signature="getResult(org.testng.ITestResult)[pri:0, instance:com.advaita.TestCreate.TestStagesCreate@7cd25bf5]" started-at="2024-09-26T12:08:57 IST" name="getResult" finished-at="2024-09-26T12:08:57 IST" duration-ms="50" status="PASS">
          <params>
            <param index="0">
              <value>
                <![CDATA[[TestResult name=verifyAddSection status=SUCCESS method=TestStagesCreate.verifyAddSection()[pri:16, instance:com.advaita.TestCreate.TestStagesCreate@7cd25bf5] output={null}]]]>
              </value>
            </param>
          </params>
          <reporter-output>
          </reporter-output>
        </test-method> <!-- getResult -->
        <test-method signature="verifyActionSection()[pri:17, instance:com.advaita.TestCreate.TestStagesCreate@7cd25bf5]" started-at="2024-09-26T12:08:57 IST" name="verifyActionSection" finished-at="2024-09-26T12:08:58 IST" duration-ms="712" status="PASS">
          <reporter-output>
          </reporter-output>
        </test-method> <!-- verifyActionSection -->
        <test-method is-config="true" signature="getResult(org.testng.ITestResult)[pri:0, instance:com.advaita.TestCreate.TestStagesCreate@7cd25bf5]" started-at="2024-09-26T12:08:58 IST" name="getResult" finished-at="2024-09-26T12:08:58 IST" duration-ms="13" status="PASS">
          <params>
            <param index="0">
              <value>
                <![CDATA[[TestResult name=verifyActionSection status=SUCCESS method=TestStagesCreate.verifyActionSection()[pri:17, instance:com.advaita.TestCreate.TestStagesCreate@7cd25bf5] output={null}]]]>
              </value>
            </param>
          </params>
          <reporter-output>
          </reporter-output>
        </test-method> <!-- getResult -->
        <test-method is-config="true" signature="tearDown()[pri:0, instance:com.advaita.TestCreate.TestStagesCreate@7cd25bf5]" started-at="2024-09-26T12:08:58 IST" name="tearDown" finished-at="2024-09-26T12:08:58 IST" duration-ms="11" status="PASS">
          <reporter-output>
          </reporter-output>
        </test-method> <!-- tearDown -->
      </class> <!-- com.advaita.TestCreate.TestStagesCreate -->
    </test> <!-- Default test -->
  </suite> <!-- Default suite -->
</testng-results>
