<?xml version="1.0" encoding="UTF-8"?>
<testng-results ignored="0" total="1" passed="1" failed="0" skipped="0">
  <reporter-output>
  </reporter-output>
  <suite started-at="2024-09-11T12:22:06 IST" name="Default suite" finished-at="2024-09-11T12:22:52 IST" duration-ms="46430">
    <groups>
    </groups>
    <test started-at="2024-09-11T12:22:06 IST" name="Default test" finished-at="2024-09-11T12:22:52 IST" duration-ms="46430">
      <class name="com.advaita.TestCreate.TestMasterFieldsSetCreate">
        <test-method is-config="true" signature="setUp()[pri:0, instance:com.advaita.TestCreate.TestMasterFieldsSetCreate@3d64c581]" started-at="2024-09-11T12:22:06 IST" name="setUp" finished-at="2024-09-11T12:22:15 IST" duration-ms="9421" status="PASS">
          <reporter-output>
          </reporter-output>
        </test-method> <!-- setUp -->
        <test-method signature="verifyAddMultipleFieldSetQuestions()[pri:17, instance:com.advaita.TestCreate.TestMasterFieldsSetCreate@3d64c581]" started-at="2024-09-11T12:22:15 IST" name="verifyAddMultipleFieldSetQuestions" finished-at="2024-09-11T12:22:51 IST" duration-ms="36029" status="PASS">
          <reporter-output>
          </reporter-output>
        </test-method> <!-- verifyAddMultipleFieldSetQuestions -->
        <test-method is-config="true" signature="getResult(org.testng.ITestResult)[pri:0, instance:com.advaita.TestCreate.TestMasterFieldsSetCreate@3d64c581]" started-at="2024-09-11T12:22:51 IST" name="getResult" finished-at="2024-09-11T12:22:52 IST" duration-ms="866" status="PASS">
          <params>
            <param index="0">
              <value>
                <![CDATA[[TestResult name=verifyAddMultipleFieldSetQuestions status=SUCCESS method=TestMasterFieldsSetCreate.verifyAddMultipleFieldSetQuestions()[pri:17, instance:com.advaita.TestCreate.TestMasterFieldsSetCreate@3d64c581] output={null}]]]>
              </value>
            </param>
          </params>
          <reporter-output>
          </reporter-output>
        </test-method> <!-- getResult -->
        <test-method is-config="true" signature="tearDown()[pri:0, instance:com.advaita.TestCreate.TestMasterFieldsSetCreate@3d64c581]" started-at="2024-09-11T12:22:52 IST" name="tearDown" finished-at="2024-09-11T12:22:52 IST" duration-ms="21" status="PASS">
          <reporter-output>
          </reporter-output>
        </test-method> <!-- tearDown -->
      </class> <!-- com.advaita.TestCreate.TestMasterFieldsSetCreate -->
    </test> <!-- Default test -->
  </suite> <!-- Default suite -->
</testng-results>
