<?xml version="1.0" encoding="UTF-8"?>
<testng-results ignored="0" total="5" passed="0" failed="0" skipped="5">
  <reporter-output>
  </reporter-output>
  <suite started-at="2024-07-18T14:37:13 IST" name="Default suite" finished-at="2024-07-18T14:37:13 IST" duration-ms="227">
    <groups>
    </groups>
    <test started-at="2024-07-18T14:37:13 IST" name="Default test" finished-at="2024-07-18T14:37:13 IST" duration-ms="227">
      <class name="com.advaita.TestCreate.TestMasterMenusCreate">
        <test-method is-config="true" signature="setUp()[pri:0, instance:com.advaita.TestCreate.TestMasterMenusCreate@49ec71f8]" started-at="2024-07-18T14:37:13 IST" name="setUp" finished-at="2024-07-18T14:37:13 IST" duration-ms="106" status="FAIL">
          <exception class="java.lang.NoSuchMethodError">
            <message>
              <![CDATA['org.openqa.selenium.manager.SeleniumManagerOutput$Result org.openqa.selenium.remote.service.DriverFinder.getPath(org.openqa.selenium.remote.service.DriverService, org.openqa.selenium.Capabilities)']]>
            </message>
            <full-stacktrace>
              <![CDATA[java.lang.NoSuchMethodError: 'org.openqa.selenium.manager.SeleniumManagerOutput$Result org.openqa.selenium.remote.service.DriverFinder.getPath(org.openqa.selenium.remote.service.DriverService, org.openqa.selenium.Capabilities)'
at org.openqa.selenium.chrome.ChromeDriver.generateExecutor(ChromeDriver.java:100)
at org.openqa.selenium.chrome.ChromeDriver.<init>(ChromeDriver.java:89)
at org.openqa.selenium.chrome.ChromeDriver.<init>(ChromeDriver.java:84)
at org.openqa.selenium.chrome.ChromeDriver.<init>(ChromeDriver.java:73)
at com.advaita.BaseClass.TestBase.initialization(TestBase.java:50)
at com.advaita.TestCreate.TestMasterMenusCreate.setUp(TestMasterMenusCreate.java:41)
at java.base/jdk.internal.reflect.DirectMethodHandleAccessor.invoke(DirectMethodHandleAccessor.java:103)
at java.base/java.lang.reflect.Method.invoke(Method.java:580)
at org.testng.internal.MethodInvocationHelper.invokeMethod(MethodInvocationHelper.java:133)
at org.testng.internal.MethodInvocationHelper.invokeMethodConsideringTimeout(MethodInvocationHelper.java:62)
at org.testng.internal.ConfigInvoker.invokeConfigurationMethod(ConfigInvoker.java:385)
at org.testng.internal.ConfigInvoker.invokeConfigurations(ConfigInvoker.java:321)
at org.testng.TestRunner.invokeTestConfigurations(TestRunner.java:637)
at org.testng.TestRunner.beforeRun(TestRunner.java:627)
at org.testng.TestRunner.run(TestRunner.java:589)
at org.testng.SuiteRunner.runTest(SuiteRunner.java:377)
at org.testng.SuiteRunner.runSequentially(SuiteRunner.java:371)
at org.testng.SuiteRunner.privateRun(SuiteRunner.java:332)
at org.testng.SuiteRunner.run(SuiteRunner.java:276)
at org.testng.SuiteRunnerWorker.runSuite(SuiteRunnerWorker.java:53)
at org.testng.SuiteRunnerWorker.run(SuiteRunnerWorker.java:96)
at org.testng.TestNG.runSuitesSequentially(TestNG.java:1212)
at org.testng.TestNG.runSuitesLocally(TestNG.java:1134)
at org.testng.TestNG.runSuites(TestNG.java:1063)
at org.testng.TestNG.run(TestNG.java:1031)
at org.testng.remote.AbstractRemoteTestNG.run(AbstractRemoteTestNG.java:115)
at org.testng.remote.RemoteTestNG.initAndRun(RemoteTestNG.java:251)
at org.testng.remote.RemoteTestNG.main(RemoteTestNG.java:77)
]]>
            </full-stacktrace>
          </exception> <!-- java.lang.NoSuchMethodError -->
          <reporter-output>
          </reporter-output>
        </test-method> <!-- setUp -->
        <test-method signature="verifyNavigateToMasterMenus()[pri:1, instance:com.advaita.TestCreate.TestMasterMenusCreate@49ec71f8]" started-at="2024-07-18T14:37:13 IST" name="verifyNavigateToMasterMenus" finished-at="2024-07-18T14:37:13 IST" duration-ms="0" status="SKIP">
          <exception class="java.lang.NoSuchMethodError">
            <message>
              <![CDATA['org.openqa.selenium.manager.SeleniumManagerOutput$Result org.openqa.selenium.remote.service.DriverFinder.getPath(org.openqa.selenium.remote.service.DriverService, org.openqa.selenium.Capabilities)']]>
            </message>
            <full-stacktrace>
              <![CDATA[java.lang.NoSuchMethodError: 'org.openqa.selenium.manager.SeleniumManagerOutput$Result org.openqa.selenium.remote.service.DriverFinder.getPath(org.openqa.selenium.remote.service.DriverService, org.openqa.selenium.Capabilities)'
at org.openqa.selenium.chrome.ChromeDriver.generateExecutor(ChromeDriver.java:100)
at org.openqa.selenium.chrome.ChromeDriver.<init>(ChromeDriver.java:89)
at org.openqa.selenium.chrome.ChromeDriver.<init>(ChromeDriver.java:84)
at org.openqa.selenium.chrome.ChromeDriver.<init>(ChromeDriver.java:73)
at com.advaita.BaseClass.TestBase.initialization(TestBase.java:50)
at com.advaita.TestCreate.TestMasterMenusCreate.setUp(TestMasterMenusCreate.java:41)
at java.base/jdk.internal.reflect.DirectMethodHandleAccessor.invoke(DirectMethodHandleAccessor.java:103)
at java.base/java.lang.reflect.Method.invoke(Method.java:580)
at org.testng.internal.MethodInvocationHelper.invokeMethod(MethodInvocationHelper.java:133)
at org.testng.internal.MethodInvocationHelper.invokeMethodConsideringTimeout(MethodInvocationHelper.java:62)
at org.testng.internal.ConfigInvoker.invokeConfigurationMethod(ConfigInvoker.java:385)
at org.testng.internal.ConfigInvoker.invokeConfigurations(ConfigInvoker.java:321)
at org.testng.TestRunner.invokeTestConfigurations(TestRunner.java:637)
at org.testng.TestRunner.beforeRun(TestRunner.java:627)
at org.testng.TestRunner.run(TestRunner.java:589)
at org.testng.SuiteRunner.runTest(SuiteRunner.java:377)
at org.testng.SuiteRunner.runSequentially(SuiteRunner.java:371)
at org.testng.SuiteRunner.privateRun(SuiteRunner.java:332)
at org.testng.SuiteRunner.run(SuiteRunner.java:276)
at org.testng.SuiteRunnerWorker.runSuite(SuiteRunnerWorker.java:53)
at org.testng.SuiteRunnerWorker.run(SuiteRunnerWorker.java:96)
at org.testng.TestNG.runSuitesSequentially(TestNG.java:1212)
at org.testng.TestNG.runSuitesLocally(TestNG.java:1134)
at org.testng.TestNG.runSuites(TestNG.java:1063)
at org.testng.TestNG.run(TestNG.java:1031)
at org.testng.remote.AbstractRemoteTestNG.run(AbstractRemoteTestNG.java:115)
at org.testng.remote.RemoteTestNG.initAndRun(RemoteTestNG.java:251)
at org.testng.remote.RemoteTestNG.main(RemoteTestNG.java:77)
]]>
            </full-stacktrace>
          </exception> <!-- java.lang.NoSuchMethodError -->
          <reporter-output>
          </reporter-output>
        </test-method> <!-- verifyNavigateToMasterMenus -->
        <test-method is-config="true" signature="getResult(org.testng.ITestResult)[pri:0, instance:com.advaita.TestCreate.TestMasterMenusCreate@49ec71f8]" started-at="2024-07-18T14:37:13 IST" name="getResult" finished-at="1970-01-01T05:30:00 IST" duration-ms="-1721293633731" status="SKIP">
          <reporter-output>
          </reporter-output>
        </test-method> <!-- getResult -->
        <test-method signature="verifyCreateMasterMenusButton()[pri:2, instance:com.advaita.TestCreate.TestMasterMenusCreate@49ec71f8]" started-at="2024-07-18T14:37:13 IST" name="verifyCreateMasterMenusButton" finished-at="2024-07-18T14:37:13 IST" duration-ms="0" status="SKIP">
          <exception class="java.lang.NoSuchMethodError">
            <message>
              <![CDATA['org.openqa.selenium.manager.SeleniumManagerOutput$Result org.openqa.selenium.remote.service.DriverFinder.getPath(org.openqa.selenium.remote.service.DriverService, org.openqa.selenium.Capabilities)']]>
            </message>
            <full-stacktrace>
              <![CDATA[java.lang.NoSuchMethodError: 'org.openqa.selenium.manager.SeleniumManagerOutput$Result org.openqa.selenium.remote.service.DriverFinder.getPath(org.openqa.selenium.remote.service.DriverService, org.openqa.selenium.Capabilities)'
at org.openqa.selenium.chrome.ChromeDriver.generateExecutor(ChromeDriver.java:100)
at org.openqa.selenium.chrome.ChromeDriver.<init>(ChromeDriver.java:89)
at org.openqa.selenium.chrome.ChromeDriver.<init>(ChromeDriver.java:84)
at org.openqa.selenium.chrome.ChromeDriver.<init>(ChromeDriver.java:73)
at com.advaita.BaseClass.TestBase.initialization(TestBase.java:50)
at com.advaita.TestCreate.TestMasterMenusCreate.setUp(TestMasterMenusCreate.java:41)
at java.base/jdk.internal.reflect.DirectMethodHandleAccessor.invoke(DirectMethodHandleAccessor.java:103)
at java.base/java.lang.reflect.Method.invoke(Method.java:580)
at org.testng.internal.MethodInvocationHelper.invokeMethod(MethodInvocationHelper.java:133)
at org.testng.internal.MethodInvocationHelper.invokeMethodConsideringTimeout(MethodInvocationHelper.java:62)
at org.testng.internal.ConfigInvoker.invokeConfigurationMethod(ConfigInvoker.java:385)
at org.testng.internal.ConfigInvoker.invokeConfigurations(ConfigInvoker.java:321)
at org.testng.TestRunner.invokeTestConfigurations(TestRunner.java:637)
at org.testng.TestRunner.beforeRun(TestRunner.java:627)
at org.testng.TestRunner.run(TestRunner.java:589)
at org.testng.SuiteRunner.runTest(SuiteRunner.java:377)
at org.testng.SuiteRunner.runSequentially(SuiteRunner.java:371)
at org.testng.SuiteRunner.privateRun(SuiteRunner.java:332)
at org.testng.SuiteRunner.run(SuiteRunner.java:276)
at org.testng.SuiteRunnerWorker.runSuite(SuiteRunnerWorker.java:53)
at org.testng.SuiteRunnerWorker.run(SuiteRunnerWorker.java:96)
at org.testng.TestNG.runSuitesSequentially(TestNG.java:1212)
at org.testng.TestNG.runSuitesLocally(TestNG.java:1134)
at org.testng.TestNG.runSuites(TestNG.java:1063)
at org.testng.TestNG.run(TestNG.java:1031)
at org.testng.remote.AbstractRemoteTestNG.run(AbstractRemoteTestNG.java:115)
at org.testng.remote.RemoteTestNG.initAndRun(RemoteTestNG.java:251)
at org.testng.remote.RemoteTestNG.main(RemoteTestNG.java:77)
]]>
            </full-stacktrace>
          </exception> <!-- java.lang.NoSuchMethodError -->
          <reporter-output>
          </reporter-output>
        </test-method> <!-- verifyCreateMasterMenusButton -->
        <test-method is-config="true" signature="getResult(org.testng.ITestResult)[pri:0, instance:com.advaita.TestCreate.TestMasterMenusCreate@49ec71f8]" started-at="2024-07-18T14:37:13 IST" name="getResult" finished-at="1970-01-01T05:30:00 IST" duration-ms="-1721293633745" status="SKIP">
          <reporter-output>
          </reporter-output>
        </test-method> <!-- getResult -->
        <test-method signature="verifyMasterFormDropDown()[pri:3, instance:com.advaita.TestCreate.TestMasterMenusCreate@49ec71f8]" started-at="2024-07-18T14:37:13 IST" name="verifyMasterFormDropDown" finished-at="2024-07-18T14:37:13 IST" duration-ms="0" status="SKIP">
          <exception class="java.lang.NoSuchMethodError">
            <message>
              <![CDATA['org.openqa.selenium.manager.SeleniumManagerOutput$Result org.openqa.selenium.remote.service.DriverFinder.getPath(org.openqa.selenium.remote.service.DriverService, org.openqa.selenium.Capabilities)']]>
            </message>
            <full-stacktrace>
              <![CDATA[java.lang.NoSuchMethodError: 'org.openqa.selenium.manager.SeleniumManagerOutput$Result org.openqa.selenium.remote.service.DriverFinder.getPath(org.openqa.selenium.remote.service.DriverService, org.openqa.selenium.Capabilities)'
at org.openqa.selenium.chrome.ChromeDriver.generateExecutor(ChromeDriver.java:100)
at org.openqa.selenium.chrome.ChromeDriver.<init>(ChromeDriver.java:89)
at org.openqa.selenium.chrome.ChromeDriver.<init>(ChromeDriver.java:84)
at org.openqa.selenium.chrome.ChromeDriver.<init>(ChromeDriver.java:73)
at com.advaita.BaseClass.TestBase.initialization(TestBase.java:50)
at com.advaita.TestCreate.TestMasterMenusCreate.setUp(TestMasterMenusCreate.java:41)
at java.base/jdk.internal.reflect.DirectMethodHandleAccessor.invoke(DirectMethodHandleAccessor.java:103)
at java.base/java.lang.reflect.Method.invoke(Method.java:580)
at org.testng.internal.MethodInvocationHelper.invokeMethod(MethodInvocationHelper.java:133)
at org.testng.internal.MethodInvocationHelper.invokeMethodConsideringTimeout(MethodInvocationHelper.java:62)
at org.testng.internal.ConfigInvoker.invokeConfigurationMethod(ConfigInvoker.java:385)
at org.testng.internal.ConfigInvoker.invokeConfigurations(ConfigInvoker.java:321)
at org.testng.TestRunner.invokeTestConfigurations(TestRunner.java:637)
at org.testng.TestRunner.beforeRun(TestRunner.java:627)
at org.testng.TestRunner.run(TestRunner.java:589)
at org.testng.SuiteRunner.runTest(SuiteRunner.java:377)
at org.testng.SuiteRunner.runSequentially(SuiteRunner.java:371)
at org.testng.SuiteRunner.privateRun(SuiteRunner.java:332)
at org.testng.SuiteRunner.run(SuiteRunner.java:276)
at org.testng.SuiteRunnerWorker.runSuite(SuiteRunnerWorker.java:53)
at org.testng.SuiteRunnerWorker.run(SuiteRunnerWorker.java:96)
at org.testng.TestNG.runSuitesSequentially(TestNG.java:1212)
at org.testng.TestNG.runSuitesLocally(TestNG.java:1134)
at org.testng.TestNG.runSuites(TestNG.java:1063)
at org.testng.TestNG.run(TestNG.java:1031)
at org.testng.remote.AbstractRemoteTestNG.run(AbstractRemoteTestNG.java:115)
at org.testng.remote.RemoteTestNG.initAndRun(RemoteTestNG.java:251)
at org.testng.remote.RemoteTestNG.main(RemoteTestNG.java:77)
]]>
            </full-stacktrace>
          </exception> <!-- java.lang.NoSuchMethodError -->
          <reporter-output>
          </reporter-output>
        </test-method> <!-- verifyMasterFormDropDown -->
        <test-method is-config="true" signature="getResult(org.testng.ITestResult)[pri:0, instance:com.advaita.TestCreate.TestMasterMenusCreate@49ec71f8]" started-at="2024-07-18T14:37:13 IST" name="getResult" finished-at="1970-01-01T05:30:00 IST" duration-ms="-1721293633756" status="SKIP">
          <reporter-output>
          </reporter-output>
        </test-method> <!-- getResult -->
        <test-method signature="verifyMenuNameField()[pri:4, instance:com.advaita.TestCreate.TestMasterMenusCreate@49ec71f8]" started-at="2024-07-18T14:37:13 IST" name="verifyMenuNameField" finished-at="2024-07-18T14:37:13 IST" duration-ms="0" status="SKIP">
          <exception class="java.lang.NoSuchMethodError">
            <message>
              <![CDATA['org.openqa.selenium.manager.SeleniumManagerOutput$Result org.openqa.selenium.remote.service.DriverFinder.getPath(org.openqa.selenium.remote.service.DriverService, org.openqa.selenium.Capabilities)']]>
            </message>
            <full-stacktrace>
              <![CDATA[java.lang.NoSuchMethodError: 'org.openqa.selenium.manager.SeleniumManagerOutput$Result org.openqa.selenium.remote.service.DriverFinder.getPath(org.openqa.selenium.remote.service.DriverService, org.openqa.selenium.Capabilities)'
at org.openqa.selenium.chrome.ChromeDriver.generateExecutor(ChromeDriver.java:100)
at org.openqa.selenium.chrome.ChromeDriver.<init>(ChromeDriver.java:89)
at org.openqa.selenium.chrome.ChromeDriver.<init>(ChromeDriver.java:84)
at org.openqa.selenium.chrome.ChromeDriver.<init>(ChromeDriver.java:73)
at com.advaita.BaseClass.TestBase.initialization(TestBase.java:50)
at com.advaita.TestCreate.TestMasterMenusCreate.setUp(TestMasterMenusCreate.java:41)
at java.base/jdk.internal.reflect.DirectMethodHandleAccessor.invoke(DirectMethodHandleAccessor.java:103)
at java.base/java.lang.reflect.Method.invoke(Method.java:580)
at org.testng.internal.MethodInvocationHelper.invokeMethod(MethodInvocationHelper.java:133)
at org.testng.internal.MethodInvocationHelper.invokeMethodConsideringTimeout(MethodInvocationHelper.java:62)
at org.testng.internal.ConfigInvoker.invokeConfigurationMethod(ConfigInvoker.java:385)
at org.testng.internal.ConfigInvoker.invokeConfigurations(ConfigInvoker.java:321)
at org.testng.TestRunner.invokeTestConfigurations(TestRunner.java:637)
at org.testng.TestRunner.beforeRun(TestRunner.java:627)
at org.testng.TestRunner.run(TestRunner.java:589)
at org.testng.SuiteRunner.runTest(SuiteRunner.java:377)
at org.testng.SuiteRunner.runSequentially(SuiteRunner.java:371)
at org.testng.SuiteRunner.privateRun(SuiteRunner.java:332)
at org.testng.SuiteRunner.run(SuiteRunner.java:276)
at org.testng.SuiteRunnerWorker.runSuite(SuiteRunnerWorker.java:53)
at org.testng.SuiteRunnerWorker.run(SuiteRunnerWorker.java:96)
at org.testng.TestNG.runSuitesSequentially(TestNG.java:1212)
at org.testng.TestNG.runSuitesLocally(TestNG.java:1134)
at org.testng.TestNG.runSuites(TestNG.java:1063)
at org.testng.TestNG.run(TestNG.java:1031)
at org.testng.remote.AbstractRemoteTestNG.run(AbstractRemoteTestNG.java:115)
at org.testng.remote.RemoteTestNG.initAndRun(RemoteTestNG.java:251)
at org.testng.remote.RemoteTestNG.main(RemoteTestNG.java:77)
]]>
            </full-stacktrace>
          </exception> <!-- java.lang.NoSuchMethodError -->
          <reporter-output>
          </reporter-output>
        </test-method> <!-- verifyMenuNameField -->
        <test-method is-config="true" signature="getResult(org.testng.ITestResult)[pri:0, instance:com.advaita.TestCreate.TestMasterMenusCreate@49ec71f8]" started-at="2024-07-18T14:37:13 IST" name="getResult" finished-at="1970-01-01T05:30:00 IST" duration-ms="-1721293633770" status="SKIP">
          <reporter-output>
          </reporter-output>
        </test-method> <!-- getResult -->
        <test-method signature="verifyMasterMenuSaveButton()[pri:5, instance:com.advaita.TestCreate.TestMasterMenusCreate@49ec71f8]" started-at="2024-07-18T14:37:13 IST" name="verifyMasterMenuSaveButton" finished-at="2024-07-18T14:37:13 IST" duration-ms="0" status="SKIP">
          <exception class="java.lang.NoSuchMethodError">
            <message>
              <![CDATA['org.openqa.selenium.manager.SeleniumManagerOutput$Result org.openqa.selenium.remote.service.DriverFinder.getPath(org.openqa.selenium.remote.service.DriverService, org.openqa.selenium.Capabilities)']]>
            </message>
            <full-stacktrace>
              <![CDATA[java.lang.NoSuchMethodError: 'org.openqa.selenium.manager.SeleniumManagerOutput$Result org.openqa.selenium.remote.service.DriverFinder.getPath(org.openqa.selenium.remote.service.DriverService, org.openqa.selenium.Capabilities)'
at org.openqa.selenium.chrome.ChromeDriver.generateExecutor(ChromeDriver.java:100)
at org.openqa.selenium.chrome.ChromeDriver.<init>(ChromeDriver.java:89)
at org.openqa.selenium.chrome.ChromeDriver.<init>(ChromeDriver.java:84)
at org.openqa.selenium.chrome.ChromeDriver.<init>(ChromeDriver.java:73)
at com.advaita.BaseClass.TestBase.initialization(TestBase.java:50)
at com.advaita.TestCreate.TestMasterMenusCreate.setUp(TestMasterMenusCreate.java:41)
at java.base/jdk.internal.reflect.DirectMethodHandleAccessor.invoke(DirectMethodHandleAccessor.java:103)
at java.base/java.lang.reflect.Method.invoke(Method.java:580)
at org.testng.internal.MethodInvocationHelper.invokeMethod(MethodInvocationHelper.java:133)
at org.testng.internal.MethodInvocationHelper.invokeMethodConsideringTimeout(MethodInvocationHelper.java:62)
at org.testng.internal.ConfigInvoker.invokeConfigurationMethod(ConfigInvoker.java:385)
at org.testng.internal.ConfigInvoker.invokeConfigurations(ConfigInvoker.java:321)
at org.testng.TestRunner.invokeTestConfigurations(TestRunner.java:637)
at org.testng.TestRunner.beforeRun(TestRunner.java:627)
at org.testng.TestRunner.run(TestRunner.java:589)
at org.testng.SuiteRunner.runTest(SuiteRunner.java:377)
at org.testng.SuiteRunner.runSequentially(SuiteRunner.java:371)
at org.testng.SuiteRunner.privateRun(SuiteRunner.java:332)
at org.testng.SuiteRunner.run(SuiteRunner.java:276)
at org.testng.SuiteRunnerWorker.runSuite(SuiteRunnerWorker.java:53)
at org.testng.SuiteRunnerWorker.run(SuiteRunnerWorker.java:96)
at org.testng.TestNG.runSuitesSequentially(TestNG.java:1212)
at org.testng.TestNG.runSuitesLocally(TestNG.java:1134)
at org.testng.TestNG.runSuites(TestNG.java:1063)
at org.testng.TestNG.run(TestNG.java:1031)
at org.testng.remote.AbstractRemoteTestNG.run(AbstractRemoteTestNG.java:115)
at org.testng.remote.RemoteTestNG.initAndRun(RemoteTestNG.java:251)
at org.testng.remote.RemoteTestNG.main(RemoteTestNG.java:77)
]]>
            </full-stacktrace>
          </exception> <!-- java.lang.NoSuchMethodError -->
          <reporter-output>
          </reporter-output>
        </test-method> <!-- verifyMasterMenuSaveButton -->
        <test-method is-config="true" signature="getResult(org.testng.ITestResult)[pri:0, instance:com.advaita.TestCreate.TestMasterMenusCreate@49ec71f8]" started-at="2024-07-18T14:37:13 IST" name="getResult" finished-at="1970-01-01T05:30:00 IST" duration-ms="-1721293633783" status="SKIP">
          <reporter-output>
          </reporter-output>
        </test-method> <!-- getResult -->
        <test-method is-config="true" signature="tearDown()[pri:0, instance:com.advaita.TestCreate.TestMasterMenusCreate@49ec71f8]" started-at="2024-07-18T14:37:13 IST" name="tearDown" finished-at="1970-01-01T05:30:00 IST" duration-ms="-1721293633787" status="SKIP">
          <reporter-output>
          </reporter-output>
        </test-method> <!-- tearDown -->
      </class> <!-- com.advaita.TestCreate.TestMasterMenusCreate -->
    </test> <!-- Default test -->
  </suite> <!-- Default suite -->
</testng-results>
