<?xml version="1.0" encoding="UTF-8"?>
<testng-results ignored="12" total="13" passed="1" failed="0" skipped="0">
  <reporter-output>
  </reporter-output>
  <suite started-at="2024-06-11T21:27:50 IST" name="Default suite" finished-at="2024-06-11T21:28:04 IST" duration-ms="14166">
    <groups>
    </groups>
    <test started-at="2024-06-11T21:27:50 IST" name="Default test" finished-at="2024-06-11T21:28:04 IST" duration-ms="14166">
      <class name="com.advaita.TestCase.StageTest">
        <test-method is-config="true" signature="setup()[pri:0, instance:com.advaita.TestCase.StageTest@53aac487]" started-at="2024-06-11T21:27:50 IST" name="setup" finished-at="2024-06-11T21:27:58 IST" duration-ms="8606" status="PASS">
          <reporter-output>
          </reporter-output>
        </test-method> <!-- setup -->
        <test-method signature="testMonthsInDatePicker()[pri:0, instance:com.advaita.TestCase.StageTest@53aac487]" started-at="2024-06-11T21:27:59 IST" name="testMonthsInDatePicker" finished-at="2024-06-11T21:28:03 IST" duration-ms="4728" status="PASS">
          <reporter-output>
          </reporter-output>
        </test-method> <!-- testMonthsInDatePicker -->
        <test-method is-config="true" signature="tearDown()[pri:0, instance:com.advaita.TestCase.StageTest@53aac487]" started-at="2024-06-11T21:28:03 IST" name="tearDown" finished-at="2024-06-11T21:28:04 IST" duration-ms="674" status="PASS">
          <reporter-output>
          </reporter-output>
        </test-method> <!-- tearDown -->
      </class> <!-- com.advaita.TestCase.StageTest -->
    </test> <!-- Default test -->
  </suite> <!-- Default suite -->
</testng-results>
